{"ImageLoaded":"C:\\Windows\\System32\\sechost.dll","SeverityValue":2,"EventReceivedTime":"2020-09-21 19:18:52","EventID":7,"ProviderGuid":"{5770385F-C22A-43E0-BF4C-06F5698FFBD9}","ExecutionProcessID":3172,"Channel":"Microsoft-Windows-Sysmon/Operational","host":"wec.internal.cloudapp.net","AccountType":"User","ProcessGuid":"{b34bc01c-34db-5f69-7801-000000000900}","Opcode":"Info","EventTime":"2020-09-21 19:18:51","Signed":"true","SourceModuleType":"im_msvistalog","AccountName":"SYSTEM","Domain":"NT AUTHORITY","@version":"1","OpcodeValue":0,"SignatureStatus":"Valid","Severity":"INFO","Hashes":"SHA1=A330EDE32DFA03AE6808EE7FB6916D8DEB8F5DDE,MD5=A094E2B38D3DD864B07580D243CB6E43,SHA256=C441E19D20961D4E990E117A300ED318BEDBF2F8BA0FF07BEE7832AC502CDDF2,IMPHASH=CE4BD072766253F6A267D0284CA82002","SourceName":"Microsoft-Windows-Sysmon","Description":"Host for SCM/SDDL/LSA Lookup APIs","Category":"Image loaded (rule: ImageLoad)","Company":"Microsoft Corporation","Keywords":-9223372036854775808,"FileVersion":"10.0.18362.959 (WinBuild.160101.0800)","UserID":"S-1-5-18","ThreadID":4048,"EventType":"INFO","@timestamp":"2020-09-21T23:18:52.396Z","port":64545,"RecordNumber":3227012,"Task":7,"Signature":"Microsoft Windows","SourceModuleName":"eventlog","Version":3,"Product":"Microsoft Windows Operating System","Image":"C:\\Windows\\System32\\net1.exe","OriginalFileName":"sechost.dll","UtcTime":"2020-09-21 23:18:51.880","Hostname":"WORKSTATION5.theshire.local","RuleName":"-","tags":["mordorDataset"]}
{"ImageLoaded":"C:\\Windows\\System32\\rpcrt4.dll","SeverityValue":2,"EventReceivedTime":"2020-09-21 19:18:52","EventID":7,"ProviderGuid":"{5770385F-C22A-43E0-BF4C-06F5698FFBD9}","ExecutionProcessID":3172,"Channel":"Microsoft-Windows-Sysmon/Operational","host":"wec.internal.cloudapp.net","AccountType":"User","ProcessGuid":"{b34bc01c-34db-5f69-7801-000000000900}","Opcode":"Info","EventTime":"2020-09-21 19:18:51","Signed":"true","SourceModuleType":"im_msvistalog","AccountName":"SYSTEM","Domain":"NT AUTHORITY","@version":"1","OpcodeValue":0,"SignatureStatus":"Valid","Severity":"INFO","Hashes":"SHA1=863C24BD6E91FDCDEDE1124EFC93FDD1564F0C23,MD5=61C41B28689BB516F1CFC880507C839B,SHA256=DAF391DB91AC04B50A0C896963F5120A52C8B1B4999BF37BE80AB025AB116700,IMPHASH=88E7E7C7FA90052EC162DD37F2B7C7BD","SourceName":"Microsoft-Windows-Sysmon","Description":"Remote Procedure Call Runtime","Category":"Image loaded (rule: ImageLoad)","Company":"Microsoft Corporation","Keywords":-9223372036854775808,"FileVersion":"10.0.18362.1082 (WinBuild.160101.0800)","UserID":"S-1-5-18","ThreadID":4048,"EventType":"INFO","@timestamp":"2020-09-21T23:18:52.396Z","port":64545,"RecordNumber":3227013,"Task":7,"Signature":"Microsoft Windows","SourceModuleName":"eventlog","Version":3,"Product":"Microsoft Windows Operating System","Image":"C:\\Windows\\System32\\net1.exe","OriginalFileName":"rpcrt4.dll","UtcTime":"2020-09-21 23:18:51.880","Hostname":"WORKSTATION5.theshire.local","RuleName":"-","tags":["mordorDataset"]}
{"ImageLoaded":"C:\\Windows\\System32\\samcli.dll","SeverityValue":2,"EventReceivedTime":"2020-09-21 19:18:52","EventID":7,"ProviderGuid":"{5770385F-C22A-43E0-BF4C-06F5698FFBD9}","ExecutionProcessID":3172,"Channel":"Microsoft-Windows-Sysmon/Operational","host":"wec.internal.cloudapp.net","AccountType":"User","ProcessGuid":"{b34bc01c-34db-5f69-7801-000000000900}","Opcode":"Info","EventTime":"2020-09-21 19:18:51","Signed":"true","SourceModuleType":"im_msvistalog","AccountName":"SYSTEM","Domain":"NT AUTHORITY","@version":"1","OpcodeValue":0,"SignatureStatus":"Valid","Severity":"INFO","Hashes":"SHA1=18E6AFD6B9FEB79D872298A7F8800BFB28B14BA6,MD5=BA0B10749BAE470BD0AB33ED3E0ACA71,SHA256=B048B7037474926559CBF17BB19F3E7D571A2456823568E6068E50407E471120,IMPHASH=EE4C0C2CFFD7F999EC0FAF1376D518DD","SourceName":"Microsoft-Windows-Sysmon","Description":"Security Accounts Manager Client DLL","Category":"Image loaded (rule: ImageLoad)","Company":"Microsoft Corporation","Keywords":-9223372036854775808,"FileVersion":"10.0.18362.1 (WinBuild.160101.0800)","UserID":"S-1-5-18","ThreadID":4048,"EventType":"INFO","@timestamp":"2020-09-21T23:18:52.396Z","port":64545,"RecordNumber":3227014,"Task":7,"Signature":"Microsoft Windows","SourceModuleName":"eventlog","Version":3,"Product":"Microsoft Windows Operating System","Image":"C:\\Windows\\System32\\net1.exe","OriginalFileName":"SAMCLI.DLL","UtcTime":"2020-09-21 23:18:51.880","Hostname":"WORKSTATION5.theshire.local","RuleName":"-","tags":["mordorDataset"]}
{"ImageLoaded":"C:\\Windows\\System32\\netutils.dll","SeverityValue":2,"EventReceivedTime":"2020-09-21 19:18:52","EventID":7,"ProviderGuid":"{5770385F-C22A-43E0-BF4C-06F5698FFBD9}","ExecutionProcessID":3172,"Channel":"Microsoft-Windows-Sysmon/Operational","host":"wec.internal.cloudapp.net","AccountType":"User","ProcessGuid":"{b34bc01c-34db-5f69-7801-000000000900}","Opcode":"Info","EventTime":"2020-09-21 19:18:51","Signed":"true","SourceModuleType":"im_msvistalog","AccountName":"SYSTEM","Domain":"NT AUTHORITY","@version":"1","OpcodeValue":0,"SignatureStatus":"Valid","Severity":"INFO","Hashes":"SHA1=F2859AF15CED4F162359CC8C1BA1B1FE85DC8867,MD5=56B24BF15E6E88A2D6EF9AFC26BF7FCF,SHA256=74DC0C738188BBF385E9C3295C9904A6CEF4A947AFB71F2A0825037BBB27C92A,IMPHASH=06BB7C9ADD27BBA7B9DE3ADCE76673AB","SourceName":"Microsoft-Windows-Sysmon","Description":"Net Win32 API Helpers DLL","Category":"Image loaded (rule: ImageLoad)","Company":"Microsoft Corporation","Keywords":-9223372036854775808,"FileVersion":"10.0.18362.1 (WinBuild.160101.0800)","UserID":"S-1-5-18","ThreadID":4048,"EventType":"INFO","@timestamp":"2020-09-21T23:18:52.397Z","port":64545,"RecordNumber":3227015,"Task":7,"Signature":"Microsoft Windows","SourceModuleName":"eventlog","Version":3,"Product":"Microsoft Windows Operating System","Image":"C:\\Windows\\System32\\net1.exe","OriginalFileName":"NETUTILS.DLL","UtcTime":"2020-09-21 23:18:51.880","Hostname":"WORKSTATION5.theshire.local","RuleName":"-","tags":["mordorDataset"]}
{"ImageLoaded":"C:\\Windows\\System32\\ucrtbase.dll","SeverityValue":2,"EventReceivedTime":"2020-09-21 19:18:52","EventID":7,"ProviderGuid":"{5770385F-C22A-43E0-BF4C-06F5698FFBD9}","ExecutionProcessID":3172,"Channel":"Microsoft-Windows-Sysmon/Operational","host":"wec.internal.cloudapp.net","AccountType":"User","ProcessGuid":"{b34bc01c-34db-5f69-7801-000000000900}","Opcode":"Info","EventTime":"2020-09-21 19:18:51","Signed":"true","SourceModuleType":"im_msvistalog","AccountName":"SYSTEM","Domain":"NT AUTHORITY","@version":"1","OpcodeValue":0,"SignatureStatus":"Valid","Severity":"INFO","Hashes":"SHA1=53F8B431D10FDB2C001D58120280A417B01073BE,MD5=F0DA14E390F0CCB58EAAD34D9B309E4B,SHA256=7EE229626B22799FAA28CD7C22D4FF2AD0603C17E5F5EE9086FA7CF6483331FB,IMPHASH=5AE9A136FAFA10321F3D48251BF4F6A1","SourceName":"Microsoft-Windows-Sysmon","Description":"Microsoft C Runtime Library","Category":"Image loaded (rule: ImageLoad)","Company":"Microsoft Corporation","Keywords":-9223372036854775808,"FileVersion":"10.0.18362.815 (WinBuild.160101.0800)","UserID":"S-1-5-18","ThreadID":4048,"EventType":"INFO","@timestamp":"2020-09-21T23:18:52.397Z","port":64545,"RecordNumber":3227016,"Task":7,"Signature":"Microsoft Windows","SourceModuleName":"eventlog","Version":3,"Product":"Microsoft Windows Operating System","Image":"C:\\Windows\\System32\\net1.exe","OriginalFileName":"ucrtbase.dll","UtcTime":"2020-09-21 23:18:51.880","Hostname":"WORKSTATION5.theshire.local","RuleName":"-","tags":["mordorDataset"]}
{"ImageLoaded":"C:\\Windows\\System32\\srvcli.dll","SeverityValue":2,"EventReceivedTime":"2020-09-21 19:18:52","EventID":7,"ProviderGuid":"{5770385F-C22A-43E0-BF4C-06F5698FFBD9}","ExecutionProcessID":3172,"Channel":"Microsoft-Windows-Sysmon/Operational","host":"wec.internal.cloudapp.net","AccountType":"User","ProcessGuid":"{b34bc01c-34db-5f69-7801-000000000900}","Opcode":"Info","EventTime":"2020-09-21 19:18:51","Signed":"true","SourceModuleType":"im_msvistalog","AccountName":"SYSTEM","Domain":"NT AUTHORITY","@version":"1","OpcodeValue":0,"SignatureStatus":"Valid","Severity":"INFO","Hashes":"SHA1=362C9F3CF727083176FAFA9F1C617DBB74A21D94,MD5=7EF028BF08D65A648CA1CCB990F56E76,SHA256=7C0BB0E011E290FEBEB41C12224C8D68809D41B38478A3FD570D040893D57BEF,IMPHASH=E32350B7225B622F35EF63D2D7D7E728","SourceName":"Microsoft-Windows-Sysmon","Description":"Server Service Client DLL","Category":"Image loaded (rule: ImageLoad)","Company":"Microsoft Corporation","Keywords":-9223372036854775808,"FileVersion":"10.0.18362.1 (WinBuild.160101.0800)","UserID":"S-1-5-18","ThreadID":4048,"EventType":"INFO","@timestamp":"2020-09-21T23:18:52.398Z","port":64545,"RecordNumber":3227017,"Task":7,"Signature":"Microsoft Windows","SourceModuleName":"eventlog","Version":3,"Product":"Microsoft Windows Operating System","Image":"C:\\Windows\\System32\\net1.exe","OriginalFileName":"SRVCLI.DLL","UtcTime":"2020-09-21 23:18:51.880","Hostname":"WORKSTATION5.theshire.local","RuleName":"-","tags":["mordorDataset"]}
{"ImageLoaded":"C:\\Windows\\System32\\dsrole.dll","SeverityValue":2,"EventReceivedTime":"2020-09-21 19:18:52","EventID":7,"ProviderGuid":"{5770385F-C22A-43E0-BF4C-06F5698FFBD9}","ExecutionProcessID":3172,"Channel":"Microsoft-Windows-Sysmon/Operational","host":"wec.internal.cloudapp.net","AccountType":"User","ProcessGuid":"{b34bc01c-34db-5f69-7801-000000000900}","Opcode":"Info","EventTime":"2020-09-21 19:18:51","Signed":"true","SourceModuleType":"im_msvistalog","AccountName":"SYSTEM","Domain":"NT AUTHORITY","@version":"1","OpcodeValue":0,"SignatureStatus":"Valid","Severity":"INFO","Hashes":"SHA1=89C99ECF6EEEBE6158E4853115E17E71730780D8,MD5=609AC3B4E090CB1894F56D978E74C4F1,SHA256=108A9798E55A91928F7FE8EBC5087EEDBB6C023D958F18A6CEFD46BA5399BE61,IMPHASH=CA2E5F1683005B67E0843A76EE3BADA8","SourceName":"Microsoft-Windows-Sysmon","Description":"DS Setup Client DLL","Category":"Image loaded (rule: ImageLoad)","Company":"Microsoft Corporation","Keywords":-9223372036854775808,"FileVersion":"10.0.18362.1 (WinBuild.160101.0800)","UserID":"S-1-5-18","ThreadID":4048,"EventType":"INFO","@timestamp":"2020-09-21T23:18:52.398Z","port":64545,"RecordNumber":3227018,"Task":7,"Signature":"Microsoft Windows","SourceModuleName":"eventlog","Version":3,"Product":"Microsoft Windows Operating System","Image":"C:\\Windows\\System32\\net1.exe","OriginalFileName":"DSROLE.DLL","UtcTime":"2020-09-21 23:18:51.880","Hostname":"WORKSTATION5.theshire.local","RuleName":"-","tags":["mordorDataset"]}
{"ImageLoaded":"C:\\Windows\\System32\\wkscli.dll","SeverityValue":2,"EventReceivedTime":"2020-09-21 19:18:52","EventID":7,"ProviderGuid":"{5770385F-C22A-43E0-BF4C-06F5698FFBD9}","ExecutionProcessID":3172,"Channel":"Microsoft-Windows-Sysmon/Operational","host":"wec.internal.cloudapp.net","AccountType":"User","ProcessGuid":"{b34bc01c-34db-5f69-7801-000000000900}","Opcode":"Info","EventTime":"2020-09-21 19:18:51","Signed":"true","SourceModuleType":"im_msvistalog","AccountName":"SYSTEM","Domain":"NT AUTHORITY","@version":"1","OpcodeValue":0,"SignatureStatus":"Valid","Severity":"INFO","Hashes":"SHA1=A857A75B030C2E2031EBFD26E23B2A8E69E4999A,MD5=9C24FF0EDBEB9DCDF269C0E8C2BA7EBB,SHA256=4E901CEA73190D8FA0F2A8AF40855215F8E4416CB5D9813BFF3E4432A4FC3F5C,IMPHASH=6C8F580B502F3E16CF5699B98EAEA4C9","SourceName":"Microsoft-Windows-Sysmon","Description":"Workstation Service Client DLL","Category":"Image loaded (rule: ImageLoad)","Company":"Microsoft Corporation","Keywords":-9223372036854775808,"FileVersion":"10.0.18362.1 (WinBuild.160101.0800)","UserID":"S-1-5-18","ThreadID":4048,"EventType":"INFO","@timestamp":"2020-09-21T23:18:52.399Z","port":64545,"RecordNumber":3227019,"Task":7,"Signature":"Microsoft Windows","SourceModuleName":"eventlog","Version":3,"Product":"Microsoft Windows Operating System","Image":"C:\\Windows\\System32\\net1.exe","OriginalFileName":"WKSCLI.DLL","UtcTime":"2020-09-21 23:18:51.880","Hostname":"WORKSTATION5.theshire.local","RuleName":"-","tags":["mordorDataset"]}
{"ImageLoaded":"C:\\Windows\\System32\\bcrypt.dll","SeverityValue":2,"EventReceivedTime":"2020-09-21 19:18:52","EventID":7,"ProviderGuid":"{5770385F-C22A-43E0-BF4C-06F5698FFBD9}","ExecutionProcessID":3172,"Channel":"Microsoft-Windows-Sysmon/Operational","host":"wec.internal.cloudapp.net","AccountType":"User","ProcessGuid":"{b34bc01c-34db-5f69-7801-000000000900}","Opcode":"Info","EventTime":"2020-09-21 19:18:51","Signed":"true","SourceModuleType":"im_msvistalog","AccountName":"SYSTEM","Domain":"NT AUTHORITY","@version":"1","OpcodeValue":0,"SignatureStatus":"Valid","Severity":"INFO","Hashes":"SHA1=421C35E0949143DE72C8F98776565D24815AD47E,MD5=F46778029BE7D755EBDCDF048EA62A4B,SHA256=907A4D1D405283AD24BBA1F9A763C5118A33574F3E0EC7FC543F65B24CC0A748,IMPHASH=E5649DCD6FA9472DB9A89CCD123913C0","SourceName":"Microsoft-Windows-Sysmon","Description":"Windows Cryptographic Primitives Library","Category":"Image loaded (rule: ImageLoad)","Company":"Microsoft Corporation","Keywords":-9223372036854775808,"FileVersion":"10.0.18362.267 (WinBuild.160101.0800)","UserID":"S-1-5-18","ThreadID":4048,"EventType":"INFO","@timestamp":"2020-09-21T23:18:52.400Z","port":64545,"RecordNumber":3227020,"Task":7,"Signature":"Microsoft Windows","SourceModuleName":"eventlog","Version":3,"Product":"Microsoft Windows Operating System","Image":"C:\\Windows\\System32\\net1.exe","OriginalFileName":"bcrypt.dll","UtcTime":"2020-09-21 23:18:51.880","Hostname":"WORKSTATION5.theshire.local","RuleName":"-","tags":["mordorDataset"]}
{"ImageLoaded":"C:\\Windows\\System32\\logoncli.dll","SeverityValue":2,"EventReceivedTime":"2020-09-21 19:18:52","EventID":7,"ProviderGuid":"{5770385F-C22A-43E0-BF4C-06F5698FFBD9}","ExecutionProcessID":3172,"Channel":"Microsoft-Windows-Sysmon/Operational","host":"wec.internal.cloudapp.net","AccountType":"User","ProcessGuid":"{b34bc01c-34db-5f69-7801-000000000900}","Opcode":"Info","EventTime":"2020-09-21 19:18:51","Signed":"true","SourceModuleType":"im_msvistalog","AccountName":"SYSTEM","Domain":"NT AUTHORITY","@version":"1","OpcodeValue":0,"SignatureStatus":"Valid","Severity":"INFO","Hashes":"SHA1=7ECC71CB7CE9147DD657AB1AE35886BA7DC756B4,MD5=F6C3A9388EAA0F34A4F96B21C0758FD2,SHA256=922455AD67DB41092375EEBF257F2FAF7C4533F7D387C3BE148EC46314FE765F,IMPHASH=B27E185C2CB3C781CFC023BF7643672A","SourceName":"Microsoft-Windows-Sysmon","Description":"Net Logon Client DLL","Category":"Image loaded (rule: ImageLoad)","Company":"Microsoft Corporation","Keywords":-9223372036854775808,"FileVersion":"10.0.18362.959 (WinBuild.160101.0800)","UserID":"S-1-5-18","ThreadID":4048,"EventType":"INFO","@timestamp":"2020-09-21T23:18:52.400Z","port":64545,"RecordNumber":3227021,"Task":7,"Signature":"Microsoft Windows","SourceModuleName":"eventlog","Version":3,"Product":"Microsoft Windows Operating System","Image":"C:\\Windows\\System32\\net1.exe","OriginalFileName":"LOGONCLI.DLL","UtcTime":"2020-09-21 23:18:51.896","Hostname":"WORKSTATION5.theshire.local","RuleName":"-","tags":["mordorDataset"]}
{"ImageLoaded":"C:\\Windows\\System32\\net1.exe","SeverityValue":2,"EventReceivedTime":"2020-09-21 19:18:52","EventID":7,"ProviderGuid":"{5770385F-C22A-43E0-BF4C-06F5698FFBD9}","ExecutionProcessID":3172,"Channel":"Microsoft-Windows-Sysmon/Operational","host":"wec.internal.cloudapp.net","AccountType":"User","ProcessGuid":"{b34bc01c-34db-5f69-7801-000000000900}","Opcode":"Info","EventTime":"2020-09-21 19:18:51","Signed":"true","SourceModuleType":"im_msvistalog","AccountName":"SYSTEM","Domain":"NT AUTHORITY","@version":"1","OpcodeValue":0,"SignatureStatus":"Valid","Severity":"INFO","Hashes":"SHA1=F926F9421606D1AAADAF798DB2B3A0BD3009A2C3,MD5=3315CF38117D3CCBAC0B40EECC633FBB,SHA256=195A557E92A631E29ECF789C360A99C0F5D2D1BECEA33153CCA60E63D04CEE01,IMPHASH=D115CDECBD7EB553182EAD3D45F5816C","SourceName":"Microsoft-Windows-Sysmon","Description":"Net Command","Category":"Image loaded (rule: ImageLoad)","Company":"Microsoft Corporation","Keywords":-9223372036854775808,"FileVersion":"10.0.18362.997 (WinBuild.160101.0800)","UserID":"S-1-5-18","ThreadID":4052,"EventType":"INFO","@timestamp":"2020-09-21T23:18:52.401Z","port":64545,"RecordNumber":3227022,"Task":7,"Signature":"Microsoft Windows","SourceModuleName":"eventlog","Version":3,"Product":"Microsoft Windows Operating System","Image":"C:\\Windows\\System32\\net1.exe","OriginalFileName":"net1.exe","UtcTime":"2020-09-21 23:18:51.865","Hostname":"WORKSTATION5.theshire.local","RuleName":"-","tags":["mordorDataset"]}
{"ImageLoaded":"C:\\Windows\\System32\\bcryptprimitives.dll","SeverityValue":2,"EventReceivedTime":"2020-09-21 19:18:52","EventID":7,"ProviderGuid":"{5770385F-C22A-43E0-BF4C-06F5698FFBD9}","ExecutionProcessID":3172,"Channel":"Microsoft-Windows-Sysmon/Operational","host":"wec.internal.cloudapp.net","AccountType":"User","ProcessGuid":"{b34bc01c-34db-5f69-7801-000000000900}","Opcode":"Info","EventTime":"2020-09-21 19:18:51","Signed":"true","SourceModuleType":"im_msvistalog","AccountName":"SYSTEM","Domain":"NT AUTHORITY","@version":"1","OpcodeValue":0,"SignatureStatus":"Valid","Severity":"INFO","Hashes":"SHA1=B4222C8DC3274CFC3FE54F322D827B2F01FFF036,MD5=EF2BBEAFF07D32A2EC77FB4602FA9664,SHA256=6B47F3E88CDEDF8F31F91940E38A4544818C79D153323262F9F46B21F41D262C,IMPHASH=402DA460E2AC467F4489C588A9941032","SourceName":"Microsoft-Windows-Sysmon","Description":"Windows Cryptographic Primitives Library","Category":"Image loaded (rule: ImageLoad)","Company":"Microsoft Corporation","Keywords":-9223372036854775808,"FileVersion":"10.0.18362.836 (WinBuild.160101.0800)","UserID":"S-1-5-18","ThreadID":4048,"EventType":"INFO","@timestamp":"2020-09-21T23:18:52.402Z","port":64545,"RecordNumber":3227023,"Task":7,"Signature":"Microsoft Windows","SourceModuleName":"eventlog","Version":3,"Product":"Microsoft Windows Operating System","Image":"C:\\Windows\\System32\\net1.exe","OriginalFileName":"bcryptprimitives.dll","UtcTime":"2020-09-21 23:18:51.896","Hostname":"WORKSTATION5.theshire.local","RuleName":"-","tags":["mordorDataset"]}
{"Keywords":-9223372036854775808,"SeverityValue":2,"PipeName":"\\lsass","EventTypeOrignal":"INFO","EventID":18,"ProviderGuid":"{5770385F-C22A-43E0-BF4C-06F5698FFBD9}","ExecutionProcessID":3172,"host":"wec.internal.cloudapp.net","Channel":"Microsoft-Windows-Sysmon/Operational","UserID":"S-1-5-18","AccountType":"User","ThreadID":4048,"ProcessGuid":"{b34bc01c-34db-5f69-7801-000000000900}","EventReceivedTime":"2020-09-21 19:18:52","Opcode":"Info","EventTime":"2020-09-21 19:18:51","@timestamp":"2020-09-21T23:18:52.402Z","SourceModuleType":"im_msvistalog","port":64545,"AccountName":"SYSTEM","RecordNumber":3227024,"Task":18,"Domain":"NT AUTHORITY","@version":"1","OpcodeValue":0,"SourceModuleName":"eventlog","Severity":"INFO","SourceName":"Microsoft-Windows-Sysmon","Version":1,"Image":"C:\\windows\\system32\\net1.exe","Category":"Pipe Connected (rule: PipeEvent)","UtcTime":"2020-09-21 23:18:51.896","Hostname":"WORKSTATION5.theshire.local","RuleName":"-","tags":["mordorDataset"]}
{"ImageLoaded":"C:\\Windows\\System32\\cryptbase.dll","SeverityValue":2,"EventReceivedTime":"2020-09-21 19:18:52","EventID":7,"ProviderGuid":"{5770385F-C22A-43E0-BF4C-06F5698FFBD9}","ExecutionProcessID":3172,"Channel":"Microsoft-Windows-Sysmon/Operational","host":"wec.internal.cloudapp.net","AccountType":"User","ProcessGuid":"{b34bc01c-34db-5f69-7801-000000000900}","Opcode":"Info","EventTime":"2020-09-21 19:18:51","Signed":"true","SourceModuleType":"im_msvistalog","AccountName":"SYSTEM","Domain":"NT AUTHORITY","@version":"1","OpcodeValue":0,"SignatureStatus":"Valid","Severity":"INFO","Hashes":"SHA1=B6093663113CF33A76156CB3F6D4322514F00E4B,MD5=26887DE7D7D1928F52A452E3A63E55E8,SHA256=EA86D9754164CA2C01B4A7F81188B2490CEE1F350E177861A4702C92DFD6D066,IMPHASH=3F27E242D68FC14338677A25FAE441F7","SourceName":"Microsoft-Windows-Sysmon","Description":"Base cryptographic API DLL","Category":"Image loaded (rule: ImageLoad)","Company":"Microsoft Corporation","Keywords":-9223372036854775808,"FileVersion":"10.0.18362.1 (WinBuild.160101.0800)","UserID":"S-1-5-18","ThreadID":4052,"EventType":"INFO","@timestamp":"2020-09-21T23:18:52.402Z","port":64545,"RecordNumber":3227025,"Task":7,"Signature":"Microsoft Windows","SourceModuleName":"eventlog","Version":3,"Product":"Microsoft Windows Operating System","Image":"C:\\Windows\\System32\\net1.exe","OriginalFileName":"cryptbase.dll","UtcTime":"2020-09-21 23:18:51.896","Hostname":"WORKSTATION5.theshire.local","RuleName":"-","tags":["mordorDataset"]}
{"Keywords":-9223372036854775808,"SeverityValue":2,"SourceImage":"C:\\windows\\system32\\lsass.exe","EventID":10,"ProviderGuid":"{5770385F-C22A-43E0-BF4C-06F5698FFBD9}","ExecutionProcessID":3172,"Channel":"Microsoft-Windows-Sysmon/Operational","host":"wec.internal.cloudapp.net","AccountType":"User","UserID":"S-1-5-18","SourceProcessGUID":"{b34bc01c-226a-5f69-0c00-000000000900}","ThreadID":4048,"TargetImage":"C:\\windows\\system32\\net1.exe","GrantedAccess":"0x1000","EventType":"INFO","Opcode":"Info","EventTime":"2020-09-21 19:18:51","EventReceivedTime":"2020-09-21 19:18:53","@timestamp":"2020-09-21T23:18:53.393Z","SourceModuleType":"im_msvistalog","port":64545,"AccountName":"SYSTEM","RecordNumber":3227026,"SourceProcessId":"744","SourceThreadId":"2588","Task":10,"Domain":"NT AUTHORITY","@version":"1","OpcodeValue":0,"SourceModuleName":"eventlog","TargetProcessGUID":"{b34bc01c-34db-5f69-7801-000000000900}","Severity":"INFO","SourceName":"Microsoft-Windows-Sysmon","Version":3,"TargetProcessId":"8040","Category":"Process accessed (rule: ProcessAccess)","CallTrace":"C:\\windows\\SYSTEM32\\ntdll.dll+9c534|C:\\windows\\system32\\lsasrv.dll+32063|C:\\windows\\system32\\lsasrv.dll+30a65|C:\\windows\\SYSTEM32\\samsrv.dll+322c|C:\\windows\\SYSTEM32\\samsrv.dll+305f|C:\\windows\\SYSTEM32\\samsrv.dll+32d7|C:\\windows\\System32\\RPCRT4.dll+76a53|C:\\windows\\System32\\RPCRT4.dll+da036|C:\\windows\\System32\\RPCRT4.dll+37b1c|C:\\windows\\System32\\RPCRT4.dll+54998|C:\\windows\\System32\\RPCRT4.dll+2c951|C:\\windows\\System32\\RPCRT4.dll+2c20b|C:\\windows\\System32\\RPCRT4.dll+1a86f|C:\\windows\\System32\\RPCRT4.dll+19d1a|C:\\windows\\System32\\RPCRT4.dll+19301|C:\\windows\\System32\\RPCRT4.dll+18d6e|C:\\windows\\System32\\RPCRT4.dll+169a5|C:\\windows\\SYSTEM32\\ntdll.dll+333ed|C:\\windows\\SYSTEM32\\ntdll.dll+34142|C:\\windows\\System32\\KERNEL32.DLL+17bd4|C:\\windows\\SYSTEM32\\ntdll.dll+6ce51","UtcTime":"2020-09-21 23:18:51.896","Hostname":"WORKSTATION5.theshire.local","RuleName":"-","tags":["mordorDataset"]}
{"Keywords":-9223372036854775808,"SeverityValue":2,"EventReceivedTime":"2020-09-21 19:18:53","EventID":5,"ProviderGuid":"{5770385F-C22A-43E0-BF4C-06F5698FFBD9}","ExecutionProcessID":3172,"Channel":"Microsoft-Windows-Sysmon/Operational","host":"wec.internal.cloudapp.net","AccountType":"User","UserID":"S-1-5-18","ProcessGuid":"{b34bc01c-34db-5f69-7801-000000000900}","ThreadID":4048,"EventType":"INFO","Opcode":"Info","EventTime":"2020-09-21 19:18:51","@timestamp":"2020-09-21T23:18:53.393Z","SourceModuleType":"im_msvistalog","port":64545,"AccountName":"SYSTEM","RecordNumber":3227027,"Task":5,"Domain":"NT AUTHORITY","@version":"1","OpcodeValue":0,"SourceModuleName":"eventlog","Severity":"INFO","SourceName":"Microsoft-Windows-Sysmon","Version":3,"Image":"C:\\Windows\\System32\\net1.exe","Category":"Process terminated (rule: ProcessTerminate)","UtcTime":"2020-09-21 23:18:51.911","Hostname":"WORKSTATION5.theshire.local","RuleName":"-","tags":["mordorDataset"]}
{"ImageLoaded":"C:\\Windows\\System32\\samlib.dll","SeverityValue":2,"EventReceivedTime":"2020-09-21 19:18:53","EventID":7,"ProviderGuid":"{5770385F-C22A-43E0-BF4C-06F5698FFBD9}","ExecutionProcessID":3172,"Channel":"Microsoft-Windows-Sysmon/Operational","host":"wec.internal.cloudapp.net","AccountType":"User","ProcessGuid":"{b34bc01c-34db-5f69-7801-000000000900}","Opcode":"Info","EventTime":"2020-09-21 19:18:51","Signed":"true","SourceModuleType":"im_msvistalog","AccountName":"SYSTEM","Domain":"NT AUTHORITY","@version":"1","OpcodeValue":0,"SignatureStatus":"Valid","Severity":"INFO","Hashes":"SHA1=508CE06737747BC14DF3A4337F8A63B76472C629,MD5=0B4202913B86A44A0FAE7B80D425CDF8,SHA256=3501320367877A6EC814CAB179D329D41E32748F01973F5A053D5801DFC9594B,IMPHASH=3B8923EB77916A851639B50DFA19881B","SourceName":"Microsoft-Windows-Sysmon","Description":"SAM Library DLL","Category":"Image loaded (rule: ImageLoad)","Company":"Microsoft Corporation","Keywords":-9223372036854775808,"FileVersion":"10.0.18362.1049 (WinBuild.160101.0800)","UserID":"S-1-5-18","ThreadID":4052,"EventType":"INFO","@timestamp":"2020-09-21T23:18:53.393Z","port":64545,"RecordNumber":3227028,"Task":7,"Signature":"Microsoft Windows","SourceModuleName":"eventlog","Version":3,"Product":"Microsoft Windows Operating System","Image":"C:\\Windows\\System32\\net1.exe","OriginalFileName":"SAMLib.DLL","UtcTime":"2020-09-21 23:18:51.896","Hostname":"WORKSTATION5.theshire.local","RuleName":"-","tags":["mordorDataset"]}
{"Keywords":-9214364837600034816,"SeverityValue":2,"Application":"\\device\\harddiskvolume2\\windows\\system32\\svchost.exe","EventID":5158,"ProviderGuid":"{54849625-5478-4994-A5BA-3E3B0328C30D}","ExecutionProcessID":4,"Channel":"Security","host":"wec.internal.cloudapp.net","EventReceivedTime":"2020-09-21 19:18:53","ProcessId":"4072","ThreadID":1536,"EventType":"AUDIT_SUCCESS","Opcode":"Info","EventTime":"2020-09-21 19:18:51","Message":"The Windows Filtering Platform has permitted a bind to a local port.\r\n\r\nApplication Information:\r\n\tProcess ID:\t\t4072\r\n\tApplication Name:\t\\device\\harddiskvolume2\\windows\\system32\\svchost.exe\r\n\r\nNetwork Information:\r\n\tSource Address:\t\t0.0.0.0\r\n\tSource Port:\t\t50453\r\n\tProtocol:\t\t6\r\n\r\nFilter Information:\r\n\tFilter Run-Time ID:\t0\r\n\tLayer Name:\t\tResource Assignment\r\n\tLayer Run-Time ID:\t36","FilterRTID":"0","@timestamp":"2020-09-21T23:18:53.394Z","LayerRTID":"36","SourceModuleType":"im_msvistalog","port":64545,"RecordNumber":1901295,"Task":12810,"Protocol":"6","@version":"1","OpcodeValue":0,"SourcePort":"50453","SourceModuleName":"eventlog","Severity":"INFO","SourceName":"Microsoft-Windows-Security-Auditing","Version":0,"LayerName":"%%14608","Category":"Filtering Platform Connection","SourceAddress":"0.0.0.0","tags":["mordorDataset"],"Hostname":"MORDORDC.theshire.local"}
{"Keywords":-9223372036854775808,"SeverityValue":2,"EventReceivedTime":"2020-09-21 19:18:53","EventID":5,"ProviderGuid":"{5770385F-C22A-43E0-BF4C-06F5698FFBD9}","ExecutionProcessID":3172,"Channel":"Microsoft-Windows-Sysmon/Operational","host":"wec.internal.cloudapp.net","AccountType":"User","UserID":"S-1-5-18","ProcessGuid":"{b34bc01c-34db-5f69-7701-000000000900}","ThreadID":4048,"EventType":"INFO","Opcode":"Info","EventTime":"2020-09-21 19:18:51","@timestamp":"2020-09-21T23:18:53.395Z","SourceModuleType":"im_msvistalog","port":64545,"AccountName":"SYSTEM","RecordNumber":3227029,"Task":5,"Domain":"NT AUTHORITY","@version":"1","OpcodeValue":0,"SourceModuleName":"eventlog","Severity":"INFO","SourceName":"Microsoft-Windows-Sysmon","Version":3,"Image":"C:\\Windows\\System32\\net.exe","Category":"Process terminated (rule: ProcessTerminate)","UtcTime":"2020-09-21 23:18:51.911","Hostname":"WORKSTATION5.theshire.local","RuleName":"-","tags":["mordorDataset"]}
{"Keywords":-9214364837600034816,"SeverityValue":2,"Application":"\\device\\harddiskvolume2\\windows\\system32\\svchost.exe","EventID":5158,"ProviderGuid":"{54849625-5478-4994-A5BA-3E3B0328C30D}","ExecutionProcessID":4,"Channel":"Security","host":"wec.internal.cloudapp.net","EventReceivedTime":"2020-09-21 19:18:53","ProcessId":"4072","ThreadID":1536,"EventType":"AUDIT_SUCCESS","Opcode":"Info","EventTime":"2020-09-21 19:18:51","Message":"The Windows Filtering Platform has permitted a bind to a local port.\r\n\r\nApplication Information:\r\n\tProcess ID:\t\t4072\r\n\tApplication Name:\t\\device\\harddiskvolume2\\windows\\system32\\svchost.exe\r\n\r\nNetwork Information:\r\n\tSource Address:\t\t0.0.0.0\r\n\tSource Port:\t\t50454\r\n\tProtocol:\t\t6\r\n\r\nFilter Information:\r\n\tFilter Run-Time ID:\t0\r\n\tLayer Name:\t\tResource Assignment\r\n\tLayer Run-Time ID:\t36","FilterRTID":"0","@timestamp":"2020-09-21T23:18:53.395Z","LayerRTID":"36","SourceModuleType":"im_msvistalog","port":64545,"RecordNumber":1901296,"Task":12810,"Protocol":"6","@version":"1","OpcodeValue":0,"SourcePort":"50454","SourceModuleName":"eventlog","Severity":"INFO","SourceName":"Microsoft-Windows-Security-Auditing","Version":0,"LayerName":"%%14608","Category":"Filtering Platform Connection","SourceAddress":"0.0.0.0","tags":["mordorDataset"],"Hostname":"MORDORDC.theshire.local"}
{"Keywords":-9214364837600034816,"SeverityValue":2,"Application":"\\device\\harddiskvolume2\\windows\\system32\\svchost.exe","EventID":5158,"ProviderGuid":"{54849625-5478-4994-A5BA-3E3B0328C30D}","ExecutionProcessID":4,"Channel":"Security","host":"wec.internal.cloudapp.net","EventReceivedTime":"2020-09-21 19:18:53","ProcessId":"4072","ThreadID":1536,"EventType":"AUDIT_SUCCESS","Opcode":"Info","EventTime":"2020-09-21 19:18:51","Message":"The Windows Filtering Platform has permitted a bind to a local port.\r\n\r\nApplication Information:\r\n\tProcess ID:\t\t4072\r\n\tApplication Name:\t\\device\\harddiskvolume2\\windows\\system32\\svchost.exe\r\n\r\nNetwork Information:\r\n\tSource Address:\t\t0.0.0.0\r\n\tSource Port:\t\t50455\r\n\tProtocol:\t\t6\r\n\r\nFilter Information:\r\n\tFilter Run-Time ID:\t0\r\n\tLayer Name:\t\tResource Assignment\r\n\tLayer Run-Time ID:\t36","FilterRTID":"0","@timestamp":"2020-09-21T23:18:53.395Z","LayerRTID":"36","SourceModuleType":"im_msvistalog","port":64545,"RecordNumber":1901299,"Task":12810,"Protocol":"6","@version":"1","OpcodeValue":0,"SourcePort":"50455","SourceModuleName":"eventlog","Severity":"INFO","SourceName":"Microsoft-Windows-Security-Auditing","Version":0,"LayerName":"%%14608","Category":"Filtering Platform Connection","SourceAddress":"0.0.0.0","tags":["mordorDataset"],"Hostname":"MORDORDC.theshire.local"}
{"Keywords":-9214364837600034816,"SeverityValue":2,"Application":"\\device\\harddiskvolume2\\windows\\system32\\svchost.exe","EventID":5158,"ProviderGuid":"{54849625-5478-4994-A5BA-3E3B0328C30D}","ExecutionProcessID":4,"Channel":"Security","host":"wec.internal.cloudapp.net","EventReceivedTime":"2020-09-21 19:18:53","ProcessId":"4072","ThreadID":1536,"EventType":"AUDIT_SUCCESS","Opcode":"Info","EventTime":"2020-09-21 19:18:51","Message":"The Windows Filtering Platform has permitted a bind to a local port.\r\n\r\nApplication Information:\r\n\tProcess ID:\t\t4072\r\n\tApplication Name:\t\\device\\harddiskvolume2\\windows\\system32\\svchost.exe\r\n\r\nNetwork Information:\r\n\tSource Address:\t\t0.0.0.0\r\n\tSource Port:\t\t50456\r\n\tProtocol:\t\t6\r\n\r\nFilter Information:\r\n\tFilter Run-Time ID:\t0\r\n\tLayer Name:\t\tResource Assignment\r\n\tLayer Run-Time ID:\t36","FilterRTID":"0","@timestamp":"2020-09-21T23:18:53.395Z","LayerRTID":"36","SourceModuleType":"im_msvistalog","port":64545,"RecordNumber":1901300,"Task":12810,"Protocol":"6","@version":"1","OpcodeValue":0,"SourcePort":"50456","SourceModuleName":"eventlog","Severity":"INFO","SourceName":"Microsoft-Windows-Security-Auditing","Version":0,"LayerName":"%%14608","Category":"Filtering Platform Connection","SourceAddress":"0.0.0.0","tags":["mordorDataset"],"Hostname":"MORDORDC.theshire.local"}
{"Keywords":-9214364837600034816,"SeverityValue":2,"Application":"\\device\\harddiskvolume2\\windows\\system32\\svchost.exe","EventID":5158,"ProviderGuid":"{54849625-5478-4994-A5BA-3E3B0328C30D}","ExecutionProcessID":4,"Channel":"Security","host":"wec.internal.cloudapp.net","EventReceivedTime":"2020-09-21 19:18:53","ProcessId":"4072","ThreadID":1536,"EventType":"AUDIT_SUCCESS","Opcode":"Info","EventTime":"2020-09-21 19:18:51","Message":"The Windows Filtering Platform has permitted a bind to a local port.\r\n\r\nApplication Information:\r\n\tProcess ID:\t\t4072\r\n\tApplication Name:\t\\device\\harddiskvolume2\\windows\\system32\\svchost.exe\r\n\r\nNetwork Information:\r\n\tSource Address:\t\t0.0.0.0\r\n\tSource Port:\t\t50457\r\n\tProtocol:\t\t6\r\n\r\nFilter Information:\r\n\tFilter Run-Time ID:\t0\r\n\tLayer Name:\t\tResource Assignment\r\n\tLayer Run-Time ID:\t36","FilterRTID":"0","@timestamp":"2020-09-21T23:18:53.396Z","LayerRTID":"36","SourceModuleType":"im_msvistalog","port":64545,"RecordNumber":1901303,"Task":12810,"Protocol":"6","@version":"1","OpcodeValue":0,"SourcePort":"50457","SourceModuleName":"eventlog","Severity":"INFO","SourceName":"Microsoft-Windows-Security-Auditing","Version":0,"LayerName":"%%14608","Category":"Filtering Platform Connection","SourceAddress":"0.0.0.0","tags":["mordorDataset"],"Hostname":"MORDORDC.theshire.local"}
{"Keywords":-9214364837600034816,"SeverityValue":2,"Application":"\\device\\harddiskvolume2\\windows\\system32\\svchost.exe","EventID":5158,"ProviderGuid":"{54849625-5478-4994-A5BA-3E3B0328C30D}","ExecutionProcessID":4,"Channel":"Security","host":"wec.internal.cloudapp.net","EventReceivedTime":"2020-09-21 19:18:53","ProcessId":"4072","ThreadID":1536,"EventType":"AUDIT_SUCCESS","Opcode":"Info","EventTime":"2020-09-21 19:18:51","Message":"The Windows Filtering Platform has permitted a bind to a local port.\r\n\r\nApplication Information:\r\n\tProcess ID:\t\t4072\r\n\tApplication Name:\t\\device\\harddiskvolume2\\windows\\system32\\svchost.exe\r\n\r\nNetwork Information:\r\n\tSource Address:\t\t0.0.0.0\r\n\tSource Port:\t\t50458\r\n\tProtocol:\t\t6\r\n\r\nFilter Information:\r\n\tFilter Run-Time ID:\t0\r\n\tLayer Name:\t\tResource Assignment\r\n\tLayer Run-Time ID:\t36","FilterRTID":"0","@timestamp":"2020-09-21T23:18:53.396Z","LayerRTID":"36","SourceModuleType":"im_msvistalog","port":64545,"RecordNumber":1901304,"Task":12810,"Protocol":"6","@version":"1","OpcodeValue":0,"SourcePort":"50458","SourceModuleName":"eventlog","Severity":"INFO","SourceName":"Microsoft-Windows-Security-Auditing","Version":0,"LayerName":"%%14608","Category":"Filtering Platform Connection","SourceAddress":"0.0.0.0","tags":["mordorDataset"],"Hostname":"MORDORDC.theshire.local"}
{"Keywords":-9214364837600034816,"SeverityValue":2,"Application":"\\device\\harddiskvolume2\\windows\\system32\\svchost.exe","EventID":5158,"ProviderGuid":"{54849625-5478-4994-A5BA-3E3B0328C30D}","ExecutionProcessID":4,"Channel":"Security","host":"wec.internal.cloudapp.net","EventReceivedTime":"2020-09-21 19:18:53","ProcessId":"4072","ThreadID":1536,"EventType":"AUDIT_SUCCESS","Opcode":"Info","EventTime":"2020-09-21 19:18:51","Message":"The Windows Filtering Platform has permitted a bind to a local port.\r\n\r\nApplication Information:\r\n\tProcess ID:\t\t4072\r\n\tApplication Name:\t\\device\\harddiskvolume2\\windows\\system32\\svchost.exe\r\n\r\nNetwork Information:\r\n\tSource Address:\t\t0.0.0.0\r\n\tSource Port:\t\t50460\r\n\tProtocol:\t\t6\r\n\r\nFilter Information:\r\n\tFilter Run-Time ID:\t0\r\n\tLayer Name:\t\tResource Assignment\r\n\tLayer Run-Time ID:\t36","FilterRTID":"0","@timestamp":"2020-09-21T23:18:53.396Z","LayerRTID":"36","SourceModuleType":"im_msvistalog","port":64545,"RecordNumber":1901307,"Task":12810,"Protocol":"6","@version":"1","OpcodeValue":0,"SourcePort":"50460","SourceModuleName":"eventlog","Severity":"INFO","SourceName":"Microsoft-Windows-Security-Auditing","Version":0,"LayerName":"%%14608","Category":"Filtering Platform Connection","SourceAddress":"0.0.0.0","tags":["mordorDataset"],"Hostname":"MORDORDC.theshire.local"}
{"Keywords":-9214364837600034816,"SeverityValue":2,"Application":"\\device\\harddiskvolume2\\windows\\system32\\svchost.exe","EventID":5158,"ProviderGuid":"{54849625-5478-4994-A5BA-3E3B0328C30D}","ExecutionProcessID":4,"Channel":"Security","host":"wec.internal.cloudapp.net","EventReceivedTime":"2020-09-21 19:18:53","ProcessId":"4072","ThreadID":1536,"EventType":"AUDIT_SUCCESS","Opcode":"Info","EventTime":"2020-09-21 19:18:51","Message":"The Windows Filtering Platform has permitted a bind to a local port.\r\n\r\nApplication Information:\r\n\tProcess ID:\t\t4072\r\n\tApplication Name:\t\\device\\harddiskvolume2\\windows\\system32\\svchost.exe\r\n\r\nNetwork Information:\r\n\tSource Address:\t\t0.0.0.0\r\n\tSource Port:\t\t50459\r\n\tProtocol:\t\t6\r\n\r\nFilter Information:\r\n\tFilter Run-Time ID:\t0\r\n\tLayer Name:\t\tResource Assignment\r\n\tLayer Run-Time ID:\t36","FilterRTID":"0","@timestamp":"2020-09-21T23:18:53.396Z","LayerRTID":"36","SourceModuleType":"im_msvistalog","port":64545,"RecordNumber":1901308,"Task":12810,"Protocol":"6","@version":"1","OpcodeValue":0,"SourcePort":"50459","SourceModuleName":"eventlog","Severity":"INFO","SourceName":"Microsoft-Windows-Security-Auditing","Version":0,"LayerName":"%%14608","Category":"Filtering Platform Connection","SourceAddress":"0.0.0.0","tags":["mordorDataset"],"Hostname":"MORDORDC.theshire.local"}
{"Keywords":-9214364837600034816,"SeverityValue":2,"Application":"\\device\\harddiskvolume2\\windows\\system32\\svchost.exe","EventID":5158,"ProviderGuid":"{54849625-5478-4994-A5BA-3E3B0328C30D}","ExecutionProcessID":4,"Channel":"Security","host":"wec.internal.cloudapp.net","EventReceivedTime":"2020-09-21 19:18:53","ProcessId":"4072","ThreadID":1536,"EventType":"AUDIT_SUCCESS","Opcode":"Info","EventTime":"2020-09-21 19:18:51","Message":"The Windows Filtering Platform has permitted a bind to a local port.\r\n\r\nApplication Information:\r\n\tProcess ID:\t\t4072\r\n\tApplication Name:\t\\device\\harddiskvolume2\\windows\\system32\\svchost.exe\r\n\r\nNetwork Information:\r\n\tSource Address:\t\t0.0.0.0\r\n\tSource Port:\t\t50461\r\n\tProtocol:\t\t6\r\n\r\nFilter Information:\r\n\tFilter Run-Time ID:\t0\r\n\tLayer Name:\t\tResource Assignment\r\n\tLayer Run-Time ID:\t36","FilterRTID":"0","@timestamp":"2020-09-21T23:18:53.396Z","LayerRTID":"36","SourceModuleType":"im_msvistalog","port":64545,"RecordNumber":1901311,"Task":12810,"Protocol":"6","@version":"1","OpcodeValue":0,"SourcePort":"50461","SourceModuleName":"eventlog","Severity":"INFO","SourceName":"Microsoft-Windows-Security-Auditing","Version":0,"LayerName":"%%14608","Category":"Filtering Platform Connection","SourceAddress":"0.0.0.0","tags":["mordorDataset"],"Hostname":"MORDORDC.theshire.local"}
{"Keywords":-9214364837600034816,"SeverityValue":2,"Application":"\\device\\harddiskvolume2\\windows\\system32\\svchost.exe","EventID":5158,"ProviderGuid":"{54849625-5478-4994-A5BA-3E3B0328C30D}","ExecutionProcessID":4,"Channel":"Security","host":"wec.internal.cloudapp.net","EventReceivedTime":"2020-09-21 19:18:53","ProcessId":"4072","ThreadID":1536,"EventType":"AUDIT_SUCCESS","Opcode":"Info","EventTime":"2020-09-21 19:18:51","Message":"The Windows Filtering Platform has permitted a bind to a local port.\r\n\r\nApplication Information:\r\n\tProcess ID:\t\t4072\r\n\tApplication Name:\t\\device\\harddiskvolume2\\windows\\system32\\svchost.exe\r\n\r\nNetwork Information:\r\n\tSource Address:\t\t0.0.0.0\r\n\tSource Port:\t\t50462\r\n\tProtocol:\t\t6\r\n\r\nFilter Information:\r\n\tFilter Run-Time ID:\t0\r\n\tLayer Name:\t\tResource Assignment\r\n\tLayer Run-Time ID:\t36","FilterRTID":"0","@timestamp":"2020-09-21T23:18:53.396Z","LayerRTID":"36","SourceModuleType":"im_msvistalog","port":64545,"RecordNumber":1901313,"Task":12810,"Protocol":"6","@version":"1","OpcodeValue":0,"SourcePort":"50462","SourceModuleName":"eventlog","Severity":"INFO","SourceName":"Microsoft-Windows-Security-Auditing","Version":0,"LayerName":"%%14608","Category":"Filtering Platform Connection","SourceAddress":"0.0.0.0","tags":["mordorDataset"],"Hostname":"MORDORDC.theshire.local"}
{"Keywords":-9214364837600034816,"SeverityValue":2,"Application":"\\device\\harddiskvolume2\\windows\\system32\\svchost.exe","EventID":5158,"ProviderGuid":"{54849625-5478-4994-A5BA-3E3B0328C30D}","ExecutionProcessID":4,"Channel":"Security","host":"wec.internal.cloudapp.net","EventReceivedTime":"2020-09-21 19:18:53","ProcessId":"4072","ThreadID":1536,"EventType":"AUDIT_SUCCESS","Opcode":"Info","EventTime":"2020-09-21 19:18:51","Message":"The Windows Filtering Platform has permitted a bind to a local port.\r\n\r\nApplication Information:\r\n\tProcess ID:\t\t4072\r\n\tApplication Name:\t\\device\\harddiskvolume2\\windows\\system32\\svchost.exe\r\n\r\nNetwork Information:\r\n\tSource Address:\t\t0.0.0.0\r\n\tSource Port:\t\t50463\r\n\tProtocol:\t\t6\r\n\r\nFilter Information:\r\n\tFilter Run-Time ID:\t0\r\n\tLayer Name:\t\tResource Assignment\r\n\tLayer Run-Time ID:\t36","FilterRTID":"0","@timestamp":"2020-09-21T23:18:53.397Z","LayerRTID":"36","SourceModuleType":"im_msvistalog","port":64545,"RecordNumber":1901315,"Task":12810,"Protocol":"6","@version":"1","OpcodeValue":0,"SourcePort":"50463","SourceModuleName":"eventlog","Severity":"INFO","SourceName":"Microsoft-Windows-Security-Auditing","Version":0,"LayerName":"%%14608","Category":"Filtering Platform Connection","SourceAddress":"0.0.0.0","tags":["mordorDataset"],"Hostname":"MORDORDC.theshire.local"}
{"Keywords":-9214364837600034816,"SeverityValue":2,"Application":"\\device\\harddiskvolume2\\windows\\system32\\svchost.exe","EventID":5158,"ProviderGuid":"{54849625-5478-4994-A5BA-3E3B0328C30D}","ExecutionProcessID":4,"Channel":"Security","host":"wec.internal.cloudapp.net","EventReceivedTime":"2020-09-21 19:18:53","ProcessId":"4072","ThreadID":1536,"EventType":"AUDIT_SUCCESS","Opcode":"Info","EventTime":"2020-09-21 19:18:51","Message":"The Windows Filtering Platform has permitted a bind to a local port.\r\n\r\nApplication Information:\r\n\tProcess ID:\t\t4072\r\n\tApplication Name:\t\\device\\harddiskvolume2\\windows\\system32\\svchost.exe\r\n\r\nNetwork Information:\r\n\tSource Address:\t\t0.0.0.0\r\n\tSource Port:\t\t50464\r\n\tProtocol:\t\t6\r\n\r\nFilter Information:\r\n\tFilter Run-Time ID:\t0\r\n\tLayer Name:\t\tResource Assignment\r\n\tLayer Run-Time ID:\t36","FilterRTID":"0","@timestamp":"2020-09-21T23:18:53.397Z","LayerRTID":"36","SourceModuleType":"im_msvistalog","port":64545,"RecordNumber":1901317,"Task":12810,"Protocol":"6","@version":"1","OpcodeValue":0,"SourcePort":"50464","SourceModuleName":"eventlog","Severity":"INFO","SourceName":"Microsoft-Windows-Security-Auditing","Version":0,"LayerName":"%%14608","Category":"Filtering Platform Connection","SourceAddress":"0.0.0.0","tags":["mordorDataset"],"Hostname":"MORDORDC.theshire.local"}
{"Keywords":-9214364837600034816,"SeverityValue":2,"Application":"\\device\\harddiskvolume2\\windows\\system32\\svchost.exe","EventID":5156,"ProviderGuid":"{54849625-5478-4994-A5BA-3E3B0328C30D}","ExecutionProcessID":4,"Channel":"Security","host":"wec.internal.cloudapp.net","EventReceivedTime":"2020-09-21 19:18:53","ProcessId":"980","ThreadID":1536,"EventType":"AUDIT_SUCCESS","Opcode":"Info","EventTime":"2020-09-21 19:18:51","Message":"The Windows Filtering Platform has permitted a connection.\r\n\r\nApplication Information:\r\n\tProcess ID:\t\t980\r\n\tApplication Name:\t\\device\\harddiskvolume2\\windows\\system32\\svchost.exe\r\n\r\nNetwork Information:\r\n\tDirection:\t\tInbound\r\n\tSource Address:\t\t172.18.39.5\r\n\tSource Port:\t\t50586\r\n\tDestination Address:\t172.18.38.5\r\n\tDestination Port:\t\t135\r\n\tProtocol:\t\t6\r\n\r\nFilter Information:\r\n\tFilter Run-Time ID:\t69686\r\n\tLayer Name:\t\tReceive/Accept\r\n\tLayer Run-Time ID:\t44","FilterRTID":"69686","RemoteUserID":"S-1-0-0","@timestamp":"2020-09-21T23:18:53.397Z","LayerRTID":"44","SourceModuleType":"im_msvistalog","port":64545,"RecordNumber":1901319,"Task":12810,"Direction":"%%14592","@version":"1","OpcodeValue":0,"SourcePort":"50586","DestPort":"135","Protocol":"6","SourceModuleName":"eventlog","Severity":"INFO","DestAddress":"172.18.38.5","SourceName":"Microsoft-Windows-Security-Auditing","Version":1,"LayerName":"%%14610","RemoteMachineID":"S-1-0-0","Category":"Filtering Platform Connection","SourceAddress":"172.18.39.5","tags":["mordorDataset"],"Hostname":"MORDORDC.theshire.local"}
{"Keywords":-9214364837600034816,"SeverityValue":2,"Application":"\\device\\harddiskvolume2\\windows\\system32\\lsass.exe","EventID":5156,"ProviderGuid":"{54849625-5478-4994-A5BA-3E3B0328C30D}","ExecutionProcessID":4,"Channel":"Security","host":"wec.internal.cloudapp.net","EventReceivedTime":"2020-09-21 19:18:53","ProcessId":"696","ThreadID":1536,"EventType":"AUDIT_SUCCESS","Opcode":"Info","EventTime":"2020-09-21 19:18:51","Message":"The Windows Filtering Platform has permitted a connection.\r\n\r\nApplication Information:\r\n\tProcess ID:\t\t696\r\n\tApplication Name:\t\\device\\harddiskvolume2\\windows\\system32\\lsass.exe\r\n\r\nNetwork Information:\r\n\tDirection:\t\tInbound\r\n\tSource Address:\t\t172.18.39.5\r\n\tSource Port:\t\t50587\r\n\tDestination Address:\t172.18.38.5\r\n\tDestination Port:\t\t49674\r\n\tProtocol:\t\t6\r\n\r\nFilter Information:\r\n\tFilter Run-Time ID:\t69686\r\n\tLayer Name:\t\tReceive/Accept\r\n\tLayer Run-Time ID:\t44","FilterRTID":"69686","RemoteUserID":"S-1-0-0","@timestamp":"2020-09-21T23:18:53.398Z","LayerRTID":"44","SourceModuleType":"im_msvistalog","port":64545,"RecordNumber":1901320,"Task":12810,"Direction":"%%14592","@version":"1","OpcodeValue":0,"SourcePort":"50587","DestPort":"49674","Protocol":"6","SourceModuleName":"eventlog","Severity":"INFO","DestAddress":"172.18.38.5","SourceName":"Microsoft-Windows-Security-Auditing","Version":1,"LayerName":"%%14610","RemoteMachineID":"S-1-0-0","Category":"Filtering Platform Connection","SourceAddress":"172.18.39.5","tags":["mordorDataset"],"Hostname":"MORDORDC.theshire.local"}
{"Keywords":-9223372036854775808,"SeverityValue":2,"EventReceivedTime":"2020-09-21 19:18:53","EventID":11,"ProviderGuid":"{5770385F-C22A-43E0-BF4C-06F5698FFBD9}","ExecutionProcessID":3172,"Channel":"Microsoft-Windows-Sysmon/Operational","host":"wec.internal.cloudapp.net","AccountType":"User","UserID":"S-1-5-18","ProcessGuid":"{b34bc01c-226f-5f69-2e00-000000000900}","ThreadID":4048,"EventType":"INFO","Opcode":"Info","EventTime":"2020-09-21 19:18:51","@timestamp":"2020-09-21T23:18:53.399Z","TargetFilename":"C:\\Windows\\Prefetch\\NET1.EXE-849DA590.pf","SourceModuleType":"im_msvistalog","port":64545,"AccountName":"SYSTEM","RecordNumber":3227030,"Task":11,"Domain":"NT AUTHORITY","@version":"1","OpcodeValue":0,"CreationUtcTime":"2020-09-17 15:11:36.456","SourceModuleName":"eventlog","Severity":"INFO","SourceName":"Microsoft-Windows-Sysmon","Version":2,"Image":"C:\\windows\\system32\\svchost.exe","Category":"File created (rule: FileCreate)","UtcTime":"2020-09-21 23:18:51.911","Hostname":"WORKSTATION5.theshire.local","RuleName":"-","tags":["mordorDataset"]}
